train_partseg.py:37: YAMLLoadWarning: calling yaml.load() without Loader=... is deprecated, as the default Loader is unsafe. Please read https://msg.pyyaml.org/load for full details.
  config = yaml.load(f)

**************************

[workers]: 4

[num_points]: 2048

[num_classes]: 50

[batch_size]: 28

[base_lr]: 0.001

[lr_clip]: 1e-05

[lr_decay]: 0.5

[decay_step]: 21

[epochs]: 200

[weight_decay]: 0

[bn_momentum]: 0.9

[bnm_clip]: 0.01

[bn_decay]: 0.5

[evaluate]: 1

[val_freq_epoch]: 0.7

[print_freq_iter]: 20

[input_channels]: 0

[relation_prior]: 1

[checkpoint]: 

[save_path]: seg

[data_root]: /media/disk3/pyy/Relation-Shape-CNN/shapenetcore_partanno_segmentation_benchmark_v0_normal

**************************

[epoch   1:   0/499] 	 train loss: 5.142435 	 lr: 0.00100
[epoch   1:  20/499] 	 train loss: 3.613924 	 lr: 0.00100
[epoch   1:  40/499] 	 train loss: 3.095376 	 lr: 0.00100
[epoch   1:  60/499] 	 train loss: 2.959201 	 lr: 0.00100
[epoch   1:  80/499] 	 train loss: 2.987481 	 lr: 0.00100
[epoch   1: 100/499] 	 train loss: 2.756157 	 lr: 0.00100
[epoch   1: 120/499] 	 train loss: 2.713291 	 lr: 0.00100
[epoch   1: 140/499] 	 train loss: 2.345822 	 lr: 0.00100
[epoch   1: 160/499] 	 train loss: 2.109930 	 lr: 0.00100
[epoch   1: 180/499] 	 train loss: 1.822110 	 lr: 0.00100
[epoch   1: 200/499] 	 train loss: 1.914330 	 lr: 0.00100
[epoch   1: 220/499] 	 train loss: 1.547187 	 lr: 0.00100
[epoch   1: 240/499] 	 train loss: 1.568556 	 lr: 0.00100
[epoch   1: 260/499] 	 train loss: 1.285866 	 lr: 0.00100
[epoch   1: 280/499] 	 train loss: 1.089638 	 lr: 0.00100
[epoch   1: 300/499] 	 train loss: 1.338247 	 lr: 0.00100
[epoch   1: 320/499] 	 train loss: 1.288435 	 lr: 0.00100
[epoch   1: 340/499] 	 train loss: 1.001934 	 lr: 0.00100
****** Airplane: 0.098974
****** Bag: 0.000000
****** Cap: 0.000000
****** Car: 0.063291
****** Chair: 0.208807
****** Earphone: 0.119048
****** Guitar: 0.000000
****** Knife: 0.000000
****** Lamp: 0.323427
****** Laptop: 0.000000
****** Motorbike: 0.055556
****** Mug: 0.026316
****** Pistol: 0.007576
****** Rocket: 0.000000
****** Skateboard: 0.215054
****** Table: 0.224450
************ Test Loss: 28.705189
************ Class_mIoU: 0.083906
************ Instance_mIoU: 0.169131
[epoch   1: 360/499] 	 train loss: 1.209651 	 lr: 0.00100
[epoch   1: 380/499] 	 train loss: 1.132935 	 lr: 0.00100
[epoch   1: 400/499] 	 train loss: 1.295184 	 lr: 0.00100
[epoch   1: 420/499] 	 train loss: 1.260758 	 lr: 0.00100
[epoch   1: 440/499] 	 train loss: 1.229515 	 lr: 0.00100
[epoch   1: 460/499] 	 train loss: 0.972385 	 lr: 0.00100
[epoch   1: 480/499] 	 train loss: 1.137512 	 lr: 0.00100
[epoch   2:   0/499] 	 train loss: 1.024454 	 lr: 0.00100
[epoch   2:  20/499] 	 train loss: 0.938078 	 lr: 0.00100
[epoch   2:  40/499] 	 train loss: 1.071664 	 lr: 0.00100
[epoch   2:  60/499] 	 train loss: 1.158709 	 lr: 0.00100
[epoch   2:  80/499] 	 train loss: 1.155558 	 lr: 0.00100
[epoch   2: 100/499] 	 train loss: 0.927114 	 lr: 0.00100
[epoch   2: 120/499] 	 train loss: 1.014403 	 lr: 0.00100
[epoch   2: 140/499] 	 train loss: 0.932529 	 lr: 0.00100
[epoch   2: 160/499] 	 train loss: 0.966170 	 lr: 0.00100
[epoch   2: 180/499] 	 train loss: 0.901054 	 lr: 0.00100
****** Airplane: 0.101906
****** Bag: 0.000000
****** Cap: 0.000000
****** Car: 0.063291
****** Chair: 0.209162
****** Earphone: 0.119048
****** Guitar: 0.000000
****** Knife: 0.000000
****** Lamp: 0.322552
****** Laptop: 0.000000
****** Motorbike: 0.055556
****** Mug: 0.026316
****** Pistol: 0.007576
****** Rocket: 0.000000
****** Skateboard: 0.215054
****** Table: 0.221305
************ Test Loss: 105.773657
************ Class_mIoU: 0.083860
************ Instance_mIoU: 0.168551
[epoch   2: 200/499] 	 train loss: 0.971179 	 lr: 0.00100
[epoch   2: 220/499] 	 train loss: 1.050030 	 lr: 0.00100
[epoch   2: 240/499] 	 train loss: 1.082653 	 lr: 0.00100
[epoch   2: 260/499] 	 train loss: 1.034771 	 lr: 0.00100
[epoch   2: 280/499] 	 train loss: 1.035536 	 lr: 0.00100
[epoch   2: 300/499] 	 train loss: 1.045936 	 lr: 0.00100
[epoch   2: 320/499] 	 train loss: 1.033177 	 lr: 0.00100
[epoch   2: 340/499] 	 train loss: 1.000526 	 lr: 0.00100
[epoch   2: 360/499] 	 train loss: 1.001991 	 lr: 0.00100
[epoch   2: 380/499] 	 train loss: 1.002934 	 lr: 0.00100
[epoch   2: 400/499] 	 train loss: 0.864133 	 lr: 0.00100
[epoch   2: 420/499] 	 train loss: 1.114492 	 lr: 0.00100
[epoch   2: 440/499] 	 train loss: 0.945460 	 lr: 0.00100
[epoch   2: 460/499] 	 train loss: 0.988931 	 lr: 0.00100
[epoch   2: 480/499] 	 train loss: 0.924256 	 lr: 0.00100
[epoch   3:   0/499] 	 train loss: 0.947758 	 lr: 0.00100
[epoch   3:  20/499] 	 train loss: 0.937203 	 lr: 0.00100
[epoch   3:  40/499] 	 train loss: 0.930191 	 lr: 0.00100
****** Airplane: 0.101173
****** Bag: 0.000000
****** Cap: 0.000000
****** Car: 0.063291
****** Chair: 0.208097
****** Earphone: 0.119048
****** Guitar: 0.000000
****** Knife: 0.000000
****** Lamp: 0.322552
****** Laptop: 0.000000
****** Motorbike: 0.052288
****** Mug: 0.026316
****** Pistol: 0.007576
****** Rocket: 0.000000
****** Skateboard: 0.215054
****** Table: 0.234670
************ Test Loss: 93.543367
************ Class_mIoU: 0.084379
************ Instance_mIoU: 0.172089
[epoch   3:  60/499] 	 train loss: 0.966487 	 lr: 0.00100
[epoch   3:  80/499] 	 train loss: 0.891845 	 lr: 0.00100
[epoch   3: 100/499] 	 train loss: 0.992278 	 lr: 0.00100
[epoch   3: 120/499] 	 train loss: 0.986376 	 lr: 0.00100
[epoch   3: 140/499] 	 train loss: 1.008568 	 lr: 0.00100
[epoch   3: 160/499] 	 train loss: 0.938932 	 lr: 0.00100
[epoch   3: 180/499] 	 train loss: 1.083584 	 lr: 0.00100
[epoch   3: 200/499] 	 train loss: 0.893496 	 lr: 0.00100
[epoch   3: 220/499] 	 train loss: 0.929278 	 lr: 0.00100
[epoch   3: 240/499] 	 train loss: 1.099079 	 lr: 0.00100
[epoch   3: 260/499] 	 train loss: 0.873056 	 lr: 0.00100
[epoch   3: 280/499] 	 train loss: 1.034775 	 lr: 0.00100
[epoch   3: 300/499] 	 train loss: 0.843951 	 lr: 0.00100
[epoch   3: 320/499] 	 train loss: 0.935342 	 lr: 0.00100
[epoch   3: 340/499] 	 train loss: 0.906129 	 lr: 0.00100
[epoch   3: 360/499] 	 train loss: 0.869794 	 lr: 0.00100
[epoch   3: 380/499] 	 train loss: 1.007080 	 lr: 0.00100
****** Airplane: 0.100440
****** Bag: 0.000000
****** Cap: 0.000000
****** Car: 0.063291
****** Chair: 0.209162
****** Earphone: 0.119048
****** Guitar: 0.000000
****** Knife: 0.000000
****** Lamp: 0.316434
****** Laptop: 0.000000
****** Motorbike: 0.055556
****** Mug: 0.026316
****** Pistol: 0.007576
****** Rocket: 0.000000
****** Skateboard: 0.215054
****** Table: 0.233097
************ Test Loss: 58.206139
************ Class_mIoU: 0.084123
************ Instance_mIoU: 0.171248
[epoch   3: 400/499] 	 train loss: 0.879305 	 lr: 0.00100
[epoch   3: 420/499] 	 train loss: 0.923165 	 lr: 0.00100
[epoch   3: 440/499] 	 train loss: 0.807203 	 lr: 0.00100
[epoch   3: 460/499] 	 train loss: 0.939753 	 lr: 0.00100
[epoch   3: 480/499] 	 train loss: 1.010388 	 lr: 0.00100
[epoch   4:   0/499] 	 train loss: 0.910159 	 lr: 0.00100
[epoch   4:  20/499] 	 train loss: 1.005517 	 lr: 0.00100
[epoch   4:  40/499] 	 train loss: 0.946112 	 lr: 0.00100
[epoch   4:  60/499] 	 train loss: 0.959298 	 lr: 0.00100
[epoch   4:  80/499] 	 train loss: 0.937258 	 lr: 0.00100
[epoch   4: 100/499] 	 train loss: 0.966282 	 lr: 0.00100
[epoch   4: 120/499] 	 train loss: 0.844289 	 lr: 0.00100
[epoch   4: 140/499] 	 train loss: 0.926421 	 lr: 0.00100
[epoch   4: 160/499] 	 train loss: 0.916571 	 lr: 0.00100
[epoch   4: 180/499] 	 train loss: 0.921210 	 lr: 0.00100
[epoch   4: 200/499] 	 train loss: 0.833029 	 lr: 0.00100
[epoch   4: 220/499] 	 train loss: 0.986975 	 lr: 0.00100
[epoch   4: 240/499] 	 train loss: 0.833120 	 lr: 0.00100
[epoch   4: 260/499] 	 train loss: 0.875959 	 lr: 0.00100
[epoch   4: 280/499] 	 train loss: 0.881378 	 lr: 0.00100
[epoch   4: 300/499] 	 train loss: 1.045318 	 lr: 0.00100
[epoch   4: 320/499] 	 train loss: 0.904110 	 lr: 0.00100
[epoch   4: 340/499] 	 train loss: 1.033559 	 lr: 0.00100
[epoch   4: 360/499] 	 train loss: 1.024299 	 lr: 0.00100
[epoch   4: 380/499] 	 train loss: 0.931243 	 lr: 0.00100
[epoch   4: 400/499] 	 train loss: 0.856400 	 lr: 0.00100
[epoch   4: 420/499] 	 train loss: 0.891923 	 lr: 0.00100
[epoch   4: 440/499] 	 train loss: 0.789631 	 lr: 0.00100
[epoch   4: 460/499] 	 train loss: 0.878287 	 lr: 0.00100
[epoch   4: 480/499] 	 train loss: 0.791415 	 lr: 0.00100
[epoch   5:   0/499] 	 train loss: 0.998420 	 lr: 0.00100
[epoch   5:  20/499] 	 train loss: 0.831246 	 lr: 0.00100
[epoch   5:  40/499] 	 train loss: 0.933726 	 lr: 0.00100
[epoch   5:  60/499] 	 train loss: 1.039019 	 lr: 0.00100
[epoch   5:  80/499] 	 train loss: 0.803931 	 lr: 0.00100
[epoch   5: 100/499] 	 train loss: 0.796069 	 lr: 0.00100
[epoch   5: 120/499] 	 train loss: 0.972052 	 lr: 0.00100
[epoch   5: 140/499] 	 train loss: 0.853681 	 lr: 0.00100
[epoch   5: 160/499] 	 train loss: 0.971470 	 lr: 0.00100
[epoch   5: 180/499] 	 train loss: 0.926910 	 lr: 0.00100
[epoch   5: 200/499] 	 train loss: 0.954289 	 lr: 0.00100
[epoch   5: 220/499] 	 train loss: 0.965218 	 lr: 0.00100
[epoch   5: 240/499] 	 train loss: 0.831459 	 lr: 0.00100
[epoch   5: 260/499] 	 train loss: 0.823323 	 lr: 0.00100
[epoch   5: 280/499] 	 train loss: 0.753180 	 lr: 0.00100
[epoch   5: 300/499] 	 train loss: 0.907040 	 lr: 0.00100
[epoch   5: 320/499] 	 train loss: 1.075619 	 lr: 0.00100
[epoch   5: 340/499] 	 train loss: 0.928327 	 lr: 0.00100
[epoch   5: 360/499] 	 train loss: 0.903194 	 lr: 0.00100
[epoch   5: 380/499] 	 train loss: 0.985306 	 lr: 0.00100
[epoch   5: 400/499] 	 train loss: 0.984976 	 lr: 0.00100
[epoch   5: 420/499] 	 train loss: 0.908487 	 lr: 0.00100
[epoch   5: 440/499] 	 train loss: 0.976628 	 lr: 0.00100
[epoch   5: 460/499] 	 train loss: 0.902836 	 lr: 0.00100
[epoch   5: 480/499] 	 train loss: 1.082265 	 lr: 0.00100
[epoch   6:   0/499] 	 train loss: 0.971116 	 lr: 0.00100
[epoch   6:  20/499] 	 train loss: 0.937853 	 lr: 0.00100
[epoch   6:  40/499] 	 train loss: 0.965923 	 lr: 0.00100
[epoch   6:  60/499] 	 train loss: 0.948905 	 lr: 0.00100
[epoch   6:  80/499] 	 train loss: 1.095517 	 lr: 0.00100
[epoch   6: 100/499] 	 train loss: 1.000506 	 lr: 0.00100
[epoch   6: 120/499] 	 train loss: 1.109318 	 lr: 0.00100
[epoch   6: 140/499] 	 train loss: 0.949624 	 lr: 0.00100
[epoch   6: 160/499] 	 train loss: 0.915795 	 lr: 0.00100
[epoch   6: 180/499] 	 train loss: 0.823231 	 lr: 0.00100
[epoch   6: 200/499] 	 train loss: 0.923650 	 lr: 0.00100
[epoch   6: 220/499] 	 train loss: 0.856851 	 lr: 0.00100
[epoch   6: 240/499] 	 train loss: 0.960976 	 lr: 0.00100
[epoch   6: 260/499] 	 train loss: 0.918694 	 lr: 0.00100
[epoch   6: 280/499] 	 train loss: 0.863201 	 lr: 0.00100
[epoch   6: 300/499] 	 train loss: 0.996851 	 lr: 0.00100
[epoch   6: 320/499] 	 train loss: 0.944400 	 lr: 0.00100
[epoch   6: 340/499] 	 train loss: 0.981276 	 lr: 0.00100
[epoch   6: 360/499] 	 train loss: 0.912375 	 lr: 0.00100
[epoch   6: 380/499] 	 train loss: 0.970751 	 lr: 0.00100
[epoch   6: 400/499] 	 train loss: 0.940278 	 lr: 0.00100
[epoch   6: 420/499] 	 train loss: 0.861615 	 lr: 0.00100
[epoch   6: 440/499] 	 train loss: 0.865070 	 lr: 0.00100
[epoch   6: 460/499] 	 train loss: 0.971696 	 lr: 0.00100
[epoch   6: 480/499] 	 train loss: 0.962246 	 lr: 0.00100
[epoch   7:   0/499] 	 train loss: 0.865296 	 lr: 0.00100
[epoch   7:  20/499] 	 train loss: 0.797946 	 lr: 0.00100
[epoch   7:  40/499] 	 train loss: 1.004449 	 lr: 0.00100
[epoch   7:  60/499] 	 train loss: 0.979869 	 lr: 0.00100
[epoch   7:  80/499] 	 train loss: 1.013857 	 lr: 0.00100
[epoch   7: 100/499] 	 train loss: 0.903556 	 lr: 0.00100
[epoch   7: 120/499] 	 train loss: 1.009667 	 lr: 0.00100
[epoch   7: 140/499] 	 train loss: 0.867777 	 lr: 0.00100
[epoch   7: 160/499] 	 train loss: 0.945287 	 lr: 0.00100
[epoch   7: 180/499] 	 train loss: 0.912929 	 lr: 0.00100
[epoch   7: 200/499] 	 train loss: 0.823825 	 lr: 0.00100
[epoch   7: 220/499] 	 train loss: 0.975554 	 lr: 0.00100
[epoch   7: 240/499] 	 train loss: 0.942057 	 lr: 0.00100
[epoch   7: 260/499] 	 train loss: 0.909857 	 lr: 0.00100
[epoch   7: 280/499] 	 train loss: 0.924702 	 lr: 0.00100
[epoch   7: 300/499] 	 train loss: 0.864062 	 lr: 0.00100
[epoch   7: 320/499] 	 train loss: 0.855799 	 lr: 0.00100
[epoch   7: 340/499] 	 train loss: 1.023719 	 lr: 0.00100
[epoch   7: 360/499] 	 train loss: 0.863812 	 lr: 0.00100
[epoch   7: 380/499] 	 train loss: 0.926905 	 lr: 0.00100
[epoch   7: 400/499] 	 train loss: 0.858003 	 lr: 0.00100
[epoch   7: 420/499] 	 train loss: 0.939359 	 lr: 0.00100
[epoch   7: 440/499] 	 train loss: 0.937264 	 lr: 0.00100
[epoch   7: 460/499] 	 train loss: 0.931154 	 lr: 0.00100
[epoch   7: 480/499] 	 train loss: 0.940320 	 lr: 0.00100
[epoch   8:   0/499] 	 train loss: 0.803598 	 lr: 0.00100
[epoch   8:  20/499] 	 train loss: 0.871683 	 lr: 0.00100
[epoch   8:  40/499] 	 train loss: 0.835957 	 lr: 0.00100
[epoch   8:  60/499] 	 train loss: 0.900354 	 lr: 0.00100
[epoch   8:  80/499] 	 train loss: 0.813256 	 lr: 0.00100
[epoch   8: 100/499] 	 train loss: 0.934414 	 lr: 0.00100
[epoch   8: 120/499] 	 train loss: 0.916580 	 lr: 0.00100
[epoch   8: 140/499] 	 train loss: 0.981718 	 lr: 0.00100
[epoch   8: 160/499] 	 train loss: 0.873574 	 lr: 0.00100
[epoch   8: 180/499] 	 train loss: 0.990516 	 lr: 0.00100
[epoch   8: 200/499] 	 train loss: 0.846805 	 lr: 0.00100
[epoch   8: 220/499] 	 train loss: 0.865116 	 lr: 0.00100
[epoch   8: 240/499] 	 train loss: 0.821931 	 lr: 0.00100
[epoch   8: 260/499] 	 train loss: 0.905395 	 lr: 0.00100
[epoch   8: 280/499] 	 train loss: 0.918849 	 lr: 0.00100
[epoch   8: 300/499] 	 train loss: 0.873601 	 lr: 0.00100
[epoch   8: 320/499] 	 train loss: 0.919284 	 lr: 0.00100
[epoch   8: 340/499] 	 train loss: 0.867089 	 lr: 0.00100
[epoch   8: 360/499] 	 train loss: 0.892360 	 lr: 0.00100
[epoch   8: 380/499] 	 train loss: 0.875395 	 lr: 0.00100
[epoch   8: 400/499] 	 train loss: 1.002187 	 lr: 0.00100
[epoch   8: 420/499] 	 train loss: 0.864613 	 lr: 0.00100
[epoch   8: 440/499] 	 train loss: 0.886634 	 lr: 0.00100
[epoch   8: 460/499] 	 train loss: 0.911412 	 lr: 0.00100
[epoch   8: 480/499] 	 train loss: 0.901671 	 lr: 0.00100
[epoch   9:   0/499] 	 train loss: 0.879871 	 lr: 0.00100
[epoch   9:  20/499] 	 train loss: 0.888090 	 lr: 0.00100
[epoch   9:  40/499] 	 train loss: 0.955218 	 lr: 0.00100
[epoch   9:  60/499] 	 train loss: 1.092649 	 lr: 0.00100
[epoch   9:  80/499] 	 train loss: 0.948969 	 lr: 0.00100
[epoch   9: 100/499] 	 train loss: 0.848054 	 lr: 0.00100
[epoch   9: 120/499] 	 train loss: 0.898642 	 lr: 0.00100
[epoch   9: 140/499] 	 train loss: 0.845950 	 lr: 0.00100
[epoch   9: 160/499] 	 train loss: 0.937476 	 lr: 0.00100
[epoch   9: 180/499] 	 train loss: 0.890304 	 lr: 0.00100
[epoch   9: 200/499] 	 train loss: 1.013320 	 lr: 0.00100
[epoch   9: 220/499] 	 train loss: 0.919855 	 lr: 0.00100
[epoch   9: 240/499] 	 train loss: 0.885470 	 lr: 0.00100
[epoch   9: 260/499] 	 train loss: 0.937314 	 lr: 0.00100
[epoch   9: 280/499] 	 train loss: 0.940420 	 lr: 0.00100
[epoch   9: 300/499] 	 train loss: 0.806309 	 lr: 0.00100
[epoch   9: 320/499] 	 train loss: 0.898786 	 lr: 0.00100
[epoch   9: 340/499] 	 train loss: 0.827560 	 lr: 0.00100
[epoch   9: 360/499] 	 train loss: 0.840112 	 lr: 0.00100
[epoch   9: 380/499] 	 train loss: 0.902157 	 lr: 0.00100
[epoch   9: 400/499] 	 train loss: 0.936226 	 lr: 0.00100
[epoch   9: 420/499] 	 train loss: 0.927775 	 lr: 0.00100
[epoch   9: 440/499] 	 train loss: 0.969876 	 lr: 0.00100
[epoch   9: 460/499] 	 train loss: 0.988797 	 lr: 0.00100
[epoch   9: 480/499] 	 train loss: 1.114130 	 lr: 0.00100
[epoch  10:   0/499] 	 train loss: 0.992712 	 lr: 0.00100
[epoch  10:  20/499] 	 train loss: 0.842056 	 lr: 0.00100
[epoch  10:  40/499] 	 train loss: 0.960285 	 lr: 0.00100
[epoch  10:  60/499] 	 train loss: 0.858686 	 lr: 0.00100
[epoch  10:  80/499] 	 train loss: 0.993724 	 lr: 0.00100
[epoch  10: 100/499] 	 train loss: 0.914881 	 lr: 0.00100
[epoch  10: 120/499] 	 train loss: 0.990102 	 lr: 0.00100
[epoch  10: 140/499] 	 train loss: 0.863739 	 lr: 0.00100
[epoch  10: 160/499] 	 train loss: 0.894184 	 lr: 0.00100
[epoch  10: 180/499] 	 train loss: 0.907701 	 lr: 0.00100
[epoch  10: 200/499] 	 train loss: 0.877438 	 lr: 0.00100
[epoch  10: 220/499] 	 train loss: 0.956416 	 lr: 0.00100
[epoch  10: 240/499] 	 train loss: 0.879977 	 lr: 0.00100
[epoch  10: 260/499] 	 train loss: 0.721860 	 lr: 0.00100
[epoch  10: 280/499] 	 train loss: 1.080128 	 lr: 0.00100
[epoch  10: 300/499] 	 train loss: 0.975096 	 lr: 0.00100
[epoch  10: 320/499] 	 train loss: 0.951468 	 lr: 0.00100
[epoch  10: 340/499] 	 train loss: 0.884083 	 lr: 0.00100
[epoch  10: 360/499] 	 train loss: 0.894461 	 lr: 0.00100
[epoch  10: 380/499] 	 train loss: 0.903121 	 lr: 0.00100
[epoch  10: 400/499] 	 train loss: 0.992646 	 lr: 0.00100
[epoch  10: 420/499] 	 train loss: 0.927968 	 lr: 0.00100
[epoch  10: 440/499] 	 train loss: 0.841076 	 lr: 0.00100
[epoch  10: 460/499] 	 train loss: 0.864165 	 lr: 0.00100
[epoch  10: 480/499] 	 train loss: 0.889657 	 lr: 0.00100
[epoch  11:   0/499] 	 train loss: 0.874899 	 lr: 0.00100
[epoch  11:  20/499] 	 train loss: 0.889266 	 lr: 0.00100
[epoch  11:  40/499] 	 train loss: 0.872719 	 lr: 0.00100
[epoch  11:  60/499] 	 train loss: 0.940576 	 lr: 0.00100
[epoch  11:  80/499] 	 train loss: 0.941947 	 lr: 0.00100
[epoch  11: 100/499] 	 train loss: 0.882574 	 lr: 0.00100
[epoch  11: 120/499] 	 train loss: 0.875723 	 lr: 0.00100
[epoch  11: 140/499] 	 train loss: 0.984436 	 lr: 0.00100
[epoch  11: 160/499] 	 train loss: 0.877993 	 lr: 0.00100
[epoch  11: 180/499] 	 train loss: 1.032567 	 lr: 0.00100
[epoch  11: 200/499] 	 train loss: 0.858808 	 lr: 0.00100
[epoch  11: 220/499] 	 train loss: 0.923503 	 lr: 0.00100
[epoch  11: 240/499] 	 train loss: 0.830775 	 lr: 0.00100
[epoch  11: 260/499] 	 train loss: 0.927009 	 lr: 0.00100
[epoch  11: 280/499] 	 train loss: 0.866046 	 lr: 0.00100
[epoch  11: 300/499] 	 train loss: 0.927613 	 lr: 0.00100
[epoch  11: 320/499] 	 train loss: 0.899920 	 lr: 0.00100
[epoch  11: 340/499] 	 train loss: 0.929700 	 lr: 0.00100
[epoch  11: 360/499] 	 train loss: 0.887044 	 lr: 0.00100
[epoch  11: 380/499] 	 train loss: 0.954420 	 lr: 0.00100
[epoch  11: 400/499] 	 train loss: 0.817943 	 lr: 0.00100
[epoch  11: 420/499] 	 train loss: 0.952757 	 lr: 0.00100
[epoch  11: 440/499] 	 train loss: 0.854387 	 lr: 0.00100
[epoch  11: 460/499] 	 train loss: 0.925275 	 lr: 0.00100
[epoch  11: 480/499] 	 train loss: 0.855253 	 lr: 0.00100
[epoch  12:   0/499] 	 train loss: 0.935293 	 lr: 0.00100
[epoch  12:  20/499] 	 train loss: 0.912961 	 lr: 0.00100
[epoch  12:  40/499] 	 train loss: 0.958919 	 lr: 0.00100
[epoch  12:  60/499] 	 train loss: 0.959038 	 lr: 0.00100
[epoch  12:  80/499] 	 train loss: 0.844448 	 lr: 0.00100
[epoch  12: 100/499] 	 train loss: 1.021764 	 lr: 0.00100
[epoch  12: 120/499] 	 train loss: 0.929496 	 lr: 0.00100
[epoch  12: 140/499] 	 train loss: 0.911077 	 lr: 0.00100
[epoch  12: 160/499] 	 train loss: 0.871398 	 lr: 0.00100
[epoch  12: 180/499] 	 train loss: 0.952898 	 lr: 0.00100
[epoch  12: 200/499] 	 train loss: 0.908101 	 lr: 0.00100
[epoch  12: 220/499] 	 train loss: 0.968718 	 lr: 0.00100
[epoch  12: 240/499] 	 train loss: 0.895846 	 lr: 0.00100
[epoch  12: 260/499] 	 train loss: 0.885195 	 lr: 0.00100
[epoch  12: 280/499] 	 train loss: 0.880785 	 lr: 0.00100
[epoch  12: 300/499] 	 train loss: 1.109967 	 lr: 0.00100
[epoch  12: 320/499] 	 train loss: 1.006474 	 lr: 0.00100
[epoch  12: 340/499] 	 train loss: 1.062038 	 lr: 0.00100
[epoch  12: 360/499] 	 train loss: 0.707454 	 lr: 0.00100
[epoch  12: 380/499] 	 train loss: 0.999460 	 lr: 0.00100
[epoch  12: 400/499] 	 train loss: 0.970288 	 lr: 0.00100
[epoch  12: 420/499] 	 train loss: 0.917711 	 lr: 0.00100
[epoch  12: 440/499] 	 train loss: 0.962698 	 lr: 0.00100
[epoch  12: 460/499] 	 train loss: 0.881823 	 lr: 0.00100
[epoch  12: 480/499] 	 train loss: 0.953217 	 lr: 0.00100
[epoch  13:   0/499] 	 train loss: 0.991166 	 lr: 0.00100
[epoch  13:  20/499] 	 train loss: 0.851997 	 lr: 0.00100
[epoch  13:  40/499] 	 train loss: 0.915993 	 lr: 0.00100
[epoch  13:  60/499] 	 train loss: 0.883111 	 lr: 0.00100
[epoch  13:  80/499] 	 train loss: 0.913022 	 lr: 0.00100
[epoch  13: 100/499] 	 train loss: 0.940485 	 lr: 0.00100
[epoch  13: 120/499] 	 train loss: 0.978401 	 lr: 0.00100
[epoch  13: 140/499] 	 train loss: 0.867987 	 lr: 0.00100
[epoch  13: 160/499] 	 train loss: 0.836289 	 lr: 0.00100
[epoch  13: 180/499] 	 train loss: 0.982038 	 lr: 0.00100
[epoch  13: 200/499] 	 train loss: 0.976833 	 lr: 0.00100
[epoch  13: 220/499] 	 train loss: 0.927440 	 lr: 0.00100
[epoch  13: 240/499] 	 train loss: 0.832306 	 lr: 0.00100
[epoch  13: 260/499] 	 train loss: 0.998274 	 lr: 0.00100
[epoch  13: 280/499] 	 train loss: 0.981255 	 lr: 0.00100
[epoch  13: 300/499] 	 train loss: 0.808918 	 lr: 0.00100
[epoch  13: 320/499] 	 train loss: 0.929016 	 lr: 0.00100
[epoch  13: 340/499] 	 train loss: 0.826083 	 lr: 0.00100
[epoch  13: 360/499] 	 train loss: 0.880375 	 lr: 0.00100
[epoch  13: 380/499] 	 train loss: 0.836611 	 lr: 0.00100
[epoch  13: 400/499] 	 train loss: 0.893232 	 lr: 0.00100
[epoch  13: 420/499] 	 train loss: 0.855772 	 lr: 0.00100
[epoch  13: 440/499] 	 train loss: 0.906731 	 lr: 0.00100
[epoch  13: 460/499] 	 train loss: 0.976744 	 lr: 0.00100
[epoch  13: 480/499] 	 train loss: 0.867275 	 lr: 0.00100
[epoch  14:   0/499] 	 train loss: 0.916831 	 lr: 0.00100
[epoch  14:  20/499] 	 train loss: 0.922881 	 lr: 0.00100
[epoch  14:  40/499] 	 train loss: 0.908850 	 lr: 0.00100
[epoch  14:  60/499] 	 train loss: 0.949272 	 lr: 0.00100
[epoch  14:  80/499] 	 train loss: 0.853216 	 lr: 0.00100
[epoch  14: 100/499] 	 train loss: 0.945112 	 lr: 0.00100
[epoch  14: 120/499] 	 train loss: 0.952052 	 lr: 0.00100
[epoch  14: 140/499] 	 train loss: 0.937281 	 lr: 0.00100
[epoch  14: 160/499] 	 train loss: 0.977085 	 lr: 0.00100
[epoch  14: 180/499] 	 train loss: 1.039393 	 lr: 0.00100
[epoch  14: 200/499] 	 train loss: 0.993865 	 lr: 0.00100
[epoch  14: 220/499] 	 train loss: 0.969268 	 lr: 0.00100
[epoch  14: 240/499] 	 train loss: 0.877716 	 lr: 0.00100
[epoch  14: 260/499] 	 train loss: 0.915701 	 lr: 0.00100
[epoch  14: 280/499] 	 train loss: 0.905888 	 lr: 0.00100
[epoch  14: 300/499] 	 train loss: 0.914026 	 lr: 0.00100
[epoch  14: 320/499] 	 train loss: 1.007213 	 lr: 0.00100
[epoch  14: 340/499] 	 train loss: 0.861192 	 lr: 0.00100
[epoch  14: 360/499] 	 train loss: 0.969288 	 lr: 0.00100
[epoch  14: 380/499] 	 train loss: 0.881282 	 lr: 0.00100
[epoch  14: 400/499] 	 train loss: 0.933544 	 lr: 0.00100
[epoch  14: 420/499] 	 train loss: 0.860582 	 lr: 0.00100
[epoch  14: 440/499] 	 train loss: 1.055449 	 lr: 0.00100
[epoch  14: 460/499] 	 train loss: 0.912316 	 lr: 0.00100
[epoch  14: 480/499] 	 train loss: 0.957401 	 lr: 0.00100
[epoch  15:   0/499] 	 train loss: 1.046161 	 lr: 0.00100
[epoch  15:  20/499] 	 train loss: 0.808813 	 lr: 0.00100
[epoch  15:  40/499] 	 train loss: 0.894221 	 lr: 0.00100
[epoch  15:  60/499] 	 train loss: 0.852187 	 lr: 0.00100
[epoch  15:  80/499] 	 train loss: 0.869196 	 lr: 0.00100
[epoch  15: 100/499] 	 train loss: 0.890340 	 lr: 0.00100
[epoch  15: 120/499] 	 train loss: 0.900064 	 lr: 0.00100
[epoch  15: 140/499] 	 train loss: 0.737455 	 lr: 0.00100
[epoch  15: 160/499] 	 train loss: 0.843015 	 lr: 0.00100
[epoch  15: 180/499] 	 train loss: 1.015110 	 lr: 0.00100
[epoch  15: 200/499] 	 train loss: 0.940050 	 lr: 0.00100
[epoch  15: 220/499] 	 train loss: 0.796528 	 lr: 0.00100
[epoch  15: 240/499] 	 train loss: 0.831665 	 lr: 0.00100
[epoch  15: 260/499] 	 train loss: 0.850815 	 lr: 0.00100
[epoch  15: 280/499] 	 train loss: 0.967540 	 lr: 0.00100
[epoch  15: 300/499] 	 train loss: 0.978538 	 lr: 0.00100
[epoch  15: 320/499] 	 train loss: 0.869581 	 lr: 0.00100
[epoch  15: 340/499] 	 train loss: 0.947635 	 lr: 0.00100
[epoch  15: 360/499] 	 train loss: 0.935930 	 lr: 0.00100
[epoch  15: 380/499] 	 train loss: 0.884560 	 lr: 0.00100
[epoch  15: 400/499] 	 train loss: 0.902704 	 lr: 0.00100
[epoch  15: 420/499] 	 train loss: 1.103467 	 lr: 0.00100
[epoch  15: 440/499] 	 train loss: 0.937923 	 lr: 0.00100
[epoch  15: 460/499] 	 train loss: 0.852178 	 lr: 0.00100
[epoch  15: 480/499] 	 train loss: 0.954372 	 lr: 0.00100
[epoch  16:   0/499] 	 train loss: 1.020529 	 lr: 0.00100
[epoch  16:  20/499] 	 train loss: 0.984738 	 lr: 0.00100
[epoch  16:  40/499] 	 train loss: 0.964585 	 lr: 0.00100
[epoch  16:  60/499] 	 train loss: 0.917577 	 lr: 0.00100
[epoch  16:  80/499] 	 train loss: 0.930886 	 lr: 0.00100
[epoch  16: 100/499] 	 train loss: 0.910530 	 lr: 0.00100
[epoch  16: 120/499] 	 train loss: 0.975195 	 lr: 0.00100
[epoch  16: 140/499] 	 train loss: 0.970608 	 lr: 0.00100
[epoch  16: 160/499] 	 train loss: 0.862795 	 lr: 0.00100
[epoch  16: 180/499] 	 train loss: 0.985950 	 lr: 0.00100
[epoch  16: 200/499] 	 train loss: 0.737315 	 lr: 0.00100
[epoch  16: 220/499] 	 train loss: 0.863422 	 lr: 0.00100
[epoch  16: 240/499] 	 train loss: 0.912503 	 lr: 0.00100
[epoch  16: 260/499] 	 train loss: 0.946501 	 lr: 0.00100
[epoch  16: 280/499] 	 train loss: 0.860272 	 lr: 0.00100
[epoch  16: 300/499] 	 train loss: 0.884961 	 lr: 0.00100
[epoch  16: 320/499] 	 train loss: 0.901051 	 lr: 0.00100
[epoch  16: 340/499] 	 train loss: 0.913262 	 lr: 0.00100
[epoch  16: 360/499] 	 train loss: 0.933627 	 lr: 0.00100
[epoch  16: 380/499] 	 train loss: 0.843293 	 lr: 0.00100
[epoch  16: 400/499] 	 train loss: 0.815157 	 lr: 0.00100
[epoch  16: 420/499] 	 train loss: 0.873301 	 lr: 0.00100
[epoch  16: 440/499] 	 train loss: 0.986190 	 lr: 0.00100
[epoch  16: 460/499] 	 train loss: 0.949317 	 lr: 0.00100
[epoch  16: 480/499] 	 train loss: 0.915945 	 lr: 0.00100
[epoch  17:   0/499] 	 train loss: 0.894605 	 lr: 0.00100
[epoch  17:  20/499] 	 train loss: 0.867602 	 lr: 0.00100
[epoch  17:  40/499] 	 train loss: 0.895248 	 lr: 0.00100
[epoch  17:  60/499] 	 train loss: 0.886058 	 lr: 0.00100
[epoch  17:  80/499] 	 train loss: 0.927634 	 lr: 0.00100
[epoch  17: 100/499] 	 train loss: 0.857480 	 lr: 0.00100
[epoch  17: 120/499] 	 train loss: 0.862451 	 lr: 0.00100
[epoch  17: 140/499] 	 train loss: 0.866793 	 lr: 0.00100
[epoch  17: 160/499] 	 train loss: 0.848489 	 lr: 0.00100
[epoch  17: 180/499] 	 train loss: 0.952939 	 lr: 0.00100
[epoch  17: 200/499] 	 train loss: 0.808041 	 lr: 0.00100
[epoch  17: 220/499] 	 train loss: 0.905744 	 lr: 0.00100
[epoch  17: 240/499] 	 train loss: 1.014845 	 lr: 0.00100
[epoch  17: 260/499] 	 train loss: 0.974913 	 lr: 0.00100
[epoch  17: 280/499] 	 train loss: 0.884144 	 lr: 0.00100
[epoch  17: 300/499] 	 train loss: 0.877235 	 lr: 0.00100
[epoch  17: 320/499] 	 train loss: 1.012305 	 lr: 0.00100
[epoch  17: 340/499] 	 train loss: 0.836104 	 lr: 0.00100
[epoch  17: 360/499] 	 train loss: 0.910187 	 lr: 0.00100
[epoch  17: 380/499] 	 train loss: 0.892098 	 lr: 0.00100
[epoch  17: 400/499] 	 train loss: 0.904222 	 lr: 0.00100
[epoch  17: 420/499] 	 train loss: 0.913455 	 lr: 0.00100
[epoch  17: 440/499] 	 train loss: 0.888754 	 lr: 0.00100
[epoch  17: 460/499] 	 train loss: 1.002721 	 lr: 0.00100
[epoch  17: 480/499] 	 train loss: 0.911249 	 lr: 0.00100
[epoch  18:   0/499] 	 train loss: 0.984844 	 lr: 0.00100
[epoch  18:  20/499] 	 train loss: 0.831279 	 lr: 0.00100
[epoch  18:  40/499] 	 train loss: 0.789791 	 lr: 0.00100
[epoch  18:  60/499] 	 train loss: 0.840459 	 lr: 0.00100
[epoch  18:  80/499] 	 train loss: 0.904555 	 lr: 0.00100
[epoch  18: 100/499] 	 train loss: 0.834456 	 lr: 0.00100
[epoch  18: 120/499] 	 train loss: 0.905772 	 lr: 0.00100
[epoch  18: 140/499] 	 train loss: 0.812887 	 lr: 0.00100
[epoch  18: 160/499] 	 train loss: 0.892139 	 lr: 0.00100
[epoch  18: 180/499] 	 train loss: 0.969310 	 lr: 0.00100
[epoch  18: 200/499] 	 train loss: 0.885912 	 lr: 0.00100
[epoch  18: 220/499] 	 train loss: 0.855333 	 lr: 0.00100
[epoch  18: 240/499] 	 train loss: 0.901504 	 lr: 0.00100
[epoch  18: 260/499] 	 train loss: 0.890626 	 lr: 0.00100
[epoch  18: 280/499] 	 train loss: 0.980542 	 lr: 0.00100
[epoch  18: 300/499] 	 train loss: 0.916415 	 lr: 0.00100
[epoch  18: 320/499] 	 train loss: 0.946154 	 lr: 0.00100
[epoch  18: 340/499] 	 train loss: 0.851765 	 lr: 0.00100
[epoch  18: 360/499] 	 train loss: 0.954477 	 lr: 0.00100
[epoch  18: 380/499] 	 train loss: 0.852265 	 lr: 0.00100
[epoch  18: 400/499] 	 train loss: 0.957058 	 lr: 0.00100
[epoch  18: 420/499] 	 train loss: 0.892275 	 lr: 0.00100
[epoch  18: 440/499] 	 train loss: 1.024938 	 lr: 0.00100
[epoch  18: 460/499] 	 train loss: 0.967996 	 lr: 0.00100
[epoch  18: 480/499] 	 train loss: 0.902572 	 lr: 0.00100
[epoch  19:   0/499] 	 train loss: 0.827817 	 lr: 0.00100
[epoch  19:  20/499] 	 train loss: 0.962049 	 lr: 0.00100
[epoch  19:  40/499] 	 train loss: 0.842874 	 lr: 0.00100
[epoch  19:  60/499] 	 train loss: 0.896240 	 lr: 0.00100
[epoch  19:  80/499] 	 train loss: 0.839076 	 lr: 0.00100
[epoch  19: 100/499] 	 train loss: 0.923273 	 lr: 0.00100
[epoch  19: 120/499] 	 train loss: 0.836248 	 lr: 0.00100
[epoch  19: 140/499] 	 train loss: 0.875857 	 lr: 0.00100
[epoch  19: 160/499] 	 train loss: 0.969474 	 lr: 0.00100
[epoch  19: 180/499] 	 train loss: 0.883690 	 lr: 0.00100
[epoch  19: 200/499] 	 train loss: 0.937505 	 lr: 0.00100
[epoch  19: 220/499] 	 train loss: 0.961335 	 lr: 0.00100
[epoch  19: 240/499] 	 train loss: 1.004533 	 lr: 0.00100
[epoch  19: 260/499] 	 train loss: 0.907996 	 lr: 0.00100
[epoch  19: 280/499] 	 train loss: 0.988692 	 lr: 0.00100
[epoch  19: 300/499] 	 train loss: 0.908023 	 lr: 0.00100
[epoch  19: 320/499] 	 train loss: 0.931680 	 lr: 0.00100
[epoch  19: 340/499] 	 train loss: 0.978111 	 lr: 0.00100
[epoch  19: 360/499] 	 train loss: 0.869391 	 lr: 0.00100
[epoch  19: 380/499] 	 train loss: 0.840189 	 lr: 0.00100
[epoch  19: 400/499] 	 train loss: 0.804081 	 lr: 0.00100
[epoch  19: 420/499] 	 train loss: 0.824957 	 lr: 0.00100
[epoch  19: 440/499] 	 train loss: 0.951111 	 lr: 0.00100
[epoch  19: 460/499] 	 train loss: 1.000883 	 lr: 0.00100
[epoch  19: 480/499] 	 train loss: 0.937909 	 lr: 0.00100
[epoch  20:   0/499] 	 train loss: 0.864018 	 lr: 0.00100
[epoch  20:  20/499] 	 train loss: 0.928407 	 lr: 0.00100
[epoch  20:  40/499] 	 train loss: 0.880881 	 lr: 0.00100
[epoch  20:  60/499] 	 train loss: 0.827046 	 lr: 0.00100
[epoch  20:  80/499] 	 train loss: 0.907175 	 lr: 0.00100
[epoch  20: 100/499] 	 train loss: 0.751826 	 lr: 0.00100
[epoch  20: 120/499] 	 train loss: 0.880033 	 lr: 0.00100
[epoch  20: 140/499] 	 train loss: 1.007748 	 lr: 0.00100
[epoch  20: 160/499] 	 train loss: 0.895440 	 lr: 0.00100
[epoch  20: 180/499] 	 train loss: 0.902484 	 lr: 0.00100
[epoch  20: 200/499] 	 train loss: 0.874206 	 lr: 0.00100
[epoch  20: 220/499] 	 train loss: 0.818079 	 lr: 0.00100
[epoch  20: 240/499] 	 train loss: 0.829522 	 lr: 0.00100
[epoch  20: 260/499] 	 train loss: 0.756637 	 lr: 0.00100
[epoch  20: 280/499] 	 train loss: 0.946384 	 lr: 0.00100
[epoch  20: 300/499] 	 train loss: 0.846726 	 lr: 0.00100
[epoch  20: 320/499] 	 train loss: 0.888359 	 lr: 0.00100
[epoch  20: 340/499] 	 train loss: 0.681382 	 lr: 0.00100
[epoch  20: 360/499] 	 train loss: 0.936232 	 lr: 0.00100
[epoch  20: 380/499] 	 train loss: 0.859705 	 lr: 0.00100
[epoch  20: 400/499] 	 train loss: 0.912366 	 lr: 0.00100
[epoch  20: 420/499] 	 train loss: 0.807465 	 lr: 0.00100
[epoch  20: 440/499] 	 train loss: 0.859250 	 lr: 0.00100
[epoch  20: 460/499] 	 train loss: 0.897404 	 lr: 0.00100
[epoch  20: 480/499] 	 train loss: 0.788156 	 lr: 0.00100
[epoch  21:   0/499] 	 train loss: 0.931473 	 lr: 0.00100
[epoch  21:  20/499] 	 train loss: 1.035401 	 lr: 0.00100
[epoch  21:  40/499] 	 train loss: 0.910579 	 lr: 0.00100
[epoch  21:  60/499] 	 train loss: 0.843595 	 lr: 0.00100
[epoch  21:  80/499] 	 train loss: 0.953541 	 lr: 0.00100
[epoch  21: 100/499] 	 train loss: 0.897915 	 lr: 0.00100
[epoch  21: 120/499] 	 train loss: 0.794090 	 lr: 0.00100
[epoch  21: 140/499] 	 train loss: 1.019072 	 lr: 0.00100
[epoch  21: 160/499] 	 train loss: 0.917338 	 lr: 0.00100
[epoch  21: 180/499] 	 train loss: 0.923029 	 lr: 0.00100
[epoch  21: 200/499] 	 train loss: 0.855360 	 lr: 0.00100
[epoch  21: 220/499] 	 train loss: 0.841272 	 lr: 0.00100
[epoch  21: 240/499] 	 train loss: 0.847285 	 lr: 0.00100
[epoch  21: 260/499] 	 train loss: 0.892901 	 lr: 0.00100
[epoch  21: 280/499] 	 train loss: 0.953338 	 lr: 0.00100
[epoch  21: 300/499] 	 train loss: 0.901722 	 lr: 0.00100
[epoch  21: 320/499] 	 train loss: 0.997617 	 lr: 0.00100
[epoch  21: 340/499] 	 train loss: 0.961801 	 lr: 0.00100
[epoch  21: 360/499] 	 train loss: 0.915087 	 lr: 0.00100
[epoch  21: 380/499] 	 train loss: 1.049979 	 lr: 0.00100
[epoch  21: 400/499] 	 train loss: 0.966773 	 lr: 0.00100
[epoch  21: 420/499] 	 train loss: 0.831431 	 lr: 0.00100
[epoch  21: 440/499] 	 train loss: 0.820706 	 lr: 0.00100
[epoch  21: 460/499] 	 train loss: 0.960150 	 lr: 0.00100
[epoch  21: 480/499] 	 train loss: 0.995397 	 lr: 0.00100
[epoch  22:   0/499] 	 train loss: 0.920201 	 lr: 0.00100
[epoch  22:  20/499] 	 train loss: 0.923504 	 lr: 0.00100
[epoch  22:  40/499] 	 train loss: 1.010967 	 lr: 0.00100
[epoch  22:  60/499] 	 train loss: 0.881380 	 lr: 0.00100
[epoch  22:  80/499] 	 train loss: 0.825000 	 lr: 0.00100
[epoch  22: 100/499] 	 train loss: 0.999593 	 lr: 0.00100
[epoch  22: 120/499] 	 train loss: 0.954414 	 lr: 0.00100
[epoch  22: 140/499] 	 train loss: 0.849890 	 lr: 0.00100
[epoch  22: 160/499] 	 train loss: 0.818218 	 lr: 0.00100
[epoch  22: 180/499] 	 train loss: 0.826775 	 lr: 0.00100
[epoch  22: 200/499] 	 train loss: 0.928965 	 lr: 0.00100
[epoch  22: 220/499] 	 train loss: 0.795974 	 lr: 0.00100
[epoch  22: 240/499] 	 train loss: 0.968832 	 lr: 0.00100
[epoch  22: 260/499] 	 train loss: 0.939213 	 lr: 0.00100
[epoch  22: 280/499] 	 train loss: 0.880412 	 lr: 0.00100
[epoch  22: 300/499] 	 train loss: 1.067137 	 lr: 0.00100
[epoch  22: 320/499] 	 train loss: 0.775023 	 lr: 0.00100
[epoch  22: 340/499] 	 train loss: 0.955463 	 lr: 0.00100
[epoch  22: 360/499] 	 train loss: 0.969427 	 lr: 0.00100
[epoch  22: 380/499] 	 train loss: 0.856692 	 lr: 0.00100
[epoch  22: 400/499] 	 train loss: 1.025115 	 lr: 0.00100
[epoch  22: 420/499] 	 train loss: 0.934507 	 lr: 0.00100
[epoch  22: 440/499] 	 train loss: 0.892860 	 lr: 0.00100
[epoch  22: 460/499] 	 train loss: 0.844701 	 lr: 0.00100
[epoch  22: 480/499] 	 train loss: 0.885960 	 lr: 0.00100
[epoch  23:   0/499] 	 train loss: 0.895319 	 lr: 0.00050
[epoch  23:  20/499] 	 train loss: 0.803173 	 lr: 0.00050
[epoch  23:  40/499] 	 train loss: 0.784691 	 lr: 0.00050
[epoch  23:  60/499] 	 train loss: 0.979337 	 lr: 0.00050
[epoch  23:  80/499] 	 train loss: 0.828492 	 lr: 0.00050
[epoch  23: 100/499] 	 train loss: 0.956164 	 lr: 0.00050
[epoch  23: 120/499] 	 train loss: 0.863916 	 lr: 0.00050
[epoch  23: 140/499] 	 train loss: 0.855865 	 lr: 0.00050
[epoch  23: 160/499] 	 train loss: 0.907261 	 lr: 0.00050
[epoch  23: 180/499] 	 train loss: 1.005482 	 lr: 0.00050
[epoch  23: 200/499] 	 train loss: 0.790150 	 lr: 0.00050
[epoch  23: 220/499] 	 train loss: 0.854726 	 lr: 0.00050
[epoch  23: 240/499] 	 train loss: 0.842568 	 lr: 0.00050
[epoch  23: 260/499] 	 train loss: 0.813165 	 lr: 0.00050
[epoch  23: 280/499] 	 train loss: 0.856885 	 lr: 0.00050
[epoch  23: 300/499] 	 train loss: 0.897649 	 lr: 0.00050
[epoch  23: 320/499] 	 train loss: 0.831357 	 lr: 0.00050
[epoch  23: 340/499] 	 train loss: 0.923321 	 lr: 0.00050
[epoch  23: 360/499] 	 train loss: 0.890447 	 lr: 0.00050
[epoch  23: 380/499] 	 train loss: 0.919227 	 lr: 0.00050
[epoch  23: 400/499] 	 train loss: 0.784922 	 lr: 0.00050
[epoch  23: 420/499] 	 train loss: 0.850430 	 lr: 0.00050
[epoch  23: 440/499] 	 train loss: 0.999888 	 lr: 0.00050
[epoch  23: 460/499] 	 train loss: 0.818601 	 lr: 0.00050
[epoch  23: 480/499] 	 train loss: 0.733519 	 lr: 0.00050
[epoch  24:   0/499] 	 train loss: 0.927849 	 lr: 0.00050
[epoch  24:  20/499] 	 train loss: 0.905619 	 lr: 0.00050
[epoch  24:  40/499] 	 train loss: 0.781493 	 lr: 0.00050
[epoch  24:  60/499] 	 train loss: 0.914825 	 lr: 0.00050
[epoch  24:  80/499] 	 train loss: 0.755882 	 lr: 0.00050
[epoch  24: 100/499] 	 train loss: 0.803975 	 lr: 0.00050
[epoch  24: 120/499] 	 train loss: 0.889419 	 lr: 0.00050
[epoch  24: 140/499] 	 train loss: 0.890037 	 lr: 0.00050
[epoch  24: 160/499] 	 train loss: 0.865313 	 lr: 0.00050
[epoch  24: 180/499] 	 train loss: 0.863210 	 lr: 0.00050
[epoch  24: 200/499] 	 train loss: 0.891683 	 lr: 0.00050
[epoch  24: 220/499] 	 train loss: 0.913087 	 lr: 0.00050
[epoch  24: 240/499] 	 train loss: 0.874116 	 lr: 0.00050
[epoch  24: 260/499] 	 train loss: 0.927427 	 lr: 0.00050
[epoch  24: 280/499] 	 train loss: 0.893177 	 lr: 0.00050
[epoch  24: 300/499] 	 train loss: 0.890108 	 lr: 0.00050
[epoch  24: 320/499] 	 train loss: 0.882987 	 lr: 0.00050
[epoch  24: 340/499] 	 train loss: 0.834309 	 lr: 0.00050
[epoch  24: 360/499] 	 train loss: 0.884870 	 lr: 0.00050
[epoch  24: 380/499] 	 train loss: 0.862041 	 lr: 0.00050
[epoch  24: 400/499] 	 train loss: 0.855926 	 lr: 0.00050
[epoch  24: 420/499] 	 train loss: 0.770765 	 lr: 0.00050
[epoch  24: 440/499] 	 train loss: 0.908034 	 lr: 0.00050
[epoch  24: 460/499] 	 train loss: 0.910361 	 lr: 0.00050
[epoch  24: 480/499] 	 train loss: 0.940776 	 lr: 0.00050
[epoch  25:   0/499] 	 train loss: 0.909511 	 lr: 0.00050
[epoch  25:  20/499] 	 train loss: 0.853560 	 lr: 0.00050
[epoch  25:  40/499] 	 train loss: 0.889203 	 lr: 0.00050
[epoch  25:  60/499] 	 train loss: 0.797180 	 lr: 0.00050
[epoch  25:  80/499] 	 train loss: 0.922678 	 lr: 0.00050
[epoch  25: 100/499] 	 train loss: 0.906284 	 lr: 0.00050
[epoch  25: 120/499] 	 train loss: 0.826868 	 lr: 0.00050
[epoch  25: 140/499] 	 train loss: 0.855687 	 lr: 0.00050
[epoch  25: 160/499] 	 train loss: 0.867466 	 lr: 0.00050
[epoch  25: 180/499] 	 train loss: 0.917634 	 lr: 0.00050
[epoch  25: 200/499] 	 train loss: 0.866822 	 lr: 0.00050
[epoch  25: 220/499] 	 train loss: 0.945108 	 lr: 0.00050
[epoch  25: 240/499] 	 train loss: 0.801552 	 lr: 0.00050
[epoch  25: 260/499] 	 train loss: 0.853848 	 lr: 0.00050
[epoch  25: 280/499] 	 train loss: 0.777989 	 lr: 0.00050
[epoch  25: 300/499] 	 train loss: 1.092678 	 lr: 0.00050
[epoch  25: 320/499] 	 train loss: 0.848909 	 lr: 0.00050
[epoch  25: 340/499] 	 train loss: 1.101669 	 lr: 0.00050
[epoch  25: 360/499] 	 train loss: 0.798042 	 lr: 0.00050
[epoch  25: 380/499] 	 train loss: 0.953599 	 lr: 0.00050
[epoch  25: 400/499] 	 train loss: 0.936817 	 lr: 0.00050
[epoch  25: 420/499] 	 train loss: 0.863609 	 lr: 0.00050
[epoch  25: 440/499] 	 train loss: 0.966380 	 lr: 0.00050
[epoch  25: 460/499] 	 train loss: 0.913037 	 lr: 0.00050
[epoch  25: 480/499] 	 train loss: 0.918967 	 lr: 0.00050
[epoch  26:   0/499] 	 train loss: 0.923986 	 lr: 0.00050
[epoch  26:  20/499] 	 train loss: 0.823545 	 lr: 0.00050
[epoch  26:  40/499] 	 train loss: 0.959213 	 lr: 0.00050
[epoch  26:  60/499] 	 train loss: 0.859656 	 lr: 0.00050
[epoch  26:  80/499] 	 train loss: 0.847092 	 lr: 0.00050
[epoch  26: 100/499] 	 train loss: 0.914683 	 lr: 0.00050
[epoch  26: 120/499] 	 train loss: 0.898234 	 lr: 0.00050
[epoch  26: 140/499] 	 train loss: 0.833601 	 lr: 0.00050
[epoch  26: 160/499] 	 train loss: 0.906613 	 lr: 0.00050
[epoch  26: 180/499] 	 train loss: 0.882641 	 lr: 0.00050
[epoch  26: 200/499] 	 train loss: 0.837067 	 lr: 0.00050
[epoch  26: 220/499] 	 train loss: 0.903936 	 lr: 0.00050
[epoch  26: 240/499] 	 train loss: 0.929999 	 lr: 0.00050
[epoch  26: 260/499] 	 train loss: 0.920245 	 lr: 0.00050
[epoch  26: 280/499] 	 train loss: 0.955000 	 lr: 0.00050
[epoch  26: 300/499] 	 train loss: 0.763771 	 lr: 0.00050
[epoch  26: 320/499] 	 train loss: 0.901677 	 lr: 0.00050
[epoch  26: 340/499] 	 train loss: 0.908201 	 lr: 0.00050
[epoch  26: 360/499] 	 train loss: 0.870618 	 lr: 0.00050
[epoch  26: 380/499] 	 train loss: 0.889100 	 lr: 0.00050
[epoch  26: 400/499] 	 train loss: 0.740703 	 lr: 0.00050
[epoch  26: 420/499] 	 train loss: 0.855556 	 lr: 0.00050
[epoch  26: 440/499] 	 train loss: 0.985724 	 lr: 0.00050
[epoch  26: 460/499] 	 train loss: 0.911647 	 lr: 0.00050
[epoch  26: 480/499] 	 train loss: 0.913170 	 lr: 0.00050
[epoch  27:   0/499] 	 train loss: 0.893820 	 lr: 0.00050
[epoch  27:  20/499] 	 train loss: 0.897439 	 lr: 0.00050
[epoch  27:  40/499] 	 train loss: 0.887939 	 lr: 0.00050
[epoch  27:  60/499] 	 train loss: 0.990518 	 lr: 0.00050
[epoch  27:  80/499] 	 train loss: 0.879585 	 lr: 0.00050
[epoch  27: 100/499] 	 train loss: 0.897136 	 lr: 0.00050
[epoch  27: 120/499] 	 train loss: 0.948246 	 lr: 0.00050
[epoch  27: 140/499] 	 train loss: 0.892833 	 lr: 0.00050
[epoch  27: 160/499] 	 train loss: 0.806402 	 lr: 0.00050
[epoch  27: 180/499] 	 train loss: 0.868756 	 lr: 0.00050
[epoch  27: 200/499] 	 train loss: 0.840630 	 lr: 0.00050
[epoch  27: 220/499] 	 train loss: 0.925064 	 lr: 0.00050
[epoch  27: 240/499] 	 train loss: 0.924293 	 lr: 0.00050
[epoch  27: 260/499] 	 train loss: 0.977768 	 lr: 0.00050
[epoch  27: 280/499] 	 train loss: 0.934670 	 lr: 0.00050
[epoch  27: 300/499] 	 train loss: 0.895367 	 lr: 0.00050
[epoch  27: 320/499] 	 train loss: 0.805530 	 lr: 0.00050
[epoch  27: 340/499] 	 train loss: 0.878096 	 lr: 0.00050
[epoch  27: 360/499] 	 train loss: 0.911725 	 lr: 0.00050
[epoch  27: 380/499] 	 train loss: 0.907585 	 lr: 0.00050
[epoch  27: 400/499] 	 train loss: 0.854143 	 lr: 0.00050
[epoch  27: 420/499] 	 train loss: 0.834716 	 lr: 0.00050
[epoch  27: 440/499] 	 train loss: 0.770610 	 lr: 0.00050
[epoch  27: 460/499] 	 train loss: 0.886629 	 lr: 0.00050
[epoch  27: 480/499] 	 train loss: 0.894919 	 lr: 0.00050
[epoch  28:   0/499] 	 train loss: 0.929532 	 lr: 0.00050
[epoch  28:  20/499] 	 train loss: 0.902987 	 lr: 0.00050
[epoch  28:  40/499] 	 train loss: 0.917019 	 lr: 0.00050
[epoch  28:  60/499] 	 train loss: 0.922814 	 lr: 0.00050
[epoch  28:  80/499] 	 train loss: 0.916265 	 lr: 0.00050
[epoch  28: 100/499] 	 train loss: 0.877954 	 lr: 0.00050
[epoch  28: 120/499] 	 train loss: 0.828262 	 lr: 0.00050
[epoch  28: 140/499] 	 train loss: 0.830713 	 lr: 0.00050
[epoch  28: 160/499] 	 train loss: 0.943096 	 lr: 0.00050
[epoch  28: 180/499] 	 train loss: 0.984797 	 lr: 0.00050
[epoch  28: 200/499] 	 train loss: 0.893649 	 lr: 0.00050
[epoch  28: 220/499] 	 train loss: 0.837921 	 lr: 0.00050
[epoch  28: 240/499] 	 train loss: 1.023823 	 lr: 0.00050
[epoch  28: 260/499] 	 train loss: 0.880748 	 lr: 0.00050
[epoch  28: 280/499] 	 train loss: 0.933888 	 lr: 0.00050
[epoch  28: 300/499] 	 train loss: 0.902154 	 lr: 0.00050
[epoch  28: 320/499] 	 train loss: 0.838213 	 lr: 0.00050
[epoch  28: 340/499] 	 train loss: 0.844072 	 lr: 0.00050
[epoch  28: 360/499] 	 train loss: 0.908438 	 lr: 0.00050
[epoch  28: 380/499] 	 train loss: 0.838703 	 lr: 0.00050
[epoch  28: 400/499] 	 train loss: 0.936423 	 lr: 0.00050
[epoch  28: 420/499] 	 train loss: 0.840113 	 lr: 0.00050
[epoch  28: 440/499] 	 train loss: 0.990505 	 lr: 0.00050
[epoch  28: 460/499] 	 train loss: 0.806697 	 lr: 0.00050
[epoch  28: 480/499] 	 train loss: 0.890592 	 lr: 0.00050
[epoch  29:   0/499] 	 train loss: 0.804916 	 lr: 0.00050
[epoch  29:  20/499] 	 train loss: 0.834660 	 lr: 0.00050
[epoch  29:  40/499] 	 train loss: 0.803760 	 lr: 0.00050
[epoch  29:  60/499] 	 train loss: 0.945890 	 lr: 0.00050
[epoch  29:  80/499] 	 train loss: 0.871522 	 lr: 0.00050
[epoch  29: 100/499] 	 train loss: 0.878153 	 lr: 0.00050
[epoch  29: 120/499] 	 train loss: 0.832127 	 lr: 0.00050
[epoch  29: 140/499] 	 train loss: 0.826418 	 lr: 0.00050
[epoch  29: 160/499] 	 train loss: 0.855338 	 lr: 0.00050
[epoch  29: 180/499] 	 train loss: 0.813176 	 lr: 0.00050
[epoch  29: 200/499] 	 train loss: 0.816771 	 lr: 0.00050
[epoch  29: 220/499] 	 train loss: 0.897770 	 lr: 0.00050
[epoch  29: 240/499] 	 train loss: 0.879586 	 lr: 0.00050
[epoch  29: 260/499] 	 train loss: 0.844318 	 lr: 0.00050
[epoch  29: 280/499] 	 train loss: 0.847092 	 lr: 0.00050
[epoch  29: 300/499] 	 train loss: 0.934319 	 lr: 0.00050
[epoch  29: 320/499] 	 train loss: 0.967865 	 lr: 0.00050
[epoch  29: 340/499] 	 train loss: 0.775774 	 lr: 0.00050
[epoch  29: 360/499] 	 train loss: 0.900009 	 lr: 0.00050
[epoch  29: 380/499] 	 train loss: 0.934175 	 lr: 0.00050
[epoch  29: 400/499] 	 train loss: 0.935777 	 lr: 0.00050
[epoch  29: 420/499] 	 train loss: 0.834056 	 lr: 0.00050
[epoch  29: 440/499] 	 train loss: 0.994564 	 lr: 0.00050
[epoch  29: 460/499] 	 train loss: 1.066844 	 lr: 0.00050
[epoch  29: 480/499] 	 train loss: 0.960854 	 lr: 0.00050
[epoch  30:   0/499] 	 train loss: 1.023624 	 lr: 0.00050
[epoch  30:  20/499] 	 train loss: 1.008892 	 lr: 0.00050
[epoch  30:  40/499] 	 train loss: 0.939447 	 lr: 0.00050
[epoch  30:  60/499] 	 train loss: 0.936499 	 lr: 0.00050
[epoch  30:  80/499] 	 train loss: 0.956235 	 lr: 0.00050
[epoch  30: 100/499] 	 train loss: 0.879017 	 lr: 0.00050
[epoch  30: 120/499] 	 train loss: 0.895556 	 lr: 0.00050
[epoch  30: 140/499] 	 train loss: 0.907769 	 lr: 0.00050
[epoch  30: 160/499] 	 train loss: 0.817332 	 lr: 0.00050
[epoch  30: 180/499] 	 train loss: 0.953617 	 lr: 0.00050
[epoch  30: 200/499] 	 train loss: 0.869684 	 lr: 0.00050
[epoch  30: 220/499] 	 train loss: 0.883740 	 lr: 0.00050
[epoch  30: 240/499] 	 train loss: 0.998064 	 lr: 0.00050
[epoch  30: 260/499] 	 train loss: 0.818075 	 lr: 0.00050
[epoch  30: 280/499] 	 train loss: 0.838307 	 lr: 0.00050
[epoch  30: 300/499] 	 train loss: 0.862935 	 lr: 0.00050
[epoch  30: 320/499] 	 train loss: 0.873801 	 lr: 0.00050
[epoch  30: 340/499] 	 train loss: 0.930978 	 lr: 0.00050
[epoch  30: 360/499] 	 train loss: 1.043014 	 lr: 0.00050
[epoch  30: 380/499] 	 train loss: 1.002331 	 lr: 0.00050
[epoch  30: 400/499] 	 train loss: 0.966393 	 lr: 0.00050
[epoch  30: 420/499] 	 train loss: 0.968838 	 lr: 0.00050
[epoch  30: 440/499] 	 train loss: 0.853822 	 lr: 0.00050
[epoch  30: 460/499] 	 train loss: 0.833369 	 lr: 0.00050
[epoch  30: 480/499] 	 train loss: 0.827229 	 lr: 0.00050
[epoch  31:   0/499] 	 train loss: 0.865673 	 lr: 0.00050
[epoch  31:  20/499] 	 train loss: 0.915172 	 lr: 0.00050
[epoch  31:  40/499] 	 train loss: 0.886208 	 lr: 0.00050
[epoch  31:  60/499] 	 train loss: 0.865254 	 lr: 0.00050
[epoch  31:  80/499] 	 train loss: 0.836287 	 lr: 0.00050
[epoch  31: 100/499] 	 train loss: 0.779034 	 lr: 0.00050
[epoch  31: 120/499] 	 train loss: 0.872720 	 lr: 0.00050
[epoch  31: 140/499] 	 train loss: 0.838924 	 lr: 0.00050
[epoch  31: 160/499] 	 train loss: 1.001575 	 lr: 0.00050
[epoch  31: 180/499] 	 train loss: 0.883415 	 lr: 0.00050
[epoch  31: 200/499] 	 train loss: 0.970862 	 lr: 0.00050
[epoch  31: 220/499] 	 train loss: 0.903324 	 lr: 0.00050
[epoch  31: 240/499] 	 train loss: 1.028352 	 lr: 0.00050
[epoch  31: 260/499] 	 train loss: 0.956117 	 lr: 0.00050
[epoch  31: 280/499] 	 train loss: 0.756730 	 lr: 0.00050
[epoch  31: 300/499] 	 train loss: 0.947089 	 lr: 0.00050
[epoch  31: 320/499] 	 train loss: 0.851321 	 lr: 0.00050
[epoch  31: 340/499] 	 train loss: 0.869993 	 lr: 0.00050
[epoch  31: 360/499] 	 train loss: 0.860052 	 lr: 0.00050
[epoch  31: 380/499] 	 train loss: 0.922666 	 lr: 0.00050
[epoch  31: 400/499] 	 train loss: 0.830516 	 lr: 0.00050
[epoch  31: 420/499] 	 train loss: 1.031430 	 lr: 0.00050
[epoch  31: 440/499] 	 train loss: 0.830398 	 lr: 0.00050
[epoch  31: 460/499] 	 train loss: 0.706873 	 lr: 0.00050
[epoch  31: 480/499] 	 train loss: 0.898385 	 lr: 0.00050
[epoch  32:   0/499] 	 train loss: 0.964074 	 lr: 0.00050
[epoch  32:  20/499] 	 train loss: 0.879965 	 lr: 0.00050
[epoch  32:  40/499] 	 train loss: 0.983212 	 lr: 0.00050
[epoch  32:  60/499] 	 train loss: 0.901711 	 lr: 0.00050
[epoch  32:  80/499] 	 train loss: 0.897042 	 lr: 0.00050
[epoch  32: 100/499] 	 train loss: 0.896011 	 lr: 0.00050
[epoch  32: 120/499] 	 train loss: 0.823926 	 lr: 0.00050
[epoch  32: 140/499] 	 train loss: 0.944560 	 lr: 0.00050
[epoch  32: 160/499] 	 train loss: 0.930725 	 lr: 0.00050
[epoch  32: 180/499] 	 train loss: 0.889239 	 lr: 0.00050
[epoch  32: 200/499] 	 train loss: 0.873558 	 lr: 0.00050
[epoch  32: 220/499] 	 train loss: 0.948427 	 lr: 0.00050
[epoch  32: 240/499] 	 train loss: 0.875825 	 lr: 0.00050
[epoch  32: 260/499] 	 train loss: 0.875989 	 lr: 0.00050
[epoch  32: 280/499] 	 train loss: 0.815278 	 lr: 0.00050
[epoch  32: 300/499] 	 train loss: 0.892744 	 lr: 0.00050
[epoch  32: 320/499] 	 train loss: 0.826569 	 lr: 0.00050
[epoch  32: 340/499] 	 train loss: 0.906278 	 lr: 0.00050
[epoch  32: 360/499] 	 train loss: 0.918296 	 lr: 0.00050
[epoch  32: 380/499] 	 train loss: 1.007791 	 lr: 0.00050
[epoch  32: 400/499] 	 train loss: 0.930093 	 lr: 0.00050
[epoch  32: 420/499] 	 train loss: 0.903640 	 lr: 0.00050
[epoch  32: 440/499] 	 train loss: 0.818109 	 lr: 0.00050
[epoch  32: 460/499] 	 train loss: 0.893316 	 lr: 0.00050
[epoch  32: 480/499] 	 train loss: 0.964535 	 lr: 0.00050
[epoch  33:   0/499] 	 train loss: 0.858079 	 lr: 0.00050
[epoch  33:  20/499] 	 train loss: 0.855817 	 lr: 0.00050
[epoch  33:  40/499] 	 train loss: 0.991833 	 lr: 0.00050
[epoch  33:  60/499] 	 train loss: 1.067793 	 lr: 0.00050
[epoch  33:  80/499] 	 train loss: 1.070448 	 lr: 0.00050
[epoch  33: 100/499] 	 train loss: 0.849632 	 lr: 0.00050
[epoch  33: 120/499] 	 train loss: 0.912553 	 lr: 0.00050
[epoch  33: 140/499] 	 train loss: 0.800604 	 lr: 0.00050
[epoch  33: 160/499] 	 train loss: 0.911021 	 lr: 0.00050
[epoch  33: 180/499] 	 train loss: 0.933861 	 lr: 0.00050
[epoch  33: 200/499] 	 train loss: 0.948835 	 lr: 0.00050
[epoch  33: 220/499] 	 train loss: 0.904502 	 lr: 0.00050
[epoch  33: 240/499] 	 train loss: 0.968459 	 lr: 0.00050
[epoch  33: 260/499] 	 train loss: 0.849140 	 lr: 0.00050
[epoch  33: 280/499] 	 train loss: 0.818866 	 lr: 0.00050
[epoch  33: 300/499] 	 train loss: 0.990710 	 lr: 0.00050
[epoch  33: 320/499] 	 train loss: 0.877577 	 lr: 0.00050
[epoch  33: 340/499] 	 train loss: 0.907499 	 lr: 0.00050
[epoch  33: 360/499] 	 train loss: 0.897546 	 lr: 0.00050
[epoch  33: 380/499] 	 train loss: 0.819438 	 lr: 0.00050
[epoch  33: 400/499] 	 train loss: 0.772425 	 lr: 0.00050
[epoch  33: 420/499] 	 train loss: 0.806044 	 lr: 0.00050
[epoch  33: 440/499] 	 train loss: 0.872453 	 lr: 0.00050
[epoch  33: 460/499] 	 train loss: 0.922780 	 lr: 0.00050
[epoch  33: 480/499] 	 train loss: 0.847195 	 lr: 0.00050
[epoch  34:   0/499] 	 train loss: 0.861510 	 lr: 0.00050
[epoch  34:  20/499] 	 train loss: 0.907136 	 lr: 0.00050
[epoch  34:  40/499] 	 train loss: 0.851768 	 lr: 0.00050
[epoch  34:  60/499] 	 train loss: 0.889834 	 lr: 0.00050
[epoch  34:  80/499] 	 train loss: 0.863558 	 lr: 0.00050
[epoch  34: 100/499] 	 train loss: 0.871370 	 lr: 0.00050
[epoch  34: 120/499] 	 train loss: 0.903999 	 lr: 0.00050
[epoch  34: 140/499] 	 train loss: 0.892399 	 lr: 0.00050
[epoch  34: 160/499] 	 train loss: 0.924245 	 lr: 0.00050
[epoch  34: 180/499] 	 train loss: 0.892760 	 lr: 0.00050
[epoch  34: 200/499] 	 train loss: 0.929612 	 lr: 0.00050
[epoch  34: 220/499] 	 train loss: 0.922115 	 lr: 0.00050
[epoch  34: 240/499] 	 train loss: 1.004298 	 lr: 0.00050
[epoch  34: 260/499] 	 train loss: 0.908205 	 lr: 0.00050
[epoch  34: 280/499] 	 train loss: 0.997042 	 lr: 0.00050
[epoch  34: 300/499] 	 train loss: 0.806666 	 lr: 0.00050
[epoch  34: 320/499] 	 train loss: 0.989183 	 lr: 0.00050
[epoch  34: 340/499] 	 train loss: 0.903003 	 lr: 0.00050
[epoch  34: 360/499] 	 train loss: 0.935535 	 lr: 0.00050
[epoch  34: 380/499] 	 train loss: 0.797570 	 lr: 0.00050
[epoch  34: 400/499] 	 train loss: 0.875963 	 lr: 0.00050
[epoch  34: 420/499] 	 train loss: 0.936630 	 lr: 0.00050
[epoch  34: 440/499] 	 train loss: 0.949289 	 lr: 0.00050
[epoch  34: 460/499] 	 train loss: 0.957565 	 lr: 0.00050
[epoch  34: 480/499] 	 train loss: 0.890754 	 lr: 0.00050
[epoch  35:   0/499] 	 train loss: 0.892666 	 lr: 0.00050
[epoch  35:  20/499] 	 train loss: 0.874246 	 lr: 0.00050
[epoch  35:  40/499] 	 train loss: 0.924426 	 lr: 0.00050
[epoch  35:  60/499] 	 train loss: 0.872109 	 lr: 0.00050
[epoch  35:  80/499] 	 train loss: 0.996412 	 lr: 0.00050
[epoch  35: 100/499] 	 train loss: 0.917310 	 lr: 0.00050
[epoch  35: 120/499] 	 train loss: 0.919369 	 lr: 0.00050
[epoch  35: 140/499] 	 train loss: 0.817638 	 lr: 0.00050
[epoch  35: 160/499] 	 train loss: 0.931252 	 lr: 0.00050
[epoch  35: 180/499] 	 train loss: 0.925415 	 lr: 0.00050
[epoch  35: 200/499] 	 train loss: 0.842681 	 lr: 0.00050
[epoch  35: 220/499] 	 train loss: 0.907971 	 lr: 0.00050
[epoch  35: 240/499] 	 train loss: 0.815875 	 lr: 0.00050
[epoch  35: 260/499] 	 train loss: 0.930631 	 lr: 0.00050
[epoch  35: 280/499] 	 train loss: 0.905016 	 lr: 0.00050
[epoch  35: 300/499] 	 train loss: 0.805791 	 lr: 0.00050
[epoch  35: 320/499] 	 train loss: 0.880690 	 lr: 0.00050
[epoch  35: 340/499] 	 train loss: 0.793406 	 lr: 0.00050
[epoch  35: 360/499] 	 train loss: 0.893478 	 lr: 0.00050
[epoch  35: 380/499] 	 train loss: 0.915601 	 lr: 0.00050
[epoch  35: 400/499] 	 train loss: 0.888586 	 lr: 0.00050
[epoch  35: 420/499] 	 train loss: 1.112895 	 lr: 0.00050
[epoch  35: 440/499] 	 train loss: 0.964341 	 lr: 0.00050
[epoch  35: 460/499] 	 train loss: 0.878986 	 lr: 0.00050
[epoch  35: 480/499] 	 train loss: 0.973373 	 lr: 0.00050
[epoch  36:   0/499] 	 train loss: 0.850554 	 lr: 0.00050
[epoch  36:  20/499] 	 train loss: 0.972203 	 lr: 0.00050
[epoch  36:  40/499] 	 train loss: 0.960075 	 lr: 0.00050
[epoch  36:  60/499] 	 train loss: 0.993912 	 lr: 0.00050
[epoch  36:  80/499] 	 train loss: 0.894403 	 lr: 0.00050
[epoch  36: 100/499] 	 train loss: 0.938869 	 lr: 0.00050
[epoch  36: 120/499] 	 train loss: 0.940052 	 lr: 0.00050
[epoch  36: 140/499] 	 train loss: 0.913860 	 lr: 0.00050
[epoch  36: 160/499] 	 train loss: 1.007913 	 lr: 0.00050
[epoch  36: 180/499] 	 train loss: 0.917009 	 lr: 0.00050
[epoch  36: 200/499] 	 train loss: 0.922667 	 lr: 0.00050
[epoch  36: 220/499] 	 train loss: 0.899186 	 lr: 0.00050
[epoch  36: 240/499] 	 train loss: 0.983302 	 lr: 0.00050
[epoch  36: 260/499] 	 train loss: 0.853670 	 lr: 0.00050
[epoch  36: 280/499] 	 train loss: 0.912163 	 lr: 0.00050
[epoch  36: 300/499] 	 train loss: 0.920604 	 lr: 0.00050
[epoch  36: 320/499] 	 train loss: 0.906202 	 lr: 0.00050
[epoch  36: 340/499] 	 train loss: 0.918936 	 lr: 0.00050
[epoch  36: 360/499] 	 train loss: 0.916055 	 lr: 0.00050
[epoch  36: 380/499] 	 train loss: 0.905230 	 lr: 0.00050
[epoch  36: 400/499] 	 train loss: 0.883536 	 lr: 0.00050
[epoch  36: 420/499] 	 train loss: 0.860029 	 lr: 0.00050
[epoch  36: 440/499] 	 train loss: 0.873962 	 lr: 0.00050
[epoch  36: 460/499] 	 train loss: 0.987811 	 lr: 0.00050
[epoch  36: 480/499] 	 train loss: 0.904151 	 lr: 0.00050
[epoch  37:   0/499] 	 train loss: 0.817192 	 lr: 0.00050
[epoch  37:  20/499] 	 train loss: 0.931217 	 lr: 0.00050
[epoch  37:  40/499] 	 train loss: 0.826675 	 lr: 0.00050
[epoch  37:  60/499] 	 train loss: 0.885756 	 lr: 0.00050
[epoch  37:  80/499] 	 train loss: 0.991998 	 lr: 0.00050
[epoch  37: 100/499] 	 train loss: 0.878806 	 lr: 0.00050
[epoch  37: 120/499] 	 train loss: 0.888346 	 lr: 0.00050
[epoch  37: 140/499] 	 train loss: 0.823287 	 lr: 0.00050
[epoch  37: 160/499] 	 train loss: 0.814768 	 lr: 0.00050
[epoch  37: 180/499] 	 train loss: 1.093184 	 lr: 0.00050
[epoch  37: 200/499] 	 train loss: 0.933136 	 lr: 0.00050
[epoch  37: 220/499] 	 train loss: 0.891491 	 lr: 0.00050
[epoch  37: 240/499] 	 train loss: 0.765286 	 lr: 0.00050
[epoch  37: 260/499] 	 train loss: 1.007062 	 lr: 0.00050
[epoch  37: 280/499] 	 train loss: 0.823423 	 lr: 0.00050
[epoch  37: 300/499] 	 train loss: 0.888427 	 lr: 0.00050
[epoch  37: 320/499] 	 train loss: 0.935396 	 lr: 0.00050
[epoch  37: 340/499] 	 train loss: 0.892919 	 lr: 0.00050
[epoch  37: 360/499] 	 train loss: 0.959447 	 lr: 0.00050
[epoch  37: 380/499] 	 train loss: 0.880335 	 lr: 0.00050
[epoch  37: 400/499] 	 train loss: 0.970513 	 lr: 0.00050
[epoch  37: 420/499] 	 train loss: 0.826518 	 lr: 0.00050
[epoch  37: 440/499] 	 train loss: 0.895804 	 lr: 0.00050
[epoch  37: 460/499] 	 train loss: 0.923897 	 lr: 0.00050
[epoch  37: 480/499] 	 train loss: 1.010158 	 lr: 0.00050
[epoch  38:   0/499] 	 train loss: 0.799935 	 lr: 0.00050
[epoch  38:  20/499] 	 train loss: 0.937637 	 lr: 0.00050
[epoch  38:  40/499] 	 train loss: 0.858344 	 lr: 0.00050
[epoch  38:  60/499] 	 train loss: 0.949888 	 lr: 0.00050
[epoch  38:  80/499] 	 train loss: 0.887369 	 lr: 0.00050
[epoch  38: 100/499] 	 train loss: 0.982954 	 lr: 0.00050
[epoch  38: 120/499] 	 train loss: 0.852682 	 lr: 0.00050
[epoch  38: 140/499] 	 train loss: 0.941377 	 lr: 0.00050
[epoch  38: 160/499] 	 train loss: 0.827136 	 lr: 0.00050
[epoch  38: 180/499] 	 train loss: 0.786550 	 lr: 0.00050
[epoch  38: 200/499] 	 train loss: 0.971308 	 lr: 0.00050
[epoch  38: 220/499] 	 train loss: 0.969127 	 lr: 0.00050
[epoch  38: 240/499] 	 train loss: 0.826179 	 lr: 0.00050
[epoch  38: 260/499] 	 train loss: 0.901242 	 lr: 0.00050
[epoch  38: 280/499] 	 train loss: 0.965996 	 lr: 0.00050
[epoch  38: 300/499] 	 train loss: 0.992064 	 lr: 0.00050
[epoch  38: 320/499] 	 train loss: 0.956932 	 lr: 0.00050
[epoch  38: 340/499] 	 train loss: 0.768443 	 lr: 0.00050
[epoch  38: 360/499] 	 train loss: 0.877200 	 lr: 0.00050
[epoch  38: 380/499] 	 train loss: 0.963316 	 lr: 0.00050
[epoch  38: 400/499] 	 train loss: 0.839540 	 lr: 0.00050
[epoch  38: 420/499] 	 train loss: 0.851321 	 lr: 0.00050
[epoch  38: 440/499] 	 train loss: 0.957747 	 lr: 0.00050
[epoch  38: 460/499] 	 train loss: 0.830112 	 lr: 0.00050
[epoch  38: 480/499] 	 train loss: 0.827367 	 lr: 0.00050
[epoch  39:   0/499] 	 train loss: 0.896720 	 lr: 0.00050
[epoch  39:  20/499] 	 train loss: 0.834753 	 lr: 0.00050
[epoch  39:  40/499] 	 train loss: 0.761432 	 lr: 0.00050
[epoch  39:  60/499] 	 train loss: 0.839869 	 lr: 0.00050
[epoch  39:  80/499] 	 train loss: 0.910619 	 lr: 0.00050
[epoch  39: 100/499] 	 train loss: 0.915246 	 lr: 0.00050
[epoch  39: 120/499] 	 train loss: 0.969092 	 lr: 0.00050
[epoch  39: 140/499] 	 train loss: 0.828016 	 lr: 0.00050
[epoch  39: 160/499] 	 train loss: 0.803094 	 lr: 0.00050
[epoch  39: 180/499] 	 train loss: 0.896285 	 lr: 0.00050
[epoch  39: 200/499] 	 train loss: 0.947532 	 lr: 0.00050
[epoch  39: 220/499] 	 train loss: 0.943841 	 lr: 0.00050
[epoch  39: 240/499] 	 train loss: 0.926894 	 lr: 0.00050
[epoch  39: 260/499] 	 train loss: 0.874112 	 lr: 0.00050
[epoch  39: 280/499] 	 train loss: 0.934343 	 lr: 0.00050
[epoch  39: 300/499] 	 train loss: 0.919175 	 lr: 0.00050
[epoch  39: 320/499] 	 train loss: 0.948336 	 lr: 0.00050
[epoch  39: 340/499] 	 train loss: 0.986080 	 lr: 0.00050
[epoch  39: 360/499] 	 train loss: 0.891586 	 lr: 0.00050
[epoch  39: 380/499] 	 train loss: 0.899882 	 lr: 0.00050
[epoch  39: 400/499] 	 train loss: 0.808064 	 lr: 0.00050
[epoch  39: 420/499] 	 train loss: 1.027006 	 lr: 0.00050
[epoch  39: 440/499] 	 train loss: 0.915852 	 lr: 0.00050
[epoch  39: 460/499] 	 train loss: 0.790005 	 lr: 0.00050
[epoch  39: 480/499] 	 train loss: 0.965429 	 lr: 0.00050
[epoch  40:   0/499] 	 train loss: 0.923097 	 lr: 0.00050
[epoch  40:  20/499] 	 train loss: 0.932304 	 lr: 0.00050
[epoch  40:  40/499] 	 train loss: 0.952037 	 lr: 0.00050
[epoch  40:  60/499] 	 train loss: 0.894391 	 lr: 0.00050
[epoch  40:  80/499] 	 train loss: 0.821375 	 lr: 0.00050
[epoch  40: 100/499] 	 train loss: 0.980606 	 lr: 0.00050
[epoch  40: 120/499] 	 train loss: 0.900233 	 lr: 0.00050
[epoch  40: 140/499] 	 train loss: 0.875808 	 lr: 0.00050
[epoch  40: 160/499] 	 train loss: 0.931349 	 lr: 0.00050
[epoch  40: 180/499] 	 train loss: 0.787971 	 lr: 0.00050
[epoch  40: 200/499] 	 train loss: 0.841905 	 lr: 0.00050
[epoch  40: 220/499] 	 train loss: 0.763093 	 lr: 0.00050
[epoch  40: 240/499] 	 train loss: 1.004218 	 lr: 0.00050
[epoch  40: 260/499] 	 train loss: 0.775173 	 lr: 0.00050
[epoch  40: 280/499] 	 train loss: 0.921286 	 lr: 0.00050
[epoch  40: 300/499] 	 train loss: 0.871624 	 lr: 0.00050
[epoch  40: 320/499] 	 train loss: 0.783055 	 lr: 0.00050
[epoch  40: 340/499] 	 train loss: 0.867618 	 lr: 0.00050
[epoch  40: 360/499] 	 train loss: 0.993685 	 lr: 0.00050
[epoch  40: 380/499] 	 train loss: 0.915589 	 lr: 0.00050
[epoch  40: 400/499] 	 train loss: 0.932280 	 lr: 0.00050
[epoch  40: 420/499] 	 train loss: 0.845627 	 lr: 0.00050
[epoch  40: 440/499] 	 train loss: 0.843808 	 lr: 0.00050
[epoch  40: 460/499] 	 train loss: 0.891527 	 lr: 0.00050
[epoch  40: 480/499] 	 train loss: 0.861138 	 lr: 0.00050
[epoch  41:   0/499] 	 train loss: 0.732835 	 lr: 0.00050
[epoch  41:  20/499] 	 train loss: 0.859920 	 lr: 0.00050
[epoch  41:  40/499] 	 train loss: 0.874646 	 lr: 0.00050
[epoch  41:  60/499] 	 train loss: 0.990019 	 lr: 0.00050
[epoch  41:  80/499] 	 train loss: 0.834162 	 lr: 0.00050
[epoch  41: 100/499] 	 train loss: 0.857277 	 lr: 0.00050
[epoch  41: 120/499] 	 train loss: 0.870001 	 lr: 0.00050
[epoch  41: 140/499] 	 train loss: 0.721582 	 lr: 0.00050
[epoch  41: 160/499] 	 train loss: 0.865618 	 lr: 0.00050
[epoch  41: 180/499] 	 train loss: 0.880007 	 lr: 0.00050
[epoch  41: 200/499] 	 train loss: 0.951404 	 lr: 0.00050
[epoch  41: 220/499] 	 train loss: 0.875819 	 lr: 0.00050
[epoch  41: 240/499] 	 train loss: 0.931503 	 lr: 0.00050
[epoch  41: 260/499] 	 train loss: 0.926506 	 lr: 0.00050
[epoch  41: 280/499] 	 train loss: 0.779420 	 lr: 0.00050
[epoch  41: 300/499] 	 train loss: 0.939073 	 lr: 0.00050
[epoch  41: 320/499] 	 train loss: 0.970849 	 lr: 0.00050
[epoch  41: 340/499] 	 train loss: 0.826490 	 lr: 0.00050
[epoch  41: 360/499] 	 train loss: 0.897078 	 lr: 0.00050
[epoch  41: 380/499] 	 train loss: 0.919739 	 lr: 0.00050
[epoch  41: 400/499] 	 train loss: 0.929711 	 lr: 0.00050
[epoch  41: 420/499] 	 train loss: 0.920325 	 lr: 0.00050
[epoch  41: 440/499] 	 train loss: 0.948947 	 lr: 0.00050
[epoch  41: 460/499] 	 train loss: 0.943659 	 lr: 0.00050
[epoch  41: 480/499] 	 train loss: 0.940939 	 lr: 0.00050
[epoch  42:   0/499] 	 train loss: 0.858932 	 lr: 0.00050
[epoch  42:  20/499] 	 train loss: 0.896625 	 lr: 0.00050
[epoch  42:  40/499] 	 train loss: 0.966073 	 lr: 0.00050
[epoch  42:  60/499] 	 train loss: 0.997870 	 lr: 0.00050
[epoch  42:  80/499] 	 train loss: 0.989995 	 lr: 0.00050
****** Airplane: 0.100440
****** Bag: 0.000000
****** Cap: 0.000000
****** Car: 0.063291
****** Chair: 0.208452
****** Earphone: 0.119048
****** Guitar: 0.000000
****** Knife: 0.000000
****** Lamp: 0.312937
****** Laptop: 0.000000
****** Motorbike: 0.055556
****** Mug: 0.026316
****** Pistol: 0.007576
****** Rocket: 0.000000
****** Skateboard: 0.215054
****** Table: 0.227201
************ Test Loss: 4.421164
************ Class_mIoU: 0.083492
************ Instance_mIoU: 0.168986
[epoch  42: 100/499] 	 train loss: 0.879370 	 lr: 0.00050
[epoch  42: 120/499] 	 train loss: 0.957397 	 lr: 0.00050
[epoch  42: 140/499] 	 train loss: 0.832306 	 lr: 0.00050
[epoch  42: 160/499] 	 train loss: 0.837317 	 lr: 0.00050
[epoch  42: 180/499] 	 train loss: 0.871745 	 lr: 0.00050
[epoch  42: 200/499] 	 train loss: 0.850366 	 lr: 0.00050
[epoch  42: 220/499] 	 train loss: 0.821865 	 lr: 0.00050
[epoch  42: 240/499] 	 train loss: 1.034091 	 lr: 0.00050
[epoch  42: 260/499] 	 train loss: 0.940386 	 lr: 0.00050
[epoch  42: 280/499] 	 train loss: 0.808650 	 lr: 0.00050
[epoch  42: 300/499] 	 train loss: 0.895274 	 lr: 0.00050
[epoch  42: 320/499] 	 train loss: 0.838206 	 lr: 0.00050
[epoch  42: 340/499] 	 train loss: 0.901877 	 lr: 0.00050
[epoch  42: 360/499] 	 train loss: 0.943129 	 lr: 0.00050
[epoch  42: 380/499] 	 train loss: 0.764627 	 lr: 0.00050
[epoch  42: 400/499] 	 train loss: 0.835774 	 lr: 0.00050
[epoch  42: 420/499] 	 train loss: 0.848126 	 lr: 0.00050
****** Airplane: 0.100440
****** Bag: 0.000000
****** Cap: 0.000000
****** Car: 0.064873
****** Chair: 0.208807
****** Earphone: 0.119048
****** Guitar: 0.000000
****** Knife: 0.000000
****** Lamp: 0.319056
****** Laptop: 0.000000
****** Motorbike: 0.055556
****** Mug: 0.026316
****** Pistol: 0.007576
****** Rocket: 0.000000
****** Skateboard: 0.215054
****** Table: 0.224843
************ Test Loss: 2.657515
************ Class_mIoU: 0.083848
************ Instance_mIoU: 0.169073
[epoch  42: 440/499] 	 train loss: 0.942452 	 lr: 0.00050
[epoch  42: 460/499] 	 train loss: 0.976468 	 lr: 0.00050
[epoch  42: 480/499] 	 train loss: 0.994884 	 lr: 0.00050
[epoch  43:   0/499] 	 train loss: 0.825143 	 lr: 0.00050
[epoch  43:  20/499] 	 train loss: 0.917846 	 lr: 0.00050
[epoch  43:  40/499] 	 train loss: 0.976438 	 lr: 0.00050
[epoch  43:  60/499] 	 train loss: 0.864003 	 lr: 0.00050
[epoch  43:  80/499] 	 train loss: 0.978596 	 lr: 0.00050
[epoch  43: 100/499] 	 train loss: 0.878530 	 lr: 0.00050
[epoch  43: 120/499] 	 train loss: 0.884238 	 lr: 0.00050
[epoch  43: 140/499] 	 train loss: 0.862166 	 lr: 0.00050
[epoch  43: 160/499] 	 train loss: 0.915902 	 lr: 0.00050
[epoch  43: 180/499] 	 train loss: 0.779810 	 lr: 0.00050
[epoch  43: 200/499] 	 train loss: 0.877394 	 lr: 0.00050
[epoch  43: 220/499] 	 train loss: 0.942379 	 lr: 0.00050
[epoch  43: 240/499] 	 train loss: 0.756427 	 lr: 0.00050
[epoch  43: 260/499] 	 train loss: 0.735591 	 lr: 0.00050
[epoch  43: 280/499] 	 train loss: 0.922066 	 lr: 0.00050
****** Airplane: 0.098974
****** Bag: 0.000000
****** Cap: 0.000000
****** Car: 0.064873
****** Chair: 0.209162
****** Earphone: 0.095238
****** Guitar: 0.000000
****** Knife: 0.000000
****** Lamp: 0.300699
****** Laptop: 0.000000
****** Motorbike: 0.055556
****** Mug: 0.026316
****** Pistol: 0.007576
****** Rocket: 0.000000
****** Skateboard: 0.215054
****** Table: 0.224450
************ Test Loss: 7.596791
************ Class_mIoU: 0.081119
************ Instance_mIoU: 0.166928
[epoch  43: 300/499] 	 train loss: 0.913678 	 lr: 0.00050
[epoch  43: 320/499] 	 train loss: 0.830872 	 lr: 0.00050
[epoch  43: 340/499] 	 train loss: 0.930600 	 lr: 0.00050
[epoch  43: 360/499] 	 train loss: 0.996623 	 lr: 0.00050
[epoch  43: 380/499] 	 train loss: 0.875225 	 lr: 0.00050
[epoch  43: 400/499] 	 train loss: 0.926877 	 lr: 0.00050
[epoch  43: 420/499] 	 train loss: 0.820416 	 lr: 0.00050
[epoch  43: 440/499] 	 train loss: 0.827456 	 lr: 0.00050
[epoch  43: 460/499] 	 train loss: 0.861720 	 lr: 0.00050
[epoch  43: 480/499] 	 train loss: 0.887093 	 lr: 0.00050
[epoch  44:   0/499] 	 train loss: 0.893927 	 lr: 0.00025
[epoch  44:  20/499] 	 train loss: 0.883667 	 lr: 0.00025
[epoch  44:  40/499] 	 train loss: 0.784466 	 lr: 0.00025
[epoch  44:  60/499] 	 train loss: 0.809381 	 lr: 0.00025
[epoch  44:  80/499] 	 train loss: 0.934858 	 lr: 0.00025
[epoch  44: 100/499] 	 train loss: 0.819073 	 lr: 0.00025
[epoch  44: 120/499] 	 train loss: 0.904491 	 lr: 0.00025
****** Airplane: 0.099707
****** Bag: 0.000000
****** Cap: 0.000000
****** Car: 0.064873
****** Chair: 0.208807
****** Earphone: 0.142857
****** Guitar: 0.000000
****** Knife: 0.000000
****** Lamp: 0.310315
****** Laptop: 0.000000
****** Motorbike: 0.055556
****** Mug: 0.026316
****** Pistol: 0.007576
****** Rocket: 0.000000
****** Skateboard: 0.215054
****** Table: 0.233097
************ Test Loss: 19.578827
************ Class_mIoU: 0.085260
************ Instance_mIoU: 0.170668
[epoch  44: 140/499] 	 train loss: 0.868195 	 lr: 0.00025
[epoch  44: 160/499] 	 train loss: 0.809660 	 lr: 0.00025
[epoch  44: 180/499] 	 train loss: 0.874645 	 lr: 0.00025
[epoch  44: 200/499] 	 train loss: 0.864858 	 lr: 0.00025
[epoch  44: 220/499] 	 train loss: 0.991409 	 lr: 0.00025
[epoch  44: 240/499] 	 train loss: 0.907312 	 lr: 0.00025
[epoch  44: 260/499] 	 train loss: 0.924815 	 lr: 0.00025
[epoch  44: 280/499] 	 train loss: 0.750007 	 lr: 0.00025
[epoch  44: 300/499] 	 train loss: 0.858075 	 lr: 0.00025
[epoch  44: 320/499] 	 train loss: 0.758736 	 lr: 0.00025
[epoch  44: 340/499] 	 train loss: 0.886483 	 lr: 0.00025
[epoch  44: 360/499] 	 train loss: 0.798638 	 lr: 0.00025
[epoch  44: 380/499] 	 train loss: 0.889701 	 lr: 0.00025
[epoch  44: 400/499] 	 train loss: 0.830150 	 lr: 0.00025
[epoch  44: 420/499] 	 train loss: 0.837373 	 lr: 0.00025
[epoch  44: 440/499] 	 train loss: 0.956860 	 lr: 0.00025
[epoch  44: 460/499] 	 train loss: 0.926684 	 lr: 0.00025
[epoch  44: 480/499] 	 train loss: 1.012133 	 lr: 0.00025
****** Airplane: 0.101173
****** Bag: 0.000000
****** Cap: 0.000000
****** Car: 0.063291
****** Chair: 0.208807
****** Earphone: 0.119048
****** Guitar: 0.000000
****** Knife: 0.000000
****** Lamp: 0.304196
****** Laptop: 0.000000
****** Motorbike: 0.055556
****** Mug: 0.026316
****** Pistol: 0.007576
****** Rocket: 0.000000
****** Skateboard: 0.215054
****** Table: 0.224450
************ Test Loss: 6.244667
************ Class_mIoU: 0.082842
************ Instance_mIoU: 0.167479
[epoch  45:   0/499] 	 train loss: 0.921045 	 lr: 0.00025
[epoch  45:  20/499] 	 train loss: 0.906262 	 lr: 0.00025
[epoch  45:  40/499] 	 train loss: 0.912819 	 lr: 0.00025
[epoch  45:  60/499] 	 train loss: 0.809334 	 lr: 0.00025
[epoch  45:  80/499] 	 train loss: 0.873691 	 lr: 0.00025
[epoch  45: 100/499] 	 train loss: 0.902237 	 lr: 0.00025
[epoch  45: 120/499] 	 train loss: 0.849913 	 lr: 0.00025
[epoch  45: 140/499] 	 train loss: 0.980321 	 lr: 0.00025
[epoch  45: 160/499] 	 train loss: 0.856743 	 lr: 0.00025
[epoch  45: 180/499] 	 train loss: 0.883552 	 lr: 0.00025
[epoch  45: 200/499] 	 train loss: 0.885979 	 lr: 0.00025
[epoch  45: 220/499] 	 train loss: 1.009909 	 lr: 0.00025
[epoch  45: 240/499] 	 train loss: 0.833655 	 lr: 0.00025
[epoch  45: 260/499] 	 train loss: 0.940988 	 lr: 0.00025
[epoch  45: 280/499] 	 train loss: 0.936683 	 lr: 0.00025
[epoch  45: 300/499] 	 train loss: 0.845644 	 lr: 0.00025
[epoch  45: 320/499] 	 train loss: 0.825013 	 lr: 0.00025
****** Airplane: 0.100440
****** Bag: 0.000000
****** Cap: 0.000000
****** Car: 0.061709
****** Chair: 0.208452
****** Earphone: 0.119048
****** Guitar: 0.000000
****** Knife: 0.000000
****** Lamp: 0.299825
****** Laptop: 0.000000
****** Motorbike: 0.055556
****** Mug: 0.026316
****** Pistol: 0.007576
****** Rocket: 0.000000
****** Skateboard: 0.215054
****** Table: 0.230346
************ Test Loss: 3.110761
************ Class_mIoU: 0.082770
************ Instance_mIoU: 0.168522
[epoch  45: 340/499] 	 train loss: 1.042676 	 lr: 0.00025
[epoch  45: 360/499] 	 train loss: 0.886509 	 lr: 0.00025
[epoch  45: 380/499] 	 train loss: 0.828554 	 lr: 0.00025
[epoch  45: 400/499] 	 train loss: 0.900691 	 lr: 0.00025
[epoch  45: 420/499] 	 train loss: 0.913266 	 lr: 0.00025
[epoch  45: 440/499] 	 train loss: 0.884494 	 lr: 0.00025
[epoch  45: 460/499] 	 train loss: 0.899716 	 lr: 0.00025
[epoch  45: 480/499] 	 train loss: 0.916537 	 lr: 0.00025
[epoch  46:   0/499] 	 train loss: 0.962048 	 lr: 0.00025
[epoch  46:  20/499] 	 train loss: 0.737718 	 lr: 0.00025
[epoch  46:  40/499] 	 train loss: 0.801669 	 lr: 0.00025
[epoch  46:  60/499] 	 train loss: 0.869456 	 lr: 0.00025
[epoch  46:  80/499] 	 train loss: 0.855579 	 lr: 0.00025
[epoch  46: 100/499] 	 train loss: 0.891681 	 lr: 0.00025
[epoch  46: 120/499] 	 train loss: 0.962767 	 lr: 0.00025
[epoch  46: 140/499] 	 train loss: 0.848546 	 lr: 0.00025
[epoch  46: 160/499] 	 train loss: 0.834382 	 lr: 0.00025
[epoch  46: 180/499] 	 train loss: 0.908348 	 lr: 0.00025
****** Airplane: 0.101173
****** Bag: 0.000000
****** Cap: 0.000000
****** Car: 0.064873
****** Chair: 0.208807
****** Earphone: 0.119048
****** Guitar: 0.000000
****** Knife: 0.000000
****** Lamp: 0.312937
****** Laptop: 0.000000
****** Motorbike: 0.055556
****** Mug: 0.026316
****** Pistol: 0.007576
****** Rocket: 0.000000
****** Skateboard: 0.215054
****** Table: 0.227201
************ Test Loss: 3.811111
************ Class_mIoU: 0.083659
************ Instance_mIoU: 0.169247
[epoch  46: 200/499] 	 train loss: 0.895836 	 lr: 0.00025
[epoch  46: 220/499] 	 train loss: 0.880357 	 lr: 0.00025
[epoch  46: 240/499] 	 train loss: 0.941903 	 lr: 0.00025
[epoch  46: 260/499] 	 train loss: 0.839384 	 lr: 0.00025
[epoch  46: 280/499] 	 train loss: 0.890908 	 lr: 0.00025
[epoch  46: 300/499] 	 train loss: 0.978233 	 lr: 0.00025
[epoch  46: 320/499] 	 train loss: 1.124788 	 lr: 0.00025
[epoch  46: 340/499] 	 train loss: 0.918130 	 lr: 0.00025
[epoch  46: 360/499] 	 train loss: 0.805843 	 lr: 0.00025
[epoch  46: 380/499] 	 train loss: 0.993907 	 lr: 0.00025
[epoch  46: 400/499] 	 train loss: 0.898738 	 lr: 0.00025
[epoch  46: 420/499] 	 train loss: 1.044474 	 lr: 0.00025
[epoch  46: 440/499] 	 train loss: 0.813203 	 lr: 0.00025
[epoch  46: 460/499] 	 train loss: 0.882557 	 lr: 0.00025
[epoch  46: 480/499] 	 train loss: 0.872956 	 lr: 0.00025
[epoch  47:   0/499] 	 train loss: 0.925819 	 lr: 0.00025
[epoch  47:  20/499] 	 train loss: 0.821871 	 lr: 0.00025
****** Airplane: 0.101173
****** Bag: 0.000000
****** Cap: 0.000000
****** Car: 0.064873
****** Chair: 0.209162
****** Earphone: 0.119048
****** Guitar: 0.000000
****** Knife: 0.000000
****** Lamp: 0.307692
****** Laptop: 0.000000
****** Motorbike: 0.055556
****** Mug: 0.026316
****** Pistol: 0.007576
****** Rocket: 0.000000
****** Skateboard: 0.215054
****** Table: 0.229167
************ Test Loss: 8.541477
************ Class_mIoU: 0.083476
************ Instance_mIoU: 0.169392
[epoch  47:  40/499] 	 train loss: 0.907457 	 lr: 0.00025
[epoch  47:  60/499] 	 train loss: 0.937895 	 lr: 0.00025
[epoch  47:  80/499] 	 train loss: 0.993042 	 lr: 0.00025
[epoch  47: 100/499] 	 train loss: 1.011942 	 lr: 0.00025
[epoch  47: 120/499] 	 train loss: 0.882693 	 lr: 0.00025
[epoch  47: 140/499] 	 train loss: 0.898966 	 lr: 0.00025
[epoch  47: 160/499] 	 train loss: 0.913859 	 lr: 0.00025
[epoch  47: 180/499] 	 train loss: 0.919085 	 lr: 0.00025
[epoch  47: 200/499] 	 train loss: 0.852887 	 lr: 0.00025
[epoch  47: 220/499] 	 train loss: 1.036209 	 lr: 0.00025
[epoch  47: 240/499] 	 train loss: 1.000827 	 lr: 0.00025
[epoch  47: 260/499] 	 train loss: 1.035908 	 lr: 0.00025
[epoch  47: 280/499] 	 train loss: 0.954603 	 lr: 0.00025
[epoch  47: 300/499] 	 train loss: 0.922781 	 lr: 0.00025
[epoch  47: 320/499] 	 train loss: 0.926848 	 lr: 0.00025
[epoch  47: 340/499] 	 train loss: 0.889589 	 lr: 0.00025
[epoch  47: 360/499] 	 train loss: 0.969782 	 lr: 0.00025
[epoch  47: 380/499] 	 train loss: 0.836357 	 lr: 0.00025
****** Airplane: 0.101173
****** Bag: 0.000000
****** Cap: 0.000000
****** Car: 0.064873
****** Chair: 0.209162
****** Earphone: 0.119048
****** Guitar: 0.000000
****** Knife: 0.000000
****** Lamp: 0.312063
****** Laptop: 0.000000
****** Motorbike: 0.055556
****** Mug: 0.026316
****** Pistol: 0.007576
****** Rocket: 0.000000
****** Skateboard: 0.215054
****** Table: 0.227594
************ Test Loss: 2.932644
************ Class_mIoU: 0.083651
************ Instance_mIoU: 0.169363
[epoch  47: 400/499] 	 train loss: 0.821104 	 lr: 0.00025
[epoch  47: 420/499] 	 train loss: 0.873594 	 lr: 0.00025
[epoch  47: 440/499] 	 train loss: 0.795082 	 lr: 0.00025
[epoch  47: 460/499] 	 train loss: 1.007937 	 lr: 0.00025
[epoch  47: 480/499] 	 train loss: 0.876030 	 lr: 0.00025
[epoch  48:   0/499] 	 train loss: 0.859083 	 lr: 0.00025
[epoch  48:  20/499] 	 train loss: 0.968338 	 lr: 0.00025
[epoch  48:  40/499] 	 train loss: 0.864652 	 lr: 0.00025
[epoch  48:  60/499] 	 train loss: 0.976985 	 lr: 0.00025
[epoch  48:  80/499] 	 train loss: 0.939030 	 lr: 0.00025
[epoch  48: 100/499] 	 train loss: 0.986833 	 lr: 0.00025
[epoch  48: 120/499] 	 train loss: 1.013043 	 lr: 0.00025
[epoch  48: 140/499] 	 train loss: 0.845895 	 lr: 0.00025
[epoch  48: 160/499] 	 train loss: 0.814232 	 lr: 0.00025
[epoch  48: 180/499] 	 train loss: 0.926049 	 lr: 0.00025
[epoch  48: 200/499] 	 train loss: 0.781110 	 lr: 0.00025
[epoch  48: 220/499] 	 train loss: 0.949064 	 lr: 0.00025
****** Airplane: 0.100440
****** Bag: 0.000000
****** Cap: 0.000000
****** Car: 0.064873
****** Chair: 0.208807
****** Earphone: 0.119048
****** Guitar: 0.000000
****** Knife: 0.000000
****** Lamp: 0.313811
****** Laptop: 0.000000
****** Motorbike: 0.055556
****** Mug: 0.026316
****** Pistol: 0.007576
****** Rocket: 0.000000
****** Skateboard: 0.215054
****** Table: 0.228774
************ Test Loss: 8.390125
************ Class_mIoU: 0.083766
************ Instance_mIoU: 0.169711
[epoch  48: 240/499] 	 train loss: 0.908103 	 lr: 0.00025
[epoch  48: 260/499] 	 train loss: 0.979579 	 lr: 0.00025
[epoch  48: 280/499] 	 train loss: 0.832997 	 lr: 0.00025
[epoch  48: 300/499] 	 train loss: 0.990485 	 lr: 0.00025
[epoch  48: 320/499] 	 train loss: 0.857330 	 lr: 0.00025
[epoch  48: 340/499] 	 train loss: 0.897081 	 lr: 0.00025
[epoch  48: 360/499] 	 train loss: 0.864032 	 lr: 0.00025
[epoch  48: 380/499] 	 train loss: 0.920177 	 lr: 0.00025
[epoch  48: 400/499] 	 train loss: 0.859924 	 lr: 0.00025
[epoch  48: 420/499] 	 train loss: 0.972516 	 lr: 0.00025
[epoch  48: 440/499] 	 train loss: 0.887322 	 lr: 0.00025
[epoch  48: 460/499] 	 train loss: 0.815331 	 lr: 0.00025
[epoch  48: 480/499] 	 train loss: 0.946274 	 lr: 0.00025
[epoch  49:   0/499] 	 train loss: 0.822056 	 lr: 0.00025
[epoch  49:  20/499] 	 train loss: 0.869214 	 lr: 0.00025
[epoch  49:  40/499] 	 train loss: 0.838663 	 lr: 0.00025
[epoch  49:  60/499] 	 train loss: 0.920158 	 lr: 0.00025
[epoch  49:  80/499] 	 train loss: 0.870372 	 lr: 0.00025
****** Airplane: 0.101173
****** Bag: 0.000000
****** Cap: 0.000000
****** Car: 0.064873
****** Chair: 0.208452
****** Earphone: 0.119048
****** Guitar: 0.000000
****** Knife: 0.000000
****** Lamp: 0.309441
****** Laptop: 0.000000
****** Motorbike: 0.055556
****** Mug: 0.026316
****** Pistol: 0.007576
****** Rocket: 0.000000
****** Skateboard: 0.215054
****** Table: 0.227594
************ Test Loss: 6.533106
************ Class_mIoU: 0.083443
************ Instance_mIoU: 0.168928
