train_partseg.py:37: YAMLLoadWarning: calling yaml.load() without Loader=... is deprecated, as the default Loader is unsafe. Please read https://msg.pyyaml.org/load for full details.
  config = yaml.load(f)

**************************

[workers]: 4

[num_points]: 2048

[num_classes]: 50

[batch_size]: 28

[base_lr]: 0.001

[lr_clip]: 1e-05

[lr_decay]: 0.5

[decay_step]: 50

[epochs]: 500

[weight_decay]: 0

[bn_momentum]: 0.9

[bnm_clip]: 0.01

[bn_decay]: 0.5

[evaluate]: 1

[val_freq_epoch]: 10

[print_freq_iter]: 20

[input_channels]: 0

[relation_prior]: 1

[checkpoint]: 

[save_path]: seg

[data_root]: /media/disk3/pyy/Relation-Shape-CNN/shapenetcore_partanno_segmentation_benchmark_v0_normal

**************************

[epoch   1] 	 train loss: 1.909386 	 lr: 0.00100
****** Airplane: 0.223914
****** Bag: 0.448783
****** Cap: 0.363659
****** Car: 0.240711
****** Chair: 0.343138
****** Earphone: 0.352272
****** Guitar: 0.226702
****** Knife: 0.250610
****** Lamp: 0.480905
****** Laptop: 0.360167
****** Motorbike: 0.168430
****** Mug: 0.485923
****** Pistol: 0.237234
****** Rocket: 0.226481
****** Skateboard: 0.437195
****** Table: 0.452854
************ Test Loss: 3.090266
************ Class_mIoU: 0.331186
************ Instance_mIoU: 0.359250
[epoch   2] 	 train loss: 0.986160 	 lr: 0.00100
****** Airplane: 0.224637
****** Bag: 0.447597
****** Cap: 0.345526
****** Car: 0.240981
****** Chair: 0.312526
****** Earphone: 0.350970
****** Guitar: 0.224477
****** Knife: 0.269031
****** Lamp: 0.478038
****** Laptop: 0.274504
****** Motorbike: 0.169097
****** Mug: 0.485782
****** Pistol: 0.235936
****** Rocket: 0.226563
****** Skateboard: 0.437132
****** Table: 0.457987
************ Test Loss: 22.113240
************ Class_mIoU: 0.323799
************ Instance_mIoU: 0.350905
[epoch   3] 	 train loss: 0.929749 	 lr: 0.00100
****** Airplane: 0.224710
****** Bag: 0.448626
****** Cap: 0.365479
****** Car: 0.242224
****** Chair: 0.337478
****** Earphone: 0.351458
****** Guitar: 0.226793
****** Knife: 0.275820
****** Lamp: 0.478030
****** Laptop: 0.369637
****** Motorbike: 0.166475
****** Mug: 0.485763
****** Pistol: 0.235973
****** Rocket: 0.227417
****** Skateboard: 0.437327
****** Table: 0.458963
************ Test Loss: 3.325251
************ Class_mIoU: 0.333261
************ Instance_mIoU: 0.360489
[epoch   4] 	 train loss: 0.916592 	 lr: 0.00100
****** Airplane: 0.222513
****** Bag: 0.447859
****** Cap: 0.361528
****** Car: 0.240725
****** Chair: 0.322379
****** Earphone: 0.351214
****** Guitar: 0.251317
****** Knife: 0.247961
****** Lamp: 0.479500
****** Laptop: 0.294374
****** Motorbike: 0.167608
****** Mug: 0.486572
****** Pistol: 0.236413
****** Rocket: 0.228617
****** Skateboard: 0.436492
****** Table: 0.461138
************ Test Loss: 87.589118
************ Class_mIoU: 0.327263
************ Instance_mIoU: 0.355656
[epoch   5] 	 train loss: 0.908192 	 lr: 0.00100
****** Airplane: 0.224573
****** Bag: 0.448033
****** Cap: 0.368408
****** Car: 0.240859
****** Chair: 0.356603
****** Earphone: 0.348700
****** Guitar: 0.255462
****** Knife: 0.297917
****** Lamp: 0.485733
****** Laptop: 0.441086
****** Motorbike: 0.169122
****** Mug: 0.485891
****** Pistol: 0.244073
****** Rocket: 0.227987
****** Skateboard: 0.437337
****** Table: 0.460210
************ Test Loss: 2.867643
************ Class_mIoU: 0.343250
************ Instance_mIoU: 0.370651
[epoch   6] 	 train loss: 0.901643 	 lr: 0.00100
****** Airplane: 0.225872
****** Bag: 0.448399
****** Cap: 0.402804
****** Car: 0.240591
****** Chair: 0.346850
****** Earphone: 0.350284
****** Guitar: 0.259684
****** Knife: 0.295167
****** Lamp: 0.500237
****** Laptop: 0.432191
****** Motorbike: 0.168936
****** Mug: 0.485795
****** Pistol: 0.234715
****** Rocket: 0.226997
****** Skateboard: 0.437411
****** Table: 0.461016
************ Test Loss: 17.274227
************ Class_mIoU: 0.344809
************ Instance_mIoU: 0.369973
[epoch   7] 	 train loss: 0.896968 	 lr: 0.00100
****** Airplane: 0.222155
****** Bag: 0.448887
****** Cap: 0.366344
****** Car: 0.242605
****** Chair: 0.372310
****** Earphone: 0.350795
****** Guitar: 0.260219
****** Knife: 0.359122
****** Lamp: 0.505539
****** Laptop: 0.466665
****** Motorbike: 0.169309
****** Mug: 0.486193
****** Pistol: 0.236757
****** Rocket: 0.199626
****** Skateboard: 0.436886
****** Table: 0.460941
************ Test Loss: 21.597939
************ Class_mIoU: 0.349022
************ Instance_mIoU: 0.378979
[epoch   8] 	 train loss: 0.894249 	 lr: 0.00100
****** Airplane: 0.223549
****** Bag: 0.448574
****** Cap: 0.363969
****** Car: 0.240328
****** Chair: 0.359425
****** Earphone: 0.350458
****** Guitar: 0.233038
****** Knife: 0.303670
****** Lamp: 0.485572
****** Laptop: 0.387517
****** Motorbike: 0.168910
****** Mug: 0.485968
****** Pistol: 0.235610
****** Rocket: 0.226183
****** Skateboard: 0.437012
****** Table: 0.455652
************ Test Loss: 8.055475
************ Class_mIoU: 0.337840
************ Instance_mIoU: 0.367054
[epoch   9] 	 train loss: 0.891569 	 lr: 0.00100
****** Airplane: 0.235113
****** Bag: 0.448853
****** Cap: 0.362660
****** Car: 0.242191
****** Chair: 0.377684
****** Earphone: 0.342544
****** Guitar: 0.246935
****** Knife: 0.312158
****** Lamp: 0.501556
****** Laptop: 0.468487
****** Motorbike: 0.168618
****** Mug: 0.486206
****** Pistol: 0.236591
****** Rocket: 0.226820
****** Skateboard: 0.437232
****** Table: 0.460318
************ Test Loss: 3.205229
************ Class_mIoU: 0.347123
************ Instance_mIoU: 0.379288
[epoch  10] 	 train loss: 0.886852 	 lr: 0.00100
****** Airplane: 0.232914
****** Bag: 0.447981
****** Cap: 0.366278
****** Car: 0.240459
****** Chair: 0.391756
****** Earphone: 0.349993
****** Guitar: 0.282336
****** Knife: 0.292225
****** Lamp: 0.499255
****** Laptop: 0.539760
****** Motorbike: 0.165093
****** Mug: 0.486643
****** Pistol: 0.269209
****** Rocket: 0.216187
****** Skateboard: 0.436901
****** Table: 0.459683
************ Test Loss: 2.578545
************ Class_mIoU: 0.354792
************ Instance_mIoU: 0.385865
[epoch  11] 	 train loss: 0.886784 	 lr: 0.00100
****** Airplane: 0.222323
****** Bag: 0.447562
****** Cap: 0.362926
****** Car: 0.242515
****** Chair: 0.359832
****** Earphone: 0.357425
****** Guitar: 0.258983
****** Knife: 0.318113
****** Lamp: 0.502897
****** Laptop: 0.480922
****** Motorbike: 0.168996
****** Mug: 0.485975
****** Pistol: 0.236038
****** Rocket: 0.226332
****** Skateboard: 0.436938
****** Table: 0.458194
************ Test Loss: 3.148116
************ Class_mIoU: 0.347873
************ Instance_mIoU: 0.374171
[epoch  12] 	 train loss: 0.885388 	 lr: 0.00100
****** Airplane: 0.229851
****** Bag: 0.449132
****** Cap: 0.369469
****** Car: 0.240614
****** Chair: 0.367781
****** Earphone: 0.324742
****** Guitar: 0.238394
****** Knife: 0.278553
****** Lamp: 0.497438
****** Laptop: 0.459177
****** Motorbike: 0.168869
****** Mug: 0.485878
****** Pistol: 0.252938
****** Rocket: 0.225071
****** Skateboard: 0.438498
****** Table: 0.467361
************ Test Loss: 4.786119
************ Class_mIoU: 0.343360
************ Instance_mIoU: 0.376340
[epoch  13] 	 train loss: 0.880025 	 lr: 0.00100
****** Airplane: 0.234758
****** Bag: 0.448260
****** Cap: 0.365856
****** Car: 0.242116
****** Chair: 0.390493
****** Earphone: 0.351028
****** Guitar: 0.256051
****** Knife: 0.282756
****** Lamp: 0.502757
****** Laptop: 0.482106
****** Motorbike: 0.169608
****** Mug: 0.486045
****** Pistol: 0.246816
****** Rocket: 0.226522
****** Skateboard: 0.436502
****** Table: 0.469780
************ Test Loss: 1.699804
************ Class_mIoU: 0.349466
************ Instance_mIoU: 0.385584
[epoch  14] 	 train loss: 0.880397 	 lr: 0.00100
****** Airplane: 0.220801
****** Bag: 0.447684
****** Cap: 0.365234
****** Car: 0.242686
****** Chair: 0.337176
****** Earphone: 0.350574
****** Guitar: 0.269267
****** Knife: 0.317034
****** Lamp: 0.503146
****** Laptop: 0.360919
****** Motorbike: 0.168851
****** Mug: 0.485326
****** Pistol: 0.237048
****** Rocket: 0.226752
****** Skateboard: 0.437274
****** Table: 0.458714
************ Test Loss: 15.155619
************ Class_mIoU: 0.339280
************ Instance_mIoU: 0.365687
[epoch  15] 	 train loss: 0.877310 	 lr: 0.00100
****** Airplane: 0.227351
****** Bag: 0.449655
****** Cap: 0.366966
****** Car: 0.241990
****** Chair: 0.399744
****** Earphone: 0.271078
****** Guitar: 0.271736
****** Knife: 0.321400
****** Lamp: 0.509830
****** Laptop: 0.466126
****** Motorbike: 0.166084
****** Mug: 0.486701
****** Pistol: 0.238733
****** Rocket: 0.226712
****** Skateboard: 0.438135
****** Table: 0.464593
************ Test Loss: 5.792590
************ Class_mIoU: 0.346677
************ Instance_mIoU: 0.387082
[epoch  16] 	 train loss: 0.879475 	 lr: 0.00100
****** Airplane: 0.229414
****** Bag: 0.447614
****** Cap: 0.394461
****** Car: 0.240596
****** Chair: 0.371846
****** Earphone: 0.332159
****** Guitar: 0.248048
****** Knife: 0.335440
****** Lamp: 0.504667
****** Laptop: 0.487826
****** Motorbike: 0.168328
****** Mug: 0.486604
****** Pistol: 0.238468
****** Rocket: 0.227485
****** Skateboard: 0.437274
****** Table: 0.457961
************ Test Loss: 4.820878
************ Class_mIoU: 0.350512
************ Instance_mIoU: 0.378074
[epoch  17] 	 train loss: 0.878054 	 lr: 0.00100
****** Airplane: 0.235646
****** Bag: 0.448957
****** Cap: 0.420997
****** Car: 0.242460
****** Chair: 0.378567
****** Earphone: 0.334408
****** Guitar: 0.235998
****** Knife: 0.340079
****** Lamp: 0.497048
****** Laptop: 0.444169
****** Motorbike: 0.168982
****** Mug: 0.486097
****** Pistol: 0.236631
****** Rocket: 0.225532
****** Skateboard: 0.437038
****** Table: 0.456641
************ Test Loss: 7.713478
************ Class_mIoU: 0.349328
************ Instance_mIoU: 0.377701
[epoch  18] 	 train loss: 0.877017 	 lr: 0.00100
****** Airplane: 0.242255
****** Bag: 0.448486
****** Cap: 0.363317
****** Car: 0.240784
****** Chair: 0.416535
****** Earphone: 0.374504
****** Guitar: 0.264008
****** Knife: 0.325722
****** Lamp: 0.512554
****** Laptop: 0.527254
****** Motorbike: 0.168392
****** Mug: 0.486816
****** Pistol: 0.240615
****** Rocket: 0.225667
****** Skateboard: 0.437206
****** Table: 0.463432
************ Test Loss: 2.617008
************ Class_mIoU: 0.358597
************ Instance_mIoU: 0.394824
[epoch  19] 	 train loss: 0.875955 	 lr: 0.00100
****** Airplane: 0.233675
****** Bag: 0.447196
****** Cap: 0.382278
****** Car: 0.241674
****** Chair: 0.393044
****** Earphone: 0.244417
****** Guitar: 0.266870
****** Knife: 0.329822
****** Lamp: 0.499613
****** Laptop: 0.468019
****** Motorbike: 0.167147
****** Mug: 0.486296
****** Pistol: 0.243131
****** Rocket: 0.225220
****** Skateboard: 0.436760
****** Table: 0.451687
************ Test Loss: 4.047760
************ Class_mIoU: 0.344803
************ Instance_mIoU: 0.381345
[epoch  20] 	 train loss: 0.876324 	 lr: 0.00100
****** Airplane: 0.243835
****** Bag: 0.447074
****** Cap: 0.363725
****** Car: 0.242291
****** Chair: 0.406106
****** Earphone: 0.340751
****** Guitar: 0.259716
****** Knife: 0.285253
****** Lamp: 0.507170
****** Laptop: 0.491012
****** Motorbike: 0.169049
****** Mug: 0.486116
****** Pistol: 0.242898
****** Rocket: 0.226149
****** Skateboard: 0.437994
****** Table: 0.464440
************ Test Loss: 1.560120
************ Class_mIoU: 0.350849
************ Instance_mIoU: 0.389769
[epoch  21] 	 train loss: 0.872009 	 lr: 0.00100
****** Airplane: 0.246779
****** Bag: 0.447806
****** Cap: 0.366633
****** Car: 0.240877
****** Chair: 0.400788
****** Earphone: 0.349551
****** Guitar: 0.270370
****** Knife: 0.329234
****** Lamp: 0.502660
****** Laptop: 0.493639
****** Motorbike: 0.168771
****** Mug: 0.486322
****** Pistol: 0.235862
****** Rocket: 0.229022
****** Skateboard: 0.437353
****** Table: 0.468940
************ Test Loss: 1.505295
************ Class_mIoU: 0.354663
************ Instance_mIoU: 0.391459
[epoch  22] 	 train loss: 0.868182 	 lr: 0.00100
****** Airplane: 0.244194
****** Bag: 0.446655
****** Cap: 0.364213
****** Car: 0.240854
****** Chair: 0.386769
****** Earphone: 0.350900
****** Guitar: 0.266316
****** Knife: 0.342738
****** Lamp: 0.500486
****** Laptop: 0.505643
****** Motorbike: 0.160625
****** Mug: 0.485628
****** Pistol: 0.235884
****** Rocket: 0.226088
****** Skateboard: 0.437164
****** Table: 0.465173
************ Test Loss: 3.059995
************ Class_mIoU: 0.353708
************ Instance_mIoU: 0.386712
[epoch  23] 	 train loss: 0.867412 	 lr: 0.00100
****** Airplane: 0.128219
****** Bag: 0.051043
****** Cap: 0.365190
****** Car: 0.106172
****** Chair: 0.303739
****** Earphone: 0.227330
****** Guitar: 0.032837
****** Knife: 0.249579
****** Lamp: 0.400962
****** Laptop: 0.228424
****** Motorbike: 0.087385
****** Mug: 0.485673
****** Pistol: 0.097582
****** Rocket: 0.071086
****** Skateboard: 0.148374
****** Table: 0.407276
************ Test Loss: 97.806788
************ Class_mIoU: 0.211929
************ Instance_mIoU: 0.285001
[epoch  24] 	 train loss: 0.865718 	 lr: 0.00100
****** Airplane: 0.231979
****** Bag: 0.449428
****** Cap: 0.365741
****** Car: 0.242173
****** Chair: 0.392196
****** Earphone: 0.375718
****** Guitar: 0.250863
****** Knife: 0.266747
****** Lamp: 0.493234
****** Laptop: 0.512372
****** Motorbike: 0.168862
****** Mug: 0.486212
****** Pistol: 0.252536
****** Rocket: 0.173268
****** Skateboard: 0.373643
****** Table: 0.452431
************ Test Loss: 11.012805
************ Class_mIoU: 0.342963
************ Instance_mIoU: 0.379051
[epoch  25] 	 train loss: 0.862978 	 lr: 0.00100
****** Airplane: 0.233121
****** Bag: 0.447632
****** Cap: 0.368896
****** Car: 0.242439
****** Chair: 0.403702
****** Earphone: 0.383815
****** Guitar: 0.264057
****** Knife: 0.307863
****** Lamp: 0.522312
****** Laptop: 0.538312
****** Motorbike: 0.167072
****** Mug: 0.485891
****** Pistol: 0.238091
****** Rocket: 0.225165
****** Skateboard: 0.437064
****** Table: 0.461126
************ Test Loss: 2.807896
************ Class_mIoU: 0.357910
************ Instance_mIoU: 0.390788
[epoch  26] 	 train loss: 0.861092 	 lr: 0.00100
****** Airplane: 0.231059
****** Bag: 0.448434
****** Cap: 0.371645
****** Car: 0.240770
****** Chair: 0.359355
****** Earphone: 0.374441
****** Guitar: 0.231857
****** Knife: 0.386775
****** Lamp: 0.500350
****** Laptop: 0.389602
****** Motorbike: 0.168853
****** Mug: 0.486675
****** Pistol: 0.242726
****** Rocket: 0.225764
****** Skateboard: 0.437553
****** Table: 0.451520
************ Test Loss: 3.144010
************ Class_mIoU: 0.346711
************ Instance_mIoU: 0.370779
[epoch  27] 	 train loss: 0.861505 	 lr: 0.00100
****** Airplane: 0.250814
****** Bag: 0.446603
****** Cap: 0.363969
****** Car: 0.240797
****** Chair: 0.413845
****** Earphone: 0.326158
****** Guitar: 0.263681
****** Knife: 0.292793
****** Lamp: 0.505485
****** Laptop: 0.503617
****** Motorbike: 0.163180
****** Mug: 0.486309
****** Pistol: 0.236879
****** Rocket: 0.222350
****** Skateboard: 0.437820
****** Table: 0.466007
************ Test Loss: 15.829446
************ Class_mIoU: 0.351269
************ Instance_mIoU: 0.393215
[epoch  28] 	 train loss: 0.860592 	 lr: 0.00100
****** Airplane: 0.246929
****** Bag: 0.449812
****** Cap: 0.375952
****** Car: 0.242892
****** Chair: 0.407901
****** Earphone: 0.402609
****** Guitar: 0.288210
****** Knife: 0.371551
****** Lamp: 0.521552
****** Laptop: 0.489336
****** Motorbike: 0.169185
****** Mug: 0.486804
****** Pistol: 0.273010
****** Rocket: 0.226373
****** Skateboard: 0.437679
****** Table: 0.460005
************ Test Loss: 1.552841
************ Class_mIoU: 0.365612
************ Instance_mIoU: 0.395493
[epoch  29] 	 train loss: 0.857319 	 lr: 0.00100
****** Airplane: 0.240739
****** Bag: 0.447684
****** Cap: 0.358421
****** Car: 0.239672
****** Chair: 0.393394
****** Earphone: 0.350957
****** Guitar: 0.269169
****** Knife: 0.345558
****** Lamp: 0.514377
****** Laptop: 0.512677
****** Motorbike: 0.167472
****** Mug: 0.487562
****** Pistol: 0.248654
****** Rocket: 0.226088
****** Skateboard: 0.437637
****** Table: 0.450578
************ Test Loss: 1.929298
************ Class_mIoU: 0.355665
************ Instance_mIoU: 0.385706
[epoch  30] 	 train loss: 0.859216 	 lr: 0.00100
****** Airplane: 0.246141
****** Bag: 0.447562
****** Cap: 0.450399
****** Car: 0.240783
****** Chair: 0.406825
****** Earphone: 0.349772
****** Guitar: 0.305126
****** Knife: 0.312217
****** Lamp: 0.519619
****** Laptop: 0.525135
****** Motorbike: 0.169175
****** Mug: 0.486058
****** Pistol: 0.235670
****** Rocket: 0.226535
****** Skateboard: 0.437106
****** Table: 0.462968
************ Test Loss: 1.202989
************ Class_mIoU: 0.363818
************ Instance_mIoU: 0.395450
[epoch  31] 	 train loss: 0.856335 	 lr: 0.00100
****** Airplane: 0.251438
****** Bag: 0.447736
****** Cap: 0.365577
****** Car: 0.238647
****** Chair: 0.417217
****** Earphone: 0.350667
****** Guitar: 0.264145
****** Knife: 0.344889
****** Lamp: 0.523016
****** Laptop: 0.519268
****** Motorbike: 0.169752
****** Mug: 0.486155
****** Pistol: 0.280349
****** Rocket: 0.225572
****** Skateboard: 0.437522
****** Table: 0.462113
************ Test Loss: 1.295214
************ Class_mIoU: 0.361504
************ Instance_mIoU: 0.397441
[epoch  32] 	 train loss: 0.855550 	 lr: 0.00100
****** Airplane: 0.236342
****** Bag: 0.448887
****** Cap: 0.373892
****** Car: 0.240922
****** Chair: 0.377634
****** Earphone: 0.390393
****** Guitar: 0.236696
****** Knife: 0.345318
****** Lamp: 0.505406
****** Laptop: 0.417165
****** Motorbike: 0.164678
****** Mug: 0.463308
****** Pistol: 0.261761
****** Rocket: 0.226603
****** Skateboard: 0.437705
****** Table: 0.445617
************ Test Loss: 2.596764
************ Class_mIoU: 0.348271
************ Instance_mIoU: 0.374565
[epoch  33] 	 train loss: 0.854663 	 lr: 0.00100
****** Airplane: 0.246253
****** Bag: 0.448417
****** Cap: 0.364236
****** Car: 0.242469
****** Chair: 0.415209
****** Earphone: 0.335163
****** Guitar: 0.296798
****** Knife: 0.305565
****** Lamp: 0.521366
****** Laptop: 0.546834
****** Motorbike: 0.165691
****** Mug: 0.485955
****** Pistol: 0.281776
****** Rocket: 0.226006
****** Skateboard: 0.437417
****** Table: 0.466365
************ Test Loss: 4.245284
************ Class_mIoU: 0.361595
************ Instance_mIoU: 0.399014
[epoch  34] 	 train loss: 0.853611 	 lr: 0.00100
****** Airplane: 0.260007
****** Bag: 0.447911
****** Cap: 0.364690
****** Car: 0.240815
****** Chair: 0.428737
****** Earphone: 0.409189
****** Guitar: 0.289984
****** Knife: 0.349540
****** Lamp: 0.529044
****** Laptop: 0.575726
****** Motorbike: 0.163319
****** Mug: 0.486913
****** Pistol: 0.283828
****** Rocket: 0.227390
****** Skateboard: 0.438355
****** Table: 0.467915
************ Test Loss: 8.809688
************ Class_mIoU: 0.372710
************ Instance_mIoU: 0.407149
[epoch  35] 	 train loss: 0.854163 	 lr: 0.00100
****** Airplane: 0.252112
****** Bag: 0.447702
****** Cap: 0.363636
****** Car: 0.240706
****** Chair: 0.422506
****** Earphone: 0.352802
****** Guitar: 0.311246
****** Knife: 0.358026
****** Lamp: 0.516437
****** Laptop: 0.555806
****** Motorbike: 0.168688
****** Mug: 0.486482
****** Pistol: 0.270038
****** Rocket: 0.226427
****** Skateboard: 0.437199
****** Table: 0.464675
************ Test Loss: 1.251694
************ Class_mIoU: 0.367155
************ Instance_mIoU: 0.402889
[epoch  36] 	 train loss: 0.854774 	 lr: 0.00100
****** Airplane: 0.247138
****** Bag: 0.419516
****** Cap: 0.364768
****** Car: 0.240528
****** Chair: 0.396771
****** Earphone: 0.344067
****** Guitar: 0.190990
****** Knife: 0.258027
****** Lamp: 0.489879
****** Laptop: 0.498489
****** Motorbike: 0.169817
****** Mug: 0.485647
****** Pistol: 0.264985
****** Rocket: 0.225561
****** Skateboard: 0.438262
****** Table: 0.453848
************ Test Loss: 3.781331
************ Class_mIoU: 0.343018
************ Instance_mIoU: 0.378819
[epoch  37] 	 train loss: 0.851561 	 lr: 0.00100
****** Airplane: 0.236601
****** Bag: 0.449236
****** Cap: 0.396304
****** Car: 0.240884
****** Chair: 0.367345
****** Earphone: 0.346949
****** Guitar: 0.265192
****** Knife: 0.343912
****** Lamp: 0.488699
****** Laptop: 0.435648
****** Motorbike: 0.168988
****** Mug: 0.486373
****** Pistol: 0.256474
****** Rocket: 0.227010
****** Skateboard: 0.437489
****** Table: 0.380428
************ Test Loss: 10.504545
************ Class_mIoU: 0.345471
************ Instance_mIoU: 0.353423
[epoch  38] 	 train loss: 0.851940 	 lr: 0.00100
****** Airplane: 0.247790
****** Bag: 0.447457
****** Cap: 0.450877
****** Car: 0.240951
****** Chair: 0.413691
****** Earphone: 0.369822
****** Guitar: 0.285310
****** Knife: 0.357537
****** Lamp: 0.517391
****** Laptop: 0.525576
****** Motorbike: 0.168024
****** Mug: 0.485480
****** Pistol: 0.256173
****** Rocket: 0.226101
****** Skateboard: 0.437106
****** Table: 0.462346
************ Test Loss: 3.116157
************ Class_mIoU: 0.368227
************ Instance_mIoU: 0.397492
[epoch  39] 	 train loss: 0.852017 	 lr: 0.00100
****** Airplane: 0.238502
****** Bag: 0.447963
****** Cap: 0.367099
****** Car: 0.240013
****** Chair: 0.410442
****** Earphone: 0.350667
****** Guitar: 0.301547
****** Knife: 0.327967
****** Lamp: 0.513417
****** Laptop: 0.539624
****** Motorbike: 0.169127
****** Mug: 0.486579
****** Pistol: 0.278638
****** Rocket: 0.225152
****** Skateboard: 0.436817
****** Table: 0.445139
************ Test Loss: 1.322952
************ Class_mIoU: 0.361168
************ Instance_mIoU: 0.390511
[epoch  40] 	 train loss: 0.851408 	 lr: 0.00100
****** Airplane: 0.241709
****** Bag: 0.449219
****** Cap: 0.368408
****** Car: 0.242191
****** Chair: 0.419606
****** Earphone: 0.319885
****** Guitar: 0.271041
****** Knife: 0.314905
****** Lamp: 0.517326
****** Laptop: 0.530877
****** Motorbike: 0.169300
****** Mug: 0.486123
****** Pistol: 0.251913
****** Rocket: 0.227417
****** Skateboard: 0.429961
****** Table: 0.465390
************ Test Loss: 1.446490
************ Class_mIoU: 0.356579
************ Instance_mIoU: 0.396700
[epoch  41] 	 train loss: 0.850110 	 lr: 0.00100
****** Airplane: 0.245034
****** Bag: 0.448172
****** Cap: 0.381984
****** Car: 0.240503
****** Chair: 0.393010
****** Earphone: 0.363527
****** Guitar: 0.288322
****** Knife: 0.363944
****** Lamp: 0.513482
****** Laptop: 0.579331
****** Motorbike: 0.169283
****** Mug: 0.487279
****** Pistol: 0.254439
****** Rocket: 0.226590
****** Skateboard: 0.426523
****** Table: 0.466664
************ Test Loss: 1.153308
************ Class_mIoU: 0.365506
************ Instance_mIoU: 0.394474
[epoch  42] 	 train loss: 0.850902 	 lr: 0.00100
****** Airplane: 0.244594
****** Bag: 0.447893
****** Cap: 0.399332
****** Car: 0.239580
****** Chair: 0.417993
****** Earphone: 0.349703
****** Guitar: 0.295017
****** Knife: 0.322752
****** Lamp: 0.535585
****** Laptop: 0.508677
****** Motorbike: 0.159786
****** Mug: 0.485776
****** Pistol: 0.228173
****** Rocket: 0.227630
****** Skateboard: 0.437936
****** Table: 0.470617
************ Test Loss: 1.022104
************ Class_mIoU: 0.360690
************ Instance_mIoU: 0.400574
[epoch  43] 	 train loss: 0.851901 	 lr: 0.00100
****** Airplane: 0.243623
****** Bag: 0.449044
****** Cap: 0.354973
****** Car: 0.242259
****** Chair: 0.422818
****** Earphone: 0.353590
****** Guitar: 0.285582
****** Knife: 0.333063
****** Lamp: 0.522629
****** Laptop: 0.549022
****** Motorbike: 0.167623
****** Mug: 0.461843
****** Pistol: 0.267745
****** Rocket: 0.226495
****** Skateboard: 0.428149
****** Table: 0.466464
************ Test Loss: 2.130114
************ Class_mIoU: 0.360933
************ Instance_mIoU: 0.400377
[epoch  44] 	 train loss: 0.850700 	 lr: 0.00100
****** Airplane: 0.245674
****** Bag: 0.448835
****** Cap: 0.366633
****** Car: 0.240503
****** Chair: 0.417515
****** Earphone: 0.372896
****** Guitar: 0.285903
****** Knife: 0.340990
****** Lamp: 0.530360
****** Laptop: 0.546565
****** Motorbike: 0.166185
****** Mug: 0.474205
****** Pistol: 0.240593
****** Rocket: 0.227756
****** Skateboard: 0.437395
****** Table: 0.467833
************ Test Loss: 1.297794
************ Class_mIoU: 0.363115
************ Instance_mIoU: 0.400530
[epoch  45] 	 train loss: 0.849914 	 lr: 0.00100
****** Airplane: 0.252616
****** Bag: 0.447196
****** Cap: 0.443059
****** Car: 0.239424
****** Chair: 0.424818
****** Earphone: 0.376184
****** Guitar: 0.324770
****** Knife: 0.383730
****** Lamp: 0.528076
****** Laptop: 0.515895
****** Motorbike: 0.168916
****** Mug: 0.486013
****** Pistol: 0.269929
****** Rocket: 0.226088
****** Skateboard: 0.437017
****** Table: 0.467154
************ Test Loss: 1.743960
************ Class_mIoU: 0.374430
************ Instance_mIoU: 0.406053
[epoch  46] 	 train loss: 0.852014 	 lr: 0.00100
****** Airplane: 0.245178
****** Bag: 0.447004
****** Cap: 0.383094
****** Car: 0.242463
****** Chair: 0.397741
****** Earphone: 0.379813
****** Guitar: 0.267521
****** Knife: 0.351555
****** Lamp: 0.506752
****** Laptop: 0.510148
****** Motorbike: 0.169234
****** Mug: 0.486257
****** Pistol: 0.253140
****** Rocket: 0.193875
****** Skateboard: 0.407001
****** Table: 0.466486
************ Test Loss: 1.940132
************ Class_mIoU: 0.356704
************ Instance_mIoU: 0.391238
[epoch  47] 	 train loss: 0.849689 	 lr: 0.00100
****** Airplane: 0.240871
****** Bag: 0.447388
****** Cap: 0.394305
****** Car: 0.241374
****** Chair: 0.428963
****** Earphone: 0.424210
****** Guitar: 0.309033
****** Knife: 0.333594
****** Lamp: 0.520431
****** Laptop: 0.534690
****** Motorbike: 0.170164
****** Mug: 0.486020
****** Pistol: 0.315968
****** Rocket: 0.228516
****** Skateboard: 0.437532
****** Table: 0.467340
************ Test Loss: 1.405688
************ Class_mIoU: 0.373775
************ Instance_mIoU: 0.404144
[epoch  48] 	 train loss: 0.849467 	 lr: 0.00100
****** Airplane: 0.254977
****** Bag: 0.446620
****** Cap: 0.381928
****** Car: 0.242421
****** Chair: 0.424678
****** Earphone: 0.358674
****** Guitar: 0.299413
****** Knife: 0.319929
****** Lamp: 0.510260
****** Laptop: 0.575101
****** Motorbike: 0.169076
****** Mug: 0.486572
****** Pistol: 0.280244
****** Rocket: 0.227009
****** Skateboard: 0.438377
****** Table: 0.473244
************ Test Loss: 1.004674
************ Class_mIoU: 0.368033
************ Instance_mIoU: 0.404883
[epoch  49] 	 train loss: 0.848540 	 lr: 0.00100
****** Airplane: 0.250642
****** Bag: 0.447580
****** Cap: 0.366594
****** Car: 0.238853
****** Chair: 0.423171
****** Earphone: 0.392713
****** Guitar: 0.317249
****** Knife: 0.341517
****** Lamp: 0.506089
****** Laptop: 0.532131
****** Motorbike: 0.169044
****** Mug: 0.486341
****** Pistol: 0.275428
****** Rocket: 0.226780
****** Skateboard: 0.437384
****** Table: 0.470583
************ Test Loss: 1.133611
************ Class_mIoU: 0.367631
************ Instance_mIoU: 0.402973
[epoch  50] 	 train loss: 0.848217 	 lr: 0.00100
****** Airplane: 0.254642
****** Bag: 0.448347
****** Cap: 0.366499
****** Car: 0.242601
****** Chair: 0.421428
****** Earphone: 0.369526
****** Guitar: 0.306154
****** Knife: 0.363020
****** Lamp: 0.511051
****** Laptop: 0.574175
****** Motorbike: 0.168694
****** Mug: 0.486823
****** Pistol: 0.269180
****** Rocket: 0.227173
****** Skateboard: 0.436870
****** Table: 0.459111
************ Test Loss: 1.176304
************ Class_mIoU: 0.369081
************ Instance_mIoU: 0.401326
[epoch  51] 	 train loss: 0.847321 	 lr: 0.00100
****** Airplane: 0.262544
****** Bag: 0.446376
****** Cap: 0.442484
****** Car: 0.239518
****** Chair: 0.416218
****** Earphone: 0.419609
****** Guitar: 0.285421
****** Knife: 0.385186
****** Lamp: 0.513708
****** Laptop: 0.578272
****** Motorbike: 0.168591
****** Mug: 0.487041
****** Pistol: 0.264661
****** Rocket: 0.225979
****** Skateboard: 0.410082
****** Table: 0.465689
************ Test Loss: 1.391927
************ Class_mIoU: 0.375711
************ Instance_mIoU: 0.402774
[epoch  52] 	 train loss: 0.845443 	 lr: 0.00050
****** Airplane: 0.256302
****** Bag: 0.447144
****** Cap: 0.371537
****** Car: 0.240631
****** Chair: 0.435419
****** Earphone: 0.360455
****** Guitar: 0.303895
****** Knife: 0.386883
****** Lamp: 0.526742
****** Laptop: 0.532060
****** Motorbike: 0.169780
****** Mug: 0.486193
****** Pistol: 0.296847
****** Rocket: 0.227525
****** Skateboard: 0.437900
****** Table: 0.473046
************ Test Loss: 1.297734
************ Class_mIoU: 0.372022
************ Instance_mIoU: 0.410254
[epoch  53] 	 train loss: 0.844126 	 lr: 0.00050
****** Airplane: 0.254935
****** Bag: 0.446917
****** Cap: 0.415951
****** Car: 0.240480
****** Chair: 0.436660
****** Earphone: 0.376004
****** Guitar: 0.324190
****** Knife: 0.328593
****** Lamp: 0.536501
****** Laptop: 0.567488
****** Motorbike: 0.170439
****** Mug: 0.486251
****** Pistol: 0.271162
****** Rocket: 0.202258
****** Skateboard: 0.438529
****** Table: 0.466490
************ Test Loss: 1.330205
************ Class_mIoU: 0.372678
************ Instance_mIoU: 0.409713
[epoch  54] 	 train loss: 0.843814 	 lr: 0.00050
****** Airplane: 0.263038
****** Bag: 0.446830
****** Cap: 0.393512
****** Car: 0.242346
****** Chair: 0.429643
****** Earphone: 0.393896
****** Guitar: 0.301498
****** Knife: 0.392890
****** Lamp: 0.535510
****** Laptop: 0.568677
****** Motorbike: 0.169324
****** Mug: 0.486219
****** Pistol: 0.275711
****** Rocket: 0.227295
****** Skateboard: 0.417140
****** Table: 0.469688
************ Test Loss: 1.489236
************ Class_mIoU: 0.375826
************ Instance_mIoU: 0.410395
[epoch  55] 	 train loss: 0.843098 	 lr: 0.00050
****** Airplane: 0.250867
****** Bag: 0.447614
****** Cap: 0.385087
****** Car: 0.241882
****** Chair: 0.420798
****** Earphone: 0.347699
****** Guitar: 0.272910
****** Knife: 0.358344
****** Lamp: 0.527511
****** Laptop: 0.533343
****** Motorbike: 0.168668
****** Mug: 0.475001
****** Pistol: 0.258066
****** Rocket: 0.225437
****** Skateboard: 0.429766
****** Table: 0.464847
************ Test Loss: 1.025085
************ Class_mIoU: 0.362990
************ Instance_mIoU: 0.400416
[epoch  56] 	 train loss: 0.843519 	 lr: 0.00050
****** Airplane: 0.255062
****** Bag: 0.448434
****** Cap: 0.369818
****** Car: 0.240557
****** Chair: 0.424530
****** Earphone: 0.336748
****** Guitar: 0.299529
****** Knife: 0.392942
****** Lamp: 0.516272
****** Laptop: 0.566096
****** Motorbike: 0.162834
****** Mug: 0.485846
****** Pistol: 0.289692
****** Rocket: 0.226454
****** Skateboard: 0.437290
****** Table: 0.472209
************ Test Loss: 1.441675
************ Class_mIoU: 0.370269
************ Instance_mIoU: 0.406692
[epoch  57] 	 train loss: 0.843603 	 lr: 0.00050
****** Airplane: 0.254961
****** Bag: 0.446481
****** Cap: 0.369405
****** Car: 0.242238
****** Chair: 0.428228
****** Earphone: 0.406780
****** Guitar: 0.292193
****** Knife: 0.360297
****** Lamp: 0.521340
****** Laptop: 0.544342
****** Motorbike: 0.169458
****** Mug: 0.485429
****** Pistol: 0.286172
****** Rocket: 0.227322
****** Skateboard: 0.436020
****** Table: 0.470020
************ Test Loss: 1.288769
************ Class_mIoU: 0.371293
************ Instance_mIoU: 0.405972
[epoch  58] 	 train loss: 0.842571 	 lr: 0.00050
****** Airplane: 0.253763
****** Bag: 0.448068
****** Cap: 0.357941
****** Car: 0.240903
****** Chair: 0.425284
****** Earphone: 0.367803
****** Guitar: 0.281622
****** Knife: 0.400814
****** Lamp: 0.515300
****** Laptop: 0.544552
****** Motorbike: 0.168856
****** Mug: 0.486514
****** Pistol: 0.269106
****** Rocket: 0.226902
****** Skateboard: 0.437127
****** Table: 0.462852
************ Test Loss: 1.426761
************ Class_mIoU: 0.367963
************ Instance_mIoU: 0.402395
[epoch  59] 	 train loss: 0.843778 	 lr: 0.00050
****** Airplane: 0.250831
****** Bag: 0.445993
****** Cap: 0.363792
****** Car: 0.238997
****** Chair: 0.431759
****** Earphone: 0.381867
****** Guitar: 0.311630
****** Knife: 0.334487
****** Lamp: 0.533144
****** Laptop: 0.587946
****** Motorbike: 0.169253
****** Mug: 0.486238
****** Pistol: 0.286743
****** Rocket: 0.226644
****** Skateboard: 0.438256
****** Table: 0.470924
************ Test Loss: 1.972149
************ Class_mIoU: 0.372406
************ Instance_mIoU: 0.409118
[epoch  60] 	 train loss: 0.843244 	 lr: 0.00050
****** Airplane: 0.257241
****** Bag: 0.446742
****** Cap: 0.367243
****** Car: 0.242525
****** Chair: 0.423632
****** Earphone: 0.357122
****** Guitar: 0.289995
****** Knife: 0.349572
****** Lamp: 0.535247
****** Laptop: 0.520884
****** Motorbike: 0.169235
****** Mug: 0.487787
****** Pistol: 0.261002
****** Rocket: 0.227928
****** Skateboard: 0.437856
****** Table: 0.467290
************ Test Loss: 0.875746
************ Class_mIoU: 0.365081
************ Instance_mIoU: 0.404029
[epoch  61] 	 train loss: 0.841672 	 lr: 0.00050
****** Airplane: 0.248896
****** Bag: 0.446516
****** Cap: 0.424463
****** Car: 0.242236
****** Chair: 0.432899
****** Earphone: 0.378833
****** Guitar: 0.314059
****** Knife: 0.369136
****** Lamp: 0.518978
****** Laptop: 0.597169
****** Motorbike: 0.169613
****** Mug: 0.485917
****** Pistol: 0.290781
****** Rocket: 0.226522
****** Skateboard: 0.437006
****** Table: 0.476248
************ Test Loss: 0.905954
************ Class_mIoU: 0.378705
************ Instance_mIoU: 0.411143
[epoch  62] 	 train loss: 0.843138 	 lr: 0.00050
****** Airplane: 0.246239
****** Bag: 0.448417
****** Cap: 0.390844
****** Car: 0.240969
****** Chair: 0.426289
****** Earphone: 0.363939
****** Guitar: 0.306490
****** Knife: 0.371704
****** Lamp: 0.529112
****** Laptop: 0.574208
****** Motorbike: 0.169657
****** Mug: 0.474841
****** Pistol: 0.271591
****** Rocket: 0.226671
****** Skateboard: 0.437096
****** Table: 0.468897
************ Test Loss: 1.152836
************ Class_mIoU: 0.371685
************ Instance_mIoU: 0.406338
[epoch  63] 	 train loss: 0.843879 	 lr: 0.00050
****** Airplane: 0.255325
****** Bag: 0.448853
****** Cap: 0.373364
****** Car: 0.242236
****** Chair: 0.447892
****** Earphone: 0.349563
****** Guitar: 0.288128
****** Knife: 0.394953
****** Lamp: 0.531365
****** Laptop: 0.561572
****** Motorbike: 0.169132
****** Mug: 0.486502
****** Pistol: 0.277017
****** Rocket: 0.225328
****** Skateboard: 0.440334
****** Table: 0.473245
************ Test Loss: 0.942748
************ Class_mIoU: 0.372801
************ Instance_mIoU: 0.413673
[epoch  64] 	 train loss: 0.841452 	 lr: 0.00050
****** Airplane: 0.262922
****** Bag: 0.448187
****** Cap: 0.400117
****** Car: 0.239967
****** Chair: 0.435941
****** Earphone: 0.366566
****** Guitar: 0.323198
****** Knife: 0.371389
****** Lamp: 0.529076
****** Laptop: 0.489454
****** Motorbike: 0.169241
****** Mug: 0.486495
****** Pistol: 0.304449
****** Rocket: 0.225372
****** Skateboard: 0.428676
****** Table: 0.467612
************ Test Loss: 1.269348
************ Class_mIoU: 0.371791
************ Instance_mIoU: 0.409313
[epoch  65] 	 train loss: 0.842156 	 lr: 0.00050
****** Airplane: 0.253798
****** Bag: 0.447580
****** Cap: 0.365789
****** Car: 0.241581
****** Chair: 0.432428
****** Earphone: 0.368935
****** Guitar: 0.328492
****** Knife: 0.376938
****** Lamp: 0.523404
****** Laptop: 0.521772
****** Motorbike: 0.172554
****** Mug: 0.487253
****** Pistol: 0.241366
****** Rocket: 0.227512
****** Skateboard: 0.437673
****** Table: 0.466013
************ Test Loss: 1.165105
************ Class_mIoU: 0.368318
************ Instance_mIoU: 0.406888
[epoch  66] 	 train loss: 0.841283 	 lr: 0.00050
****** Airplane: 0.247861
****** Bag: 0.448556
****** Cap: 0.413098
****** Car: 0.240073
****** Chair: 0.435288
****** Earphone: 0.310921
****** Guitar: 0.302011
****** Knife: 0.327934
****** Lamp: 0.524016
****** Laptop: 0.552616
****** Motorbike: 0.169062
****** Mug: 0.485975
****** Pistol: 0.283626
****** Rocket: 0.226278
****** Skateboard: 0.438151
****** Table: 0.469246
************ Test Loss: 1.138251
************ Class_mIoU: 0.367170
************ Instance_mIoU: 0.406350
[epoch  67] 	 train loss: 0.841996 	 lr: 0.00050
****** Airplane: 0.254917
****** Bag: 0.449472
****** Cap: 0.372217
****** Car: 0.240899
****** Chair: 0.429159
****** Earphone: 0.385537
****** Guitar: 0.309614
****** Knife: 0.334744
****** Lamp: 0.515860
****** Laptop: 0.551900
****** Motorbike: 0.164945
****** Mug: 0.486161
****** Pistol: 0.284274
****** Rocket: 0.211002
****** Skateboard: 0.437416
****** Table: 0.461696
************ Test Loss: 1.534912
************ Class_mIoU: 0.368113
************ Instance_mIoU: 0.403360
[epoch  68] 	 train loss: 0.841802 	 lr: 0.00050
****** Airplane: 0.253281
****** Bag: 0.448277
****** Cap: 0.418458
****** Car: 0.239463
****** Chair: 0.406212
****** Earphone: 0.302552
****** Guitar: 0.263823
****** Knife: 0.402420
****** Lamp: 0.512424
****** Laptop: 0.564637
****** Motorbike: 0.169000
****** Mug: 0.486328
****** Pistol: 0.289349
****** Rocket: 0.230801
****** Skateboard: 0.436432
****** Table: 0.463620
************ Test Loss: 1.007028
************ Class_mIoU: 0.367942
************ Instance_mIoU: 0.397401
[epoch  69] 	 train loss: 0.842319 	 lr: 0.00050
****** Airplane: 0.257501
****** Bag: 0.447876
****** Cap: 0.370266
****** Car: 0.240730
****** Chair: 0.432360
****** Earphone: 0.327532
****** Guitar: 0.316457
****** Knife: 0.350377
****** Lamp: 0.521342
****** Laptop: 0.556143
****** Motorbike: 0.171584
****** Mug: 0.485544
****** Pistol: 0.262915
****** Rocket: 0.231750
****** Skateboard: 0.430466
****** Table: 0.462413
************ Test Loss: 2.263316
************ Class_mIoU: 0.366579
************ Instance_mIoU: 0.405632
[epoch  70] 	 train loss: 0.841607 	 lr: 0.00050
****** Airplane: 0.249312
****** Bag: 0.448853
****** Cap: 0.413293
****** Car: 0.240475
****** Chair: 0.419813
****** Earphone: 0.350044
****** Guitar: 0.318858
****** Knife: 0.353752
****** Lamp: 0.534449
****** Laptop: 0.576216
****** Motorbike: 0.168928
****** Mug: 0.486746
****** Pistol: 0.284738
****** Rocket: 0.226088
****** Skateboard: 0.436999
****** Table: 0.469053
************ Test Loss: 1.691771
************ Class_mIoU: 0.373601
************ Instance_mIoU: 0.406271
[epoch  71] 	 train loss: 0.840468 	 lr: 0.00050
****** Airplane: 0.267344
****** Bag: 0.447527
****** Cap: 0.364324
****** Car: 0.239964
****** Chair: 0.441123
****** Earphone: 0.363289
****** Guitar: 0.312723
****** Knife: 0.311885
****** Lamp: 0.517325
****** Laptop: 0.553566
****** Motorbike: 0.168861
****** Mug: 0.486315
****** Pistol: 0.301817
****** Rocket: 0.226454
****** Skateboard: 0.433963
****** Table: 0.469916
************ Test Loss: 1.000429
************ Class_mIoU: 0.369150
************ Instance_mIoU: 0.410088
[epoch  72] 	 train loss: 0.842456 	 lr: 0.00050
****** Airplane: 0.252111
****** Bag: 0.448347
****** Cap: 0.373035
****** Car: 0.240547
****** Chair: 0.427301
****** Earphone: 0.395062
****** Guitar: 0.318525
****** Knife: 0.366172
****** Lamp: 0.537970
****** Laptop: 0.545904
****** Motorbike: 0.170242
****** Mug: 0.485930
****** Pistol: 0.275909
****** Rocket: 0.226047
****** Skateboard: 0.436892
****** Table: 0.470055
************ Test Loss: 0.928075
************ Class_mIoU: 0.373128
************ Instance_mIoU: 0.408478
[epoch  73] 	 train loss: 0.840213 	 lr: 0.00050
****** Airplane: 0.259302
****** Bag: 0.448905
****** Cap: 0.366650
****** Car: 0.241078
****** Chair: 0.430641
****** Earphone: 0.353901
****** Guitar: 0.326364
****** Knife: 0.391523
****** Lamp: 0.528805
****** Laptop: 0.530818
****** Motorbike: 0.168740
****** Mug: 0.486277
****** Pistol: 0.282299
****** Rocket: 0.231994
****** Skateboard: 0.436214
****** Table: 0.464482
************ Test Loss: 1.277631
************ Class_mIoU: 0.371750
************ Instance_mIoU: 0.408197
[epoch  74] 	 train loss: 0.840857 	 lr: 0.00050
****** Airplane: 0.268674
****** Bag: 0.446882
****** Cap: 0.377012
****** Car: 0.240638
****** Chair: 0.432444
****** Earphone: 0.351725
****** Guitar: 0.324532
****** Knife: 0.382976
****** Lamp: 0.531679
****** Laptop: 0.512029
****** Motorbike: 0.168643
****** Mug: 0.474487
****** Pistol: 0.290118
****** Rocket: 0.228368
****** Skateboard: 0.407788
****** Table: 0.465993
************ Test Loss: 2.141863
************ Class_mIoU: 0.368999
************ Instance_mIoU: 0.409236
[epoch  75] 	 train loss: 0.838506 	 lr: 0.00050
****** Airplane: 0.259031
****** Bag: 0.378662
****** Cap: 0.364278
****** Car: 0.241515
****** Chair: 0.425583
****** Earphone: 0.353244
****** Guitar: 0.272825
****** Knife: 0.372566
****** Lamp: 0.517481
****** Laptop: 0.516209
****** Motorbike: 0.168990
****** Mug: 0.486810
****** Pistol: 0.264028
****** Rocket: 0.228360
****** Skateboard: 0.437526
****** Table: 0.462194
************ Test Loss: 1.336442
************ Class_mIoU: 0.359331
************ Instance_mIoU: 0.400613
[epoch  76] 	 train loss: 0.841954 	 lr: 0.00050
****** Airplane: 0.250884
****** Bag: 0.448556
****** Cap: 0.505118
****** Car: 0.240173
****** Chair: 0.437221
****** Earphone: 0.370806
****** Guitar: 0.293690
****** Knife: 0.350990
****** Lamp: 0.529145
****** Laptop: 0.509189
****** Motorbike: 0.169146
****** Mug: 0.485493
****** Pistol: 0.279627
****** Rocket: 0.228491
****** Skateboard: 0.440547
****** Table: 0.468024
************ Test Loss: 1.507446
************ Class_mIoU: 0.375444
************ Instance_mIoU: 0.406877
[epoch  77] 	 train loss: 0.840734 	 lr: 0.00050
****** Airplane: 0.245696
****** Bag: 0.448887
****** Cap: 0.363088
****** Car: 0.240771
****** Chair: 0.426185
****** Earphone: 0.382856
****** Guitar: 0.295041
****** Knife: 0.384289
****** Lamp: 0.545670
****** Laptop: 0.500904
****** Motorbike: 0.164507
****** Mug: 0.486778
****** Pistol: 0.267028
****** Rocket: 0.226576
****** Skateboard: 0.436865
****** Table: 0.467530
************ Test Loss: 1.676594
************ Class_mIoU: 0.367667
************ Instance_mIoU: 0.405063
[epoch  78] 	 train loss: 0.840782 	 lr: 0.00050
****** Airplane: 0.252860
****** Bag: 0.448068
****** Cap: 0.365456
****** Car: 0.240746
****** Chair: 0.421268
****** Earphone: 0.401235
****** Guitar: 0.228438
****** Knife: 0.299591
****** Lamp: 0.534049
****** Laptop: 0.498362
****** Motorbike: 0.165567
****** Mug: 0.486457
****** Pistol: 0.289166
****** Rocket: 0.229632
****** Skateboard: 0.438422
****** Table: 0.475657
************ Test Loss: 2.031005
************ Class_mIoU: 0.360936
************ Instance_mIoU: 0.400311
[epoch  79] 	 train loss: 0.841173 	 lr: 0.00050
****** Airplane: 0.261115
****** Bag: 0.447632
****** Cap: 0.386292
****** Car: 0.241431
****** Chair: 0.429596
****** Earphone: 0.428057
****** Guitar: 0.301886
****** Knife: 0.352354
****** Lamp: 0.523778
****** Laptop: 0.528282
****** Motorbike: 0.168987
****** Mug: 0.485101
****** Pistol: 0.272942
****** Rocket: 0.225522
****** Skateboard: 0.437553
****** Table: 0.466777
************ Test Loss: 2.984714
************ Class_mIoU: 0.372332
************ Instance_mIoU: 0.406098
[epoch  80] 	 train loss: 0.840656 	 lr: 0.00050
****** Airplane: 0.248901
****** Bag: 0.446847
****** Cap: 0.409920
****** Car: 0.242086
****** Chair: 0.427791
****** Earphone: 0.380861
****** Guitar: 0.307916
****** Knife: 0.377693
****** Lamp: 0.526901
****** Laptop: 0.540283
****** Motorbike: 0.169266
****** Mug: 0.486155
****** Pistol: 0.266671
****** Rocket: 0.226490
****** Skateboard: 0.436554
****** Table: 0.473118
************ Test Loss: 2.115577
************ Class_mIoU: 0.372966
************ Instance_mIoU: 0.407583
[epoch  81] 	 train loss: 0.840385 	 lr: 0.00050
****** Airplane: 0.257265
****** Bag: 0.418318
****** Cap: 0.369721
****** Car: 0.240445
****** Chair: 0.435548
****** Earphone: 0.367556
****** Guitar: 0.334586
****** Knife: 0.324129
****** Lamp: 0.533878
****** Laptop: 0.521632
****** Motorbike: 0.166679
****** Mug: 0.486823
****** Pistol: 0.312029
****** Rocket: 0.233748
****** Skateboard: 0.437264
****** Table: 0.463932
************ Test Loss: 1.527702
************ Class_mIoU: 0.368972
************ Instance_mIoU: 0.408153
[epoch  82] 	 train loss: 0.840754 	 lr: 0.00050
****** Airplane: 0.256390
****** Bag: 0.448661
****** Cap: 0.433625
****** Car: 0.241161
****** Chair: 0.432120
****** Earphone: 0.421262
****** Guitar: 0.301474
****** Knife: 0.341089
****** Lamp: 0.532305
****** Laptop: 0.571198
****** Motorbike: 0.165862
****** Mug: 0.485750
****** Pistol: 0.316065
****** Rocket: 0.224917
****** Skateboard: 0.403847
****** Table: 0.469639
************ Test Loss: 2.518169
************ Class_mIoU: 0.377835
************ Instance_mIoU: 0.409137
[epoch  83] 	 train loss: 0.840960 	 lr: 0.00050
****** Airplane: 0.261936
****** Bag: 0.448312
****** Cap: 0.382125
****** Car: 0.241389
****** Chair: 0.424574
****** Earphone: 0.319727
****** Guitar: 0.302190
****** Knife: 0.387942
****** Lamp: 0.534640
****** Laptop: 0.552943
****** Motorbike: 0.169112
****** Mug: 0.486187
****** Pistol: 0.319444
****** Rocket: 0.228136
****** Skateboard: 0.416197
****** Table: 0.467546
************ Test Loss: 0.974997
************ Class_mIoU: 0.371400
************ Instance_mIoU: 0.407959
[epoch  84] 	 train loss: 0.841982 	 lr: 0.00050
****** Airplane: 0.256651
****** Bag: 0.448277
****** Cap: 0.387254
****** Car: 0.242154
****** Chair: 0.430837
****** Earphone: 0.374657
****** Guitar: 0.293232
****** Knife: 0.314188
****** Lamp: 0.527100
****** Laptop: 0.552741
****** Motorbike: 0.168838
****** Mug: 0.485936
****** Pistol: 0.328460
****** Rocket: 0.226210
****** Skateboard: 0.438782
****** Table: 0.469602
************ Test Loss: 1.768537
************ Class_mIoU: 0.371558
************ Instance_mIoU: 0.406863
[epoch  85] 	 train loss: 0.841289 	 lr: 0.00050
****** Airplane: 0.254792
****** Bag: 0.447928
****** Cap: 0.406766
****** Car: 0.240607
****** Chair: 0.432600
****** Earphone: 0.349556
****** Guitar: 0.296137
****** Knife: 0.349843
****** Lamp: 0.529785
****** Laptop: 0.511132
****** Motorbike: 0.169407
****** Mug: 0.486431
****** Pistol: 0.301822
****** Rocket: 0.184435
****** Skateboard: 0.442211
****** Table: 0.472931
************ Test Loss: 4.602736
************ Class_mIoU: 0.367274
************ Instance_mIoU: 0.407612
[epoch  86] 	 train loss: 0.840452 	 lr: 0.00050
****** Airplane: 0.257900
****** Bag: 0.447719
****** Cap: 0.458737
****** Car: 0.241218
****** Chair: 0.422998
****** Earphone: 0.356079
****** Guitar: 0.292915
****** Knife: 0.352478
****** Lamp: 0.525622
****** Laptop: 0.510979
****** Motorbike: 0.167258
****** Mug: 0.486219
****** Pistol: 0.287177
****** Rocket: 0.227403
****** Skateboard: 0.437603
****** Table: 0.472466
************ Test Loss: 1.623978
************ Class_mIoU: 0.371548
************ Instance_mIoU: 0.405095
[epoch  87] 	 train loss: 0.840943 	 lr: 0.00050
****** Airplane: 0.272371
****** Bag: 0.448922
****** Cap: 0.384578
****** Car: 0.239424
****** Chair: 0.420509
****** Earphone: 0.396112
****** Guitar: 0.280495
****** Knife: 0.352726
****** Lamp: 0.525226
****** Laptop: 0.561956
****** Motorbike: 0.169833
****** Mug: 0.486771
****** Pistol: 0.294566
****** Rocket: 0.230591
****** Skateboard: 0.440758
****** Table: 0.466188
************ Test Loss: 2.272007
************ Class_mIoU: 0.373189
************ Instance_mIoU: 0.405135
[epoch  88] 	 train loss: 0.841049 	 lr: 0.00050
****** Airplane: 0.254515
****** Bag: 0.448870
****** Cap: 0.415248
****** Car: 0.240993
****** Chair: 0.422739
****** Earphone: 0.376155
****** Guitar: 0.261536
****** Knife: 0.340006
****** Lamp: 0.526331
****** Laptop: 0.523797
****** Motorbike: 0.166697
****** Mug: 0.486116
****** Pistol: 0.309285
****** Rocket: 0.227431
****** Skateboard: 0.439534
****** Table: 0.462683
************ Test Loss: 1.639131
************ Class_mIoU: 0.368871
************ Instance_mIoU: 0.400374
[epoch  89] 	 train loss: 0.840796 	 lr: 0.00050
****** Airplane: 0.243516
****** Bag: 0.447684
****** Cap: 0.366456
****** Car: 0.242302
****** Chair: 0.428220
****** Earphone: 0.408861
****** Guitar: 0.314777
****** Knife: 0.420002
****** Lamp: 0.524633
****** Laptop: 0.570534
****** Motorbike: 0.168977
****** Mug: 0.487427
****** Pistol: 0.252667
****** Rocket: 0.221463
****** Skateboard: 0.437090
****** Table: 0.465905
************ Test Loss: 2.080099
************ Class_mIoU: 0.375032
************ Instance_mIoU: 0.406894
[epoch  90] 	 train loss: 0.840618 	 lr: 0.00050
****** Airplane: 0.256303
****** Bag: 0.447039
****** Cap: 0.370155
****** Car: 0.242189
****** Chair: 0.417498
****** Earphone: 0.379627
****** Guitar: 0.292186
****** Knife: 0.379103
****** Lamp: 0.532613
****** Laptop: 0.563964
****** Motorbike: 0.162754
****** Mug: 0.486155
****** Pistol: 0.293549
****** Rocket: 0.227199
****** Skateboard: 0.437346
****** Table: 0.465848
************ Test Loss: 1.464123
************ Class_mIoU: 0.372095
************ Instance_mIoU: 0.404372
[epoch  91] 	 train loss: 0.841019 	 lr: 0.00050
****** Airplane: 0.256895
****** Bag: 0.446708
****** Cap: 0.362948
****** Car: 0.242938
****** Chair: 0.423119
****** Earphone: 0.412281
****** Guitar: 0.327151
****** Knife: 0.374279
****** Lamp: 0.524869
****** Laptop: 0.580441
****** Motorbike: 0.169571
****** Mug: 0.486212
****** Pistol: 0.270794
****** Rocket: 0.226400
****** Skateboard: 0.440717
****** Table: 0.465809
************ Test Loss: 1.376352
************ Class_mIoU: 0.375696
************ Instance_mIoU: 0.407290
[epoch  92] 	 train loss: 0.841554 	 lr: 0.00050
****** Airplane: 0.251672
****** Bag: 0.446498
****** Cap: 0.391481
****** Car: 0.239885
****** Chair: 0.434006
****** Earphone: 0.347417
****** Guitar: 0.305173
****** Knife: 0.316046
****** Lamp: 0.540904
****** Laptop: 0.530227
****** Motorbike: 0.168951
****** Mug: 0.486155
****** Pistol: 0.270148
****** Rocket: 0.210803
****** Skateboard: 0.438029
****** Table: 0.468401
************ Test Loss: 2.359711
************ Class_mIoU: 0.365362
************ Instance_mIoU: 0.406919
[epoch  93] 	 train loss: 0.840910 	 lr: 0.00050
****** Airplane: 0.251385
****** Bag: 0.446446
****** Cap: 0.393938
****** Car: 0.242571
****** Chair: 0.418929
****** Earphone: 0.344290
****** Guitar: 0.292024
****** Knife: 0.371311
****** Lamp: 0.519408
****** Laptop: 0.556144
****** Motorbike: 0.169916
****** Mug: 0.486148
****** Pistol: 0.246472
****** Rocket: 0.213081
****** Skateboard: 0.437105
****** Table: 0.462022
************ Test Loss: 1.479480
************ Class_mIoU: 0.365699
************ Instance_mIoU: 0.400526
[epoch  94] 	 train loss: 0.838885 	 lr: 0.00050
****** Airplane: 0.239007
****** Bag: 0.447353
****** Cap: 0.372430
****** Car: 0.240112
****** Chair: 0.419678
****** Earphone: 0.379902
****** Guitar: 0.302974
****** Knife: 0.395635
****** Lamp: 0.512125
****** Laptop: 0.548488
****** Motorbike: 0.165760
****** Mug: 0.486322
****** Pistol: 0.286340
****** Rocket: 0.226075
****** Skateboard: 0.437290
****** Table: 0.456090
************ Test Loss: 4.898916
************ Class_mIoU: 0.369724
************ Instance_mIoU: 0.398383
[epoch  95] 	 train loss: 0.840468 	 lr: 0.00050
****** Airplane: 0.257531
****** Bag: 0.448818
****** Cap: 0.412576
****** Car: 0.242308
****** Chair: 0.433013
****** Earphone: 0.350121
****** Guitar: 0.307653
****** Knife: 0.400857
****** Lamp: 0.529401
****** Laptop: 0.604567
****** Motorbike: 0.169087
****** Mug: 0.486932
****** Pistol: 0.296736
****** Rocket: 0.226169
****** Skateboard: 0.437424
****** Table: 0.470380
************ Test Loss: 2.087952
************ Class_mIoU: 0.379598
************ Instance_mIoU: 0.412171
[epoch  96] 	 train loss: 0.838847 	 lr: 0.00050
****** Airplane: 0.257010
****** Bag: 0.446254
****** Cap: 0.374419
****** Car: 0.241022
****** Chair: 0.434284
****** Earphone: 0.384883
****** Guitar: 0.298273
****** Knife: 0.358569
****** Lamp: 0.541203
****** Laptop: 0.555513
****** Motorbike: 0.170277
****** Mug: 0.486367
****** Pistol: 0.297120
****** Rocket: 0.225817
****** Skateboard: 0.428835
****** Table: 0.470145
************ Test Loss: 1.304209
************ Class_mIoU: 0.373124
************ Instance_mIoU: 0.410279
[epoch  97] 	 train loss: 0.841731 	 lr: 0.00050
****** Airplane: 0.255488
****** Bag: 0.449306
****** Cap: 0.390778
****** Car: 0.242429
****** Chair: 0.432681
****** Earphone: 0.361274
****** Guitar: 0.276039
****** Knife: 0.348311
****** Lamp: 0.515721
****** Laptop: 0.505641
****** Motorbike: 0.168827
****** Mug: 0.486977
****** Pistol: 0.294954
****** Rocket: 0.226318
****** Skateboard: 0.413837
****** Table: 0.465131
************ Test Loss: 1.225868
************ Class_mIoU: 0.364607
************ Instance_mIoU: 0.402563
[epoch  98] 	 train loss: 0.839090 	 lr: 0.00050
****** Airplane: 0.251977
****** Bag: 0.446080
****** Cap: 0.405220
****** Car: 0.236674
****** Chair: 0.420747
****** Earphone: 0.371564
****** Guitar: 0.316275
****** Knife: 0.352460
****** Lamp: 0.525857
****** Laptop: 0.567594
****** Motorbike: 0.170800
****** Mug: 0.485814
****** Pistol: 0.301720
****** Rocket: 0.227423
****** Skateboard: 0.438057
****** Table: 0.471992
************ Test Loss: 1.440634
************ Class_mIoU: 0.374391
************ Instance_mIoU: 0.406550
[epoch  99] 	 train loss: 0.839443 	 lr: 0.00050
****** Airplane: 0.250812
****** Bag: 0.450592
****** Cap: 0.453441
****** Car: 0.240690
****** Chair: 0.432740
****** Earphone: 0.385480
****** Guitar: 0.298801
****** Knife: 0.378707
****** Lamp: 0.515793
****** Laptop: 0.520152
****** Motorbike: 0.170277
****** Mug: 0.474449
****** Pistol: 0.271876
****** Rocket: 0.232364
****** Skateboard: 0.438908
****** Table: 0.475717
************ Test Loss: 1.890243
************ Class_mIoU: 0.374425
************ Instance_mIoU: 0.407749
[epoch 100] 	 train loss: 0.839976 	 lr: 0.00050
****** Airplane: 0.255558
****** Bag: 0.447824
****** Cap: 0.420303
****** Car: 0.242556
****** Chair: 0.439168
****** Earphone: 0.368026
****** Guitar: 0.318070
****** Knife: 0.350389
****** Lamp: 0.524533
****** Laptop: 0.537745
****** Motorbike: 0.169433
****** Mug: 0.486033
****** Pistol: 0.282964
****** Rocket: 0.226251
****** Skateboard: 0.437459
****** Table: 0.471403
************ Test Loss: 1.416108
************ Class_mIoU: 0.373607
************ Instance_mIoU: 0.410414
[epoch 101] 	 train loss: 0.838284 	 lr: 0.00050
****** Airplane: 0.255424
****** Bag: 0.448050
****** Cap: 0.360120
****** Car: 0.242351
****** Chair: 0.424223
****** Earphone: 0.373467
****** Guitar: 0.322237
****** Knife: 0.386373
****** Lamp: 0.537805
****** Laptop: 0.505355
****** Motorbike: 0.168523
****** Mug: 0.486090
****** Pistol: 0.278490
****** Rocket: 0.227349
****** Skateboard: 0.439556
****** Table: 0.468202
************ Test Loss: 1.615780
************ Class_mIoU: 0.370226
************ Instance_mIoU: 0.407139
[epoch 102] 	 train loss: 0.836662 	 lr: 0.00025
****** Airplane: 0.247886
****** Bag: 0.448800
****** Cap: 0.435548
****** Car: 0.242382
****** Chair: 0.423969
****** Earphone: 0.330704
****** Guitar: 0.300087
****** Knife: 0.391657
****** Lamp: 0.519643
****** Laptop: 0.544251
****** Motorbike: 0.159356
****** Mug: 0.486675
****** Pistol: 0.287815
****** Rocket: 0.227950
****** Skateboard: 0.429325
****** Table: 0.473558
************ Test Loss: 3.152856
************ Class_mIoU: 0.371850
************ Instance_mIoU: 0.405966
[epoch 103] 	 train loss: 0.836258 	 lr: 0.00025
****** Airplane: 0.261118
****** Bag: 0.447091
****** Cap: 0.413029
****** Car: 0.240653
****** Chair: 0.432872
****** Earphone: 0.373510
****** Guitar: 0.333208
****** Knife: 0.391791
****** Lamp: 0.538052
****** Laptop: 0.538493
****** Motorbike: 0.169399
****** Mug: 0.486322
****** Pistol: 0.273145
****** Rocket: 0.226915
****** Skateboard: 0.440758
****** Table: 0.472847
************ Test Loss: 1.183764
************ Class_mIoU: 0.377450
************ Instance_mIoU: 0.413096
[epoch 104] 	 train loss: 0.839691 	 lr: 0.00025
****** Airplane: 0.259794
****** Bag: 0.448521
****** Cap: 0.367705
****** Car: 0.241285
****** Chair: 0.413685
****** Earphone: 0.381302
****** Guitar: 0.291152
****** Knife: 0.363240
****** Lamp: 0.526586
****** Laptop: 0.552174
****** Motorbike: 0.168725
****** Mug: 0.486611
****** Pistol: 0.250596
****** Rocket: 0.234782
****** Skateboard: 0.437054
****** Table: 0.468314
************ Test Loss: 1.474591
************ Class_mIoU: 0.368220
************ Instance_mIoU: 0.402580
[epoch 105] 	 train loss: 0.836991 	 lr: 0.00025
****** Airplane: 0.257533
****** Bag: 0.447719
****** Cap: 0.408487
****** Car: 0.240787
****** Chair: 0.413017
****** Earphone: 0.366869
****** Guitar: 0.311832
****** Knife: 0.404157
****** Lamp: 0.523331
****** Laptop: 0.587801
****** Motorbike: 0.165111
****** Mug: 0.486495
****** Pistol: 0.301215
****** Rocket: 0.231651
****** Skateboard: 0.437631
****** Table: 0.471513
************ Test Loss: 1.095048
************ Class_mIoU: 0.378447
************ Instance_mIoU: 0.406837
[epoch 106] 	 train loss: 0.836488 	 lr: 0.00025
****** Airplane: 0.273241
****** Bag: 0.441929
****** Cap: 0.396047
****** Car: 0.242189
****** Chair: 0.417475
****** Earphone: 0.361493
****** Guitar: 0.205690
****** Knife: 0.288451
****** Lamp: 0.519596
****** Laptop: 0.492720
****** Motorbike: 0.171344
****** Mug: 0.484302
****** Pistol: 0.293663
****** Rocket: 0.227702
****** Skateboard: 0.418637
****** Table: 0.474314
************ Test Loss: 1.160395
************ Class_mIoU: 0.356800
************ Instance_mIoU: 0.398128
[epoch 107] 	 train loss: 0.834920 	 lr: 0.00025
****** Airplane: 0.250938
****** Bag: 0.448050
****** Cap: 0.366459
****** Car: 0.240625
****** Chair: 0.429999
****** Earphone: 0.373794
****** Guitar: 0.302389
****** Knife: 0.358569
****** Lamp: 0.521599
****** Laptop: 0.536146
****** Motorbike: 0.168716
****** Mug: 0.486174
****** Pistol: 0.279087
****** Rocket: 0.237774
****** Skateboard: 0.438235
****** Table: 0.456537
************ Test Loss: 0.995055
************ Class_mIoU: 0.368443
************ Instance_mIoU: 0.401958
[epoch 108] 	 train loss: 0.836644 	 lr: 0.00025
****** Airplane: 0.269419
****** Bag: 0.448172
****** Cap: 0.372890
****** Car: 0.240647
****** Chair: 0.432724
****** Earphone: 0.400520
****** Guitar: 0.297232
****** Knife: 0.302653
****** Lamp: 0.532339
****** Laptop: 0.549858
****** Motorbike: 0.170834
****** Mug: 0.486739
****** Pistol: 0.293466
****** Rocket: 0.227281
****** Skateboard: 0.437393
****** Table: 0.471210
************ Test Loss: 1.075041
************ Class_mIoU: 0.370836
************ Instance_mIoU: 0.409140
[epoch 109] 	 train loss: 0.836847 	 lr: 0.00025
****** Airplane: 0.258198
****** Bag: 0.448835
****** Cap: 0.381698
****** Car: 0.240628
****** Chair: 0.434803
****** Earphone: 0.384810
****** Guitar: 0.288798
****** Knife: 0.358649
****** Lamp: 0.526835
****** Laptop: 0.534249
****** Motorbike: 0.170107
****** Mug: 0.486759
****** Pistol: 0.266404
****** Rocket: 0.217055
****** Skateboard: 0.393955
****** Table: 0.470816
************ Test Loss: 2.208857
************ Class_mIoU: 0.366412
************ Instance_mIoU: 0.407316
[epoch 110] 	 train loss: 0.835012 	 lr: 0.00025
****** Airplane: 0.251368
****** Bag: 0.446760
****** Cap: 0.375264
****** Car: 0.239742
****** Chair: 0.426819
****** Earphone: 0.365507
****** Guitar: 0.286275
****** Knife: 0.405089
****** Lamp: 0.534925
****** Laptop: 0.561320
****** Motorbike: 0.169214
****** Mug: 0.485808
****** Pistol: 0.284226
****** Rocket: 0.227702
****** Skateboard: 0.437862
****** Table: 0.468872
************ Test Loss: 1.034558
************ Class_mIoU: 0.372922
************ Instance_mIoU: 0.407302
[epoch 111] 	 train loss: 0.834938 	 lr: 0.00025
****** Airplane: 0.249712
****** Bag: 0.446952
****** Cap: 0.364437
****** Car: 0.242382
****** Chair: 0.426464
****** Earphone: 0.359874
****** Guitar: 0.312399
****** Knife: 0.358294
****** Lamp: 0.525033
****** Laptop: 0.563692
****** Motorbike: 0.169251
****** Mug: 0.463520
****** Pistol: 0.323382
****** Rocket: 0.227776
****** Skateboard: 0.440020
****** Table: 0.464015
************ Test Loss: 157.000182
************ Class_mIoU: 0.371075
************ Instance_mIoU: 0.405218
[epoch 112] 	 train loss: 0.835790 	 lr: 0.00025
****** Airplane: 0.258251
****** Bag: 0.446411
****** Cap: 0.449185
****** Car: 0.242277
****** Chair: 0.420074
****** Earphone: 0.431331
****** Guitar: 0.325953
****** Knife: 0.333221
****** Lamp: 0.527537
****** Laptop: 0.542498
****** Motorbike: 0.168765
****** Mug: 0.486026
****** Pistol: 0.280096
****** Rocket: 0.230768
****** Skateboard: 0.418531
****** Table: 0.466158
************ Test Loss: 1.897637
************ Class_mIoU: 0.376693
************ Instance_mIoU: 0.405058
[epoch 113] 	 train loss: 0.837773 	 lr: 0.00025
****** Airplane: 0.251391
****** Bag: 0.451431
****** Cap: 0.376772
****** Car: 0.240385
****** Chair: 0.423479
****** Earphone: 0.470847
****** Guitar: 0.310812
****** Knife: 0.319816
****** Lamp: 0.517137
****** Laptop: 0.542548
****** Motorbike: 0.168387
****** Mug: 0.486335
****** Pistol: 0.300757
****** Rocket: 0.227386
****** Skateboard: 0.437879
****** Table: 0.466750
************ Test Loss: 1.962763
************ Class_mIoU: 0.374507
************ Instance_mIoU: 0.403353
[epoch 114] 	 train loss: 0.839552 	 lr: 0.00025
****** Airplane: 0.259909
****** Bag: 0.448085
****** Cap: 0.511450
****** Car: 0.242138
****** Chair: 0.410433
****** Earphone: 0.351237
****** Guitar: 0.273305
****** Knife: 0.340882
****** Lamp: 0.529275
****** Laptop: 0.531665
****** Motorbike: 0.169945
****** Mug: 0.486778
****** Pistol: 0.298836
****** Rocket: 0.237377
****** Skateboard: 0.425860
****** Table: 0.467401
************ Test Loss: 0.936642
************ Class_mIoU: 0.374036
************ Instance_mIoU: 0.400694
[epoch 115] 	 train loss: 0.836023 	 lr: 0.00025
****** Airplane: 0.268449
****** Bag: 0.448120
****** Cap: 0.372126
****** Car: 0.242200
****** Chair: 0.438012
****** Earphone: 0.427001
****** Guitar: 0.326428
****** Knife: 0.347572
****** Lamp: 0.529342
****** Laptop: 0.569368
****** Motorbike: 0.171264
****** Mug: 0.486180
****** Pistol: 0.321694
****** Rocket: 0.226131
****** Skateboard: 0.435903
****** Table: 0.474414
************ Test Loss: 1.153224
************ Class_mIoU: 0.380263
************ Instance_mIoU: 0.415019
[epoch 116] 	 train loss: 0.837492 	 lr: 0.00025
****** Airplane: 0.265519
****** Bag: 0.448312
****** Cap: 0.369639
****** Car: 0.240894
****** Chair: 0.432247
****** Earphone: 0.413079
****** Guitar: 0.315164
****** Knife: 0.401219
****** Lamp: 0.525403
****** Laptop: 0.583654
****** Motorbike: 0.170134
****** Mug: 0.486193
****** Pistol: 0.282158
****** Rocket: 0.225909
****** Skateboard: 0.437264
****** Table: 0.471320
************ Test Loss: 1.254592
************ Class_mIoU: 0.379257
************ Instance_mIoU: 0.412477
[epoch 117] 	 train loss: 0.835301 	 lr: 0.00025
****** Airplane: 0.264929
****** Bag: 0.449899
****** Cap: 0.367360
****** Car: 0.242258
****** Chair: 0.436477
****** Earphone: 0.406146
****** Guitar: 0.317067
****** Knife: 0.403124
****** Lamp: 0.529888
****** Laptop: 0.520363
****** Motorbike: 0.165714
****** Mug: 0.486283
****** Pistol: 0.299724
****** Rocket: 0.230523
****** Skateboard: 0.426499
****** Table: 0.472259
************ Test Loss: 1.066587
************ Class_mIoU: 0.376157
************ Instance_mIoU: 0.412633
[epoch 118] 	 train loss: 0.837713 	 lr: 0.00025
****** Airplane: 0.264141
****** Bag: 0.448033
****** Cap: 0.370300
****** Car: 0.239088
****** Chair: 0.420539
****** Earphone: 0.337336
****** Guitar: 0.289592
****** Knife: 0.378052
****** Lamp: 0.516292
****** Laptop: 0.518736
****** Motorbike: 0.169132
****** Mug: 0.486508
****** Pistol: 0.282078
****** Rocket: 0.238322
****** Skateboard: 0.417378
****** Table: 0.478866
************ Test Loss: 1.052755
************ Class_mIoU: 0.365900
************ Instance_mIoU: 0.406187
[epoch 119] 	 train loss: 0.835627 	 lr: 0.00025
****** Airplane: 0.263564
****** Bag: 0.415370
****** Cap: 0.364919
****** Car: 0.242449
****** Chair: 0.434728
****** Earphone: 0.441267
****** Guitar: 0.294158
****** Knife: 0.380093
****** Lamp: 0.528822
****** Laptop: 0.556602
****** Motorbike: 0.169937
****** Mug: 0.485454
****** Pistol: 0.280924
****** Rocket: 0.227170
****** Skateboard: 0.438596
****** Table: 0.473112
************ Test Loss: 1.121483
************ Class_mIoU: 0.374823
************ Instance_mIoU: 0.411222
[epoch 120] 	 train loss: 0.835892 	 lr: 0.00025
****** Airplane: 0.263427
****** Bag: 0.448957
****** Cap: 0.384969
****** Car: 0.242450
****** Chair: 0.431892
****** Earphone: 0.408272
****** Guitar: 0.319443
****** Knife: 0.384285
****** Lamp: 0.534580
****** Laptop: 0.542021
****** Motorbike: 0.168838
****** Mug: 0.485499
****** Pistol: 0.297055
****** Rocket: 0.240619
****** Skateboard: 0.430605
****** Table: 0.466224
************ Test Loss: 1.594540
************ Class_mIoU: 0.378071
************ Instance_mIoU: 0.410424
[epoch 121] 	 train loss: 0.834384 	 lr: 0.00025
****** Airplane: 0.266889
****** Bag: 0.462303
****** Cap: 0.388049
****** Car: 0.239400
****** Chair: 0.418472
****** Earphone: 0.396089
****** Guitar: 0.285863
****** Knife: 0.383987
****** Lamp: 0.523306
****** Laptop: 0.554001
****** Motorbike: 0.158129
****** Mug: 0.486123
****** Pistol: 0.302742
****** Rocket: 0.228595
****** Skateboard: 0.436657
****** Table: 0.470935
************ Test Loss: 1.683276
************ Class_mIoU: 0.375096
************ Instance_mIoU: 0.406066
[epoch 122] 	 train loss: 0.836654 	 lr: 0.00025
****** Airplane: 0.264460
****** Bag: 0.448818
****** Cap: 0.379258
****** Car: 0.242419
****** Chair: 0.433857
****** Earphone: 0.419460
****** Guitar: 0.310144
****** Knife: 0.323492
****** Lamp: 0.530130
****** Laptop: 0.521900
****** Motorbike: 0.168989
****** Mug: 0.486559
****** Pistol: 0.294415
****** Rocket: 0.228105
****** Skateboard: 0.437421
****** Table: 0.474799
************ Test Loss: 1.331887
************ Class_mIoU: 0.372764
************ Instance_mIoU: 0.410356
[epoch 123] 	 train loss: 0.835649 	 lr: 0.00025
****** Airplane: 0.271579
****** Bag: 0.447911
****** Cap: 0.385706
****** Car: 0.240594
****** Chair: 0.430107
****** Earphone: 0.386093
****** Guitar: 0.294356
****** Knife: 0.381728
****** Lamp: 0.529766
****** Laptop: 0.519350
****** Motorbike: 0.168544
****** Mug: 0.486232
****** Pistol: 0.317224
****** Rocket: 0.226074
****** Skateboard: 0.429688
****** Table: 0.468831
************ Test Loss: 1.212770
************ Class_mIoU: 0.373986
************ Instance_mIoU: 0.409161
[epoch 124] 	 train loss: 0.836785 	 lr: 0.00025
****** Airplane: 0.273009
****** Bag: 0.448626
****** Cap: 0.373775
****** Car: 0.240084
****** Chair: 0.434689
****** Earphone: 0.363250
****** Guitar: 0.319265
****** Knife: 0.329931
****** Lamp: 0.530972
****** Laptop: 0.511152
****** Motorbike: 0.168732
****** Mug: 0.485827
****** Pistol: 0.301585
****** Rocket: 0.233125
****** Skateboard: 0.437139
****** Table: 0.470364
************ Test Loss: 0.996052
************ Class_mIoU: 0.370095
************ Instance_mIoU: 0.410412
[epoch 125] 	 train loss: 0.834811 	 lr: 0.00025
****** Airplane: 0.252720
****** Bag: 0.447318
****** Cap: 0.375483
****** Car: 0.238760
****** Chair: 0.429589
****** Earphone: 0.430809
****** Guitar: 0.243825
****** Knife: 0.446802
****** Lamp: 0.531527
****** Laptop: 0.548880
****** Motorbike: 0.168502
****** Mug: 0.485808
****** Pistol: 0.316527
****** Rocket: 0.225098
****** Skateboard: 0.437633
****** Table: 0.465509
************ Test Loss: 1.674174
************ Class_mIoU: 0.377799
************ Instance_mIoU: 0.406000
[epoch 126] 	 train loss: 0.835287 	 lr: 0.00025
****** Airplane: 0.255057
****** Bag: 0.446359
****** Cap: 0.455520
****** Car: 0.241273
****** Chair: 0.432762
****** Earphone: 0.403858
****** Guitar: 0.310630
****** Knife: 0.349688
****** Lamp: 0.530457
****** Laptop: 0.566900
****** Motorbike: 0.169348
****** Mug: 0.486514
****** Pistol: 0.299804
****** Rocket: 0.187759
****** Skateboard: 0.416805
****** Table: 0.464053
************ Test Loss: 1.390789
************ Class_mIoU: 0.376049
************ Instance_mIoU: 0.407727
[epoch 127] 	 train loss: 0.836723 	 lr: 0.00025
****** Airplane: 0.266377
****** Bag: 0.448469
****** Cap: 0.411437
****** Car: 0.240949
****** Chair: 0.413043
****** Earphone: 0.371134
****** Guitar: 0.319382
****** Knife: 0.412311
****** Lamp: 0.539558
****** Laptop: 0.550250
****** Motorbike: 0.169182
****** Mug: 0.474468
****** Pistol: 0.300568
****** Rocket: 0.227582
****** Skateboard: 0.438430
****** Table: 0.468044
************ Test Loss: 1.008139
************ Class_mIoU: 0.378199
************ Instance_mIoU: 0.407984
[epoch 128] 	 train loss: 0.836466 	 lr: 0.00025
****** Airplane: 0.260210
****** Bag: 0.447126
****** Cap: 0.375553
****** Car: 0.241901
****** Chair: 0.433408
****** Earphone: 0.352538
****** Guitar: 0.302240
****** Knife: 0.397511
****** Lamp: 0.526859
****** Laptop: 0.535165
****** Motorbike: 0.165743
****** Mug: 0.486277
****** Pistol: 0.306537
****** Rocket: 0.230075
****** Skateboard: 0.405233
****** Table: 0.475879
************ Test Loss: 1.439379
************ Class_mIoU: 0.371391
************ Instance_mIoU: 0.411149
[epoch 129] 	 train loss: 0.836726 	 lr: 0.00025
****** Airplane: 0.254177
****** Bag: 0.447597
****** Cap: 0.446075
****** Car: 0.241027
****** Chair: 0.426989
****** Earphone: 0.361714
****** Guitar: 0.291774
****** Knife: 0.398725
****** Lamp: 0.531623
****** Laptop: 0.590794
****** Motorbike: 0.169033
****** Mug: 0.486322
****** Pistol: 0.312792
****** Rocket: 0.232335
****** Skateboard: 0.419283
****** Table: 0.468927
************ Test Loss: 1.340593
************ Class_mIoU: 0.379949
************ Instance_mIoU: 0.408930
[epoch 130] 	 train loss: 0.835128 	 lr: 0.00025
****** Airplane: 0.258199
****** Bag: 0.447946
****** Cap: 0.406438
****** Car: 0.242303
****** Chair: 0.426259
****** Earphone: 0.344443
****** Guitar: 0.255548
****** Knife: 0.394311
****** Lamp: 0.515969
****** Laptop: 0.531288
****** Motorbike: 0.169286
****** Mug: 0.486193
****** Pistol: 0.289044
****** Rocket: 0.234470
****** Skateboard: 0.437117
****** Table: 0.475833
************ Test Loss: 1.356609
************ Class_mIoU: 0.369665
************ Instance_mIoU: 0.405539
[epoch 131] 	 train loss: 0.834605 	 lr: 0.00025
****** Airplane: 0.264816
****** Bag: 0.448050
****** Cap: 0.407621
****** Car: 0.240906
****** Chair: 0.424386
****** Earphone: 0.377740
****** Guitar: 0.297308
****** Knife: 0.411816
****** Lamp: 0.535557
****** Laptop: 0.503824
****** Motorbike: 0.171238
****** Mug: 0.486129
****** Pistol: 0.262125
****** Rocket: 0.227170
****** Skateboard: 0.437230
****** Table: 0.468108
************ Test Loss: 0.949762
************ Class_mIoU: 0.372751
************ Instance_mIoU: 0.407222
[epoch 132] 	 train loss: 0.835432 	 lr: 0.00025
****** Airplane: 0.252146
****** Bag: 0.445993
****** Cap: 0.415283
****** Car: 0.241967
****** Chair: 0.428188
****** Earphone: 0.355048
****** Guitar: 0.310574
****** Knife: 0.367525
****** Lamp: 0.525703
****** Laptop: 0.551560
****** Motorbike: 0.168372
****** Mug: 0.485814
****** Pistol: 0.262770
****** Rocket: 0.227525
****** Skateboard: 0.438149
****** Table: 0.469439
************ Test Loss: 1.082018
************ Class_mIoU: 0.371629
************ Instance_mIoU: 0.406876
[epoch 133] 	 train loss: 0.836104 	 lr: 0.00025
****** Airplane: 0.251779
****** Bag: 0.413121
****** Cap: 0.408878
****** Car: 0.241197
****** Chair: 0.427649
****** Earphone: 0.382695
****** Guitar: 0.289023
****** Knife: 0.409833
****** Lamp: 0.537994
****** Laptop: 0.513874
****** Motorbike: 0.168724
****** Mug: 0.485955
****** Pistol: 0.278473
****** Rocket: 0.226874
****** Skateboard: 0.437300
****** Table: 0.468682
************ Test Loss: 1.150131
************ Class_mIoU: 0.371378
************ Instance_mIoU: 0.406741
[epoch 134] 	 train loss: 0.835334 	 lr: 0.00025
****** Airplane: 0.252242
****** Bag: 0.448190
****** Cap: 0.384418
****** Car: 0.242602
****** Chair: 0.434432
****** Earphone: 0.369212
****** Guitar: 0.306455
****** Knife: 0.367138
****** Lamp: 0.518074
****** Laptop: 0.574000
****** Motorbike: 0.169370
****** Mug: 0.486810
****** Pistol: 0.308388
****** Rocket: 0.226915
****** Skateboard: 0.438071
****** Table: 0.477210
************ Test Loss: 1.908189
************ Class_mIoU: 0.375221
************ Instance_mIoU: 0.411082
[epoch 135] 	 train loss: 0.835263 	 lr: 0.00025
****** Airplane: 0.254558
****** Bag: 0.447911
****** Cap: 0.415185
****** Car: 0.242471
****** Chair: 0.432108
****** Earphone: 0.360316
****** Guitar: 0.288942
****** Knife: 0.408606
****** Lamp: 0.528917
****** Laptop: 0.512430
****** Motorbike: 0.170917
****** Mug: 0.486200
****** Pistol: 0.313478
****** Rocket: 0.225681
****** Skateboard: 0.440189
****** Table: 0.469283
************ Test Loss: 1.230067
************ Class_mIoU: 0.374825
************ Instance_mIoU: 0.408116
[epoch 136] 	 train loss: 0.834129 	 lr: 0.00025
****** Airplane: 0.259508
****** Bag: 0.447109
****** Cap: 0.346254
****** Car: 0.239338
****** Chair: 0.421110
****** Earphone: 0.417742
****** Guitar: 0.260846
****** Knife: 0.356601
****** Lamp: 0.526693
****** Laptop: 0.498786
****** Motorbike: 0.168848
****** Mug: 0.486566
****** Pistol: 0.292871
****** Rocket: 0.179538
****** Skateboard: 0.437204
****** Table: 0.468681
************ Test Loss: 1.395503
************ Class_mIoU: 0.362981
************ Instance_mIoU: 0.401481
[epoch 137] 	 train loss: 0.834870 	 lr: 0.00025
****** Airplane: 0.256151
****** Bag: 0.447248
****** Cap: 0.369342
****** Car: 0.240597
****** Chair: 0.434050
****** Earphone: 0.390952
****** Guitar: 0.307917
****** Knife: 0.389649
****** Lamp: 0.513825
****** Laptop: 0.537847
****** Motorbike: 0.169459
****** Mug: 0.485371
****** Pistol: 0.305252
****** Rocket: 0.225803
****** Skateboard: 0.439411
****** Table: 0.463741
************ Test Loss: 1.234729
************ Class_mIoU: 0.373538
************ Instance_mIoU: 0.406596
[epoch 138] 	 train loss: 0.834493 	 lr: 0.00025
****** Airplane: 0.260432
****** Bag: 0.447475
****** Cap: 0.408479
****** Car: 0.240599
****** Chair: 0.436425
****** Earphone: 0.349087
****** Guitar: 0.307900
****** Knife: 0.342139
****** Lamp: 0.518769
****** Laptop: 0.574803
****** Motorbike: 0.170949
****** Mug: 0.487061
****** Pistol: 0.316562
****** Rocket: 0.227346
****** Skateboard: 0.437993
****** Table: 0.478007
************ Test Loss: 1.201642
************ Class_mIoU: 0.375252
************ Instance_mIoU: 0.412291
[epoch 139] 	 train loss: 0.835903 	 lr: 0.00025
****** Airplane: 0.261598
****** Bag: 0.448103
****** Cap: 0.379191
****** Car: 0.242365
****** Chair: 0.423024
****** Earphone: 0.360953
****** Guitar: 0.287794
****** Knife: 0.387113
****** Lamp: 0.529774
****** Laptop: 0.534301
****** Motorbike: 0.170278
****** Mug: 0.486437
****** Pistol: 0.276678
****** Rocket: 0.228014
****** Skateboard: 0.437345
****** Table: 0.474517
************ Test Loss: 1.757080
************ Class_mIoU: 0.370468
************ Instance_mIoU: 0.407593
[epoch 140] 	 train loss: 0.834677 	 lr: 0.00025
****** Airplane: 0.260405
****** Bag: 0.448469
****** Cap: 0.397536
****** Car: 0.240616
****** Chair: 0.436012
****** Earphone: 0.371608
****** Guitar: 0.306018
****** Knife: 0.418157
****** Lamp: 0.532901
****** Laptop: 0.526943
****** Motorbike: 0.168780
****** Mug: 0.486206
****** Pistol: 0.271039
****** Rocket: 0.218190
****** Skateboard: 0.438044
****** Table: 0.473027
************ Test Loss: 1.312618
************ Class_mIoU: 0.374622
************ Instance_mIoU: 0.412043
[epoch 141] 	 train loss: 0.834399 	 lr: 0.00025
****** Airplane: 0.261433
****** Bag: 0.450176
****** Cap: 0.397427
****** Car: 0.239721
****** Chair: 0.429418
****** Earphone: 0.370146
****** Guitar: 0.300057
****** Knife: 0.380852
****** Lamp: 0.530063
****** Laptop: 0.577774
****** Motorbike: 0.167290
****** Mug: 0.486142
****** Pistol: 0.279541
****** Rocket: 0.226311
****** Skateboard: 0.426021
****** Table: 0.475633
************ Test Loss: 1.053203
************ Class_mIoU: 0.374875
************ Instance_mIoU: 0.411094
[epoch 142] 	 train loss: 0.832429 	 lr: 0.00025
****** Airplane: 0.262122
****** Bag: 0.447859
****** Cap: 0.365124
****** Car: 0.237778
****** Chair: 0.430355
****** Earphone: 0.375411
****** Guitar: 0.326157
****** Knife: 0.339350
****** Lamp: 0.531222
****** Laptop: 0.563959
****** Motorbike: 0.169645
****** Mug: 0.486013
****** Pistol: 0.266903
****** Rocket: 0.194044
****** Skateboard: 0.437048
****** Table: 0.475781
************ Test Loss: 1.791663
************ Class_mIoU: 0.369298
************ Instance_mIoU: 0.411069
[epoch 143] 	 train loss: 0.835991 	 lr: 0.00025
****** Airplane: 0.268146
****** Bag: 0.448417
****** Cap: 0.403739
****** Car: 0.242556
****** Chair: 0.433305
****** Earphone: 0.319036
****** Guitar: 0.327614
****** Knife: 0.350772
****** Lamp: 0.529929
****** Laptop: 0.542702
****** Motorbike: 0.172760
****** Mug: 0.486110
****** Pistol: 0.307348
****** Rocket: 0.228115
****** Skateboard: 0.439571
****** Table: 0.481775
************ Test Loss: 0.908992
************ Class_mIoU: 0.373868
************ Instance_mIoU: 0.414915
[epoch 144] 	 train loss: 0.834340 	 lr: 0.00025
****** Airplane: 0.260476
****** Bag: 0.479230
****** Cap: 0.397576
****** Car: 0.242588
****** Chair: 0.436694
****** Earphone: 0.418553
****** Guitar: 0.312874
****** Knife: 0.382253
****** Lamp: 0.533134
****** Laptop: 0.566087
****** Motorbike: 0.170508
****** Mug: 0.485731
****** Pistol: 0.302957
****** Rocket: 0.226527
****** Skateboard: 0.438067
****** Table: 0.469395
************ Test Loss: 0.994951
************ Class_mIoU: 0.382666
************ Instance_mIoU: 0.412715
[epoch 145] 	 train loss: 0.835050 	 lr: 0.00025
****** Airplane: 0.249296
****** Bag: 0.449306
****** Cap: 0.373169
****** Car: 0.241323
****** Chair: 0.424765
****** Earphone: 0.357522
****** Guitar: 0.308672
****** Knife: 0.383186
****** Lamp: 0.513183
****** Laptop: 0.558923
****** Motorbike: 0.168910
****** Mug: 0.486412
****** Pistol: 0.294216
****** Rocket: 0.228456
****** Skateboard: 0.441034
****** Table: 0.463606
************ Test Loss: 1.259388
************ Class_mIoU: 0.371374
************ Instance_mIoU: 0.403641
[epoch 146] 	 train loss: 0.834722 	 lr: 0.00025
****** Airplane: 0.258469
****** Bag: 0.448168
****** Cap: 0.390277
****** Car: 0.242060
****** Chair: 0.433431
****** Earphone: 0.372393
****** Guitar: 0.325425
****** Knife: 0.388542
****** Lamp: 0.531283
****** Laptop: 0.533057
****** Motorbike: 0.168920
****** Mug: 0.486585
****** Pistol: 0.325597
****** Rocket: 0.228892
****** Skateboard: 0.436575
****** Table: 0.473473
************ Test Loss: 1.273744
************ Class_mIoU: 0.377697
************ Instance_mIoU: 0.412503
[epoch 147] 	 train loss: 0.834069 	 lr: 0.00025
****** Airplane: 0.256399
****** Bag: 0.446847
****** Cap: 0.398022
****** Car: 0.242497
****** Chair: 0.439275
****** Earphone: 0.379394
****** Guitar: 0.320999
****** Knife: 0.403295
****** Lamp: 0.522709
****** Laptop: 0.517513
****** Motorbike: 0.169906
****** Mug: 0.486463
****** Pistol: 0.306961
****** Rocket: 0.226842
****** Skateboard: 0.438354
****** Table: 0.469565
************ Test Loss: 1.019938
************ Class_mIoU: 0.376565
************ Instance_mIoU: 0.411222
[epoch 148] 	 train loss: 0.834660 	 lr: 0.00025
****** Airplane: 0.261716
****** Bag: 0.447702
****** Cap: 0.384113
****** Car: 0.238884
****** Chair: 0.433497
****** Earphone: 0.360935
****** Guitar: 0.284870
****** Knife: 0.392046
****** Lamp: 0.537513
****** Laptop: 0.550976
****** Motorbike: 0.170673
****** Mug: 0.486174
****** Pistol: 0.296219
****** Rocket: 0.230612
****** Skateboard: 0.437546
****** Table: 0.469432
************ Test Loss: 2.139226
************ Class_mIoU: 0.373932
************ Instance_mIoU: 0.410040
[epoch 149] 	 train loss: 0.833506 	 lr: 0.00025
****** Airplane: 0.262176
****** Bag: 0.447510
****** Cap: 0.367615
****** Car: 0.236445
****** Chair: 0.428527
****** Earphone: 0.389858
****** Guitar: 0.320487
****** Knife: 0.348336
****** Lamp: 0.525118
****** Laptop: 0.565846
****** Motorbike: 0.169689
****** Mug: 0.486142
****** Pistol: 0.263031
****** Rocket: 0.212172
****** Skateboard: 0.438687
****** Table: 0.471191
************ Test Loss: 1.178103
************ Class_mIoU: 0.370802
************ Instance_mIoU: 0.408699
[epoch 150] 	 train loss: 0.835138 	 lr: 0.00025
****** Airplane: 0.259880
****** Bag: 0.447876
****** Cap: 0.452511
****** Car: 0.242198
****** Chair: 0.429264
****** Earphone: 0.357919
****** Guitar: 0.320531
****** Knife: 0.376745
****** Lamp: 0.532034
****** Laptop: 0.509364
****** Motorbike: 0.168925
****** Mug: 0.485943
****** Pistol: 0.286315
****** Rocket: 0.217904
****** Skateboard: 0.430355
****** Table: 0.468264
************ Test Loss: 1.006207
************ Class_mIoU: 0.374127
************ Instance_mIoU: 0.408355
[epoch 151] 	 train loss: 0.836866 	 lr: 0.00025
****** Airplane: 0.259331
****** Bag: 0.449707
****** Cap: 0.364480
****** Car: 0.242473
****** Chair: 0.432495
****** Earphone: 0.327365
****** Guitar: 0.278906
****** Knife: 0.347863
****** Lamp: 0.527919
****** Laptop: 0.562110
****** Motorbike: 0.168694
****** Mug: 0.486823
****** Pistol: 0.314115
****** Rocket: 0.227729
****** Skateboard: 0.436455
****** Table: 0.468749
************ Test Loss: 0.901698
************ Class_mIoU: 0.368451
************ Instance_mIoU: 0.407309
[epoch 152] 	 train loss: 0.835084 	 lr: 0.00013
****** Airplane: 0.261072
****** Bag: 0.448451
****** Cap: 0.390640
****** Car: 0.242031
****** Chair: 0.414482
****** Earphone: 0.371966
****** Guitar: 0.263186
****** Knife: 0.424946
****** Lamp: 0.524589
****** Laptop: 0.546119
****** Motorbike: 0.165733
****** Mug: 0.486026
****** Pistol: 0.299175
****** Rocket: 0.229054
****** Skateboard: 0.437943
****** Table: 0.466077
************ Test Loss: 0.916967
************ Class_mIoU: 0.373218
************ Instance_mIoU: 0.402815
[epoch 153] 	 train loss: 0.833667 	 lr: 0.00013
****** Airplane: 0.262457
****** Bag: 0.448730
****** Cap: 0.437300
****** Car: 0.240835
****** Chair: 0.426724
****** Earphone: 0.347804
****** Guitar: 0.273406
****** Knife: 0.343382
****** Lamp: 0.531306
****** Laptop: 0.566603
****** Motorbike: 0.168475
****** Mug: 0.486405
****** Pistol: 0.278796
****** Rocket: 0.226803
****** Skateboard: 0.437921
****** Table: 0.466039
************ Test Loss: 0.995744
************ Class_mIoU: 0.371437
************ Instance_mIoU: 0.405250
[epoch 154] 	 train loss: 0.832678 	 lr: 0.00013
****** Airplane: 0.255116
****** Bag: 0.447806
****** Cap: 0.397795
****** Car: 0.241018
****** Chair: 0.427309
****** Earphone: 0.272759
****** Guitar: 0.321708
****** Knife: 0.413530
****** Lamp: 0.525826
****** Laptop: 0.488415
****** Motorbike: 0.171039
****** Mug: 0.474346
****** Pistol: 0.286865
****** Rocket: 0.232245
****** Skateboard: 0.441602
****** Table: 0.465460
************ Test Loss: 1.286897
************ Class_mIoU: 0.366427
************ Instance_mIoU: 0.405734
[epoch 155] 	 train loss: 0.831986 	 lr: 0.00013
****** Airplane: 0.255930
****** Bag: 0.448417
****** Cap: 0.412548
****** Car: 0.239052
****** Chair: 0.434880
****** Earphone: 0.382682
****** Guitar: 0.307203
****** Knife: 0.384644
****** Lamp: 0.537540
****** Laptop: 0.547114
****** Motorbike: 0.170104
****** Mug: 0.486649
****** Pistol: 0.297762
****** Rocket: 0.244670
****** Skateboard: 0.440327
****** Table: 0.471576
************ Test Loss: 1.093727
************ Class_mIoU: 0.378818
************ Instance_mIoU: 0.411582
[epoch 156] 	 train loss: 0.831598 	 lr: 0.00013
****** Airplane: 0.259055
****** Bag: 0.448103
****** Cap: 0.367101
****** Car: 0.241627
****** Chair: 0.430515
****** Earphone: 0.345919
****** Guitar: 0.291772
****** Knife: 0.358259
****** Lamp: 0.526230
****** Laptop: 0.555553
****** Motorbike: 0.172290
****** Mug: 0.486412
****** Pistol: 0.325894
****** Rocket: 0.225342
****** Skateboard: 0.421376
****** Table: 0.468733
************ Test Loss: 1.838672
************ Class_mIoU: 0.370261
************ Instance_mIoU: 0.407543
[epoch 157] 	 train loss: 0.833591 	 lr: 0.00013
****** Airplane: 0.255239
****** Bag: 0.448120
****** Cap: 0.391106
****** Car: 0.240525
****** Chair: 0.425025
****** Earphone: 0.354252
****** Guitar: 0.274783
****** Knife: 0.353662
****** Lamp: 0.539244
****** Laptop: 0.493463
****** Motorbike: 0.169104
****** Mug: 0.486302
****** Pistol: 0.310814
****** Rocket: 0.228312
****** Skateboard: 0.442504
****** Table: 0.472792
************ Test Loss: 1.092168
************ Class_mIoU: 0.367828
************ Instance_mIoU: 0.405401
[epoch 158] 	 train loss: 0.831965 	 lr: 0.00013
****** Airplane: 0.257597
****** Bag: 0.446289
****** Cap: 0.410592
****** Car: 0.239333
****** Chair: 0.435487
****** Earphone: 0.391071
****** Guitar: 0.308822
****** Knife: 0.358577
****** Lamp: 0.531264
****** Laptop: 0.548678
****** Motorbike: 0.169664
****** Mug: 0.485878
****** Pistol: 0.291131
****** Rocket: 0.221873
****** Skateboard: 0.442416
****** Table: 0.466707
************ Test Loss: 1.196143
************ Class_mIoU: 0.375336
************ Instance_mIoU: 0.409123
[epoch 159] 	 train loss: 0.834515 	 lr: 0.00013
****** Airplane: 0.256291
****** Bag: 0.447632
****** Cap: 0.381702
****** Car: 0.242162
****** Chair: 0.414827
****** Earphone: 0.350373
****** Guitar: 0.207153
****** Knife: 0.363424
****** Lamp: 0.525423
****** Laptop: 0.485144
****** Motorbike: 0.169536
****** Mug: 0.474288
****** Pistol: 0.269264
****** Rocket: 0.225382
****** Skateboard: 0.432796
****** Table: 0.470194
************ Test Loss: 1.288144
************ Class_mIoU: 0.357224
************ Instance_mIoU: 0.396304
[epoch 160] 	 train loss: 0.832810 	 lr: 0.00013
****** Airplane: 0.254035
****** Bag: 0.448434
****** Cap: 0.383942
****** Car: 0.241167
****** Chair: 0.429278
****** Earphone: 0.350579
****** Guitar: 0.323591
****** Knife: 0.323301
****** Lamp: 0.532175
****** Laptop: 0.509430
****** Motorbike: 0.172636
****** Mug: 0.486206
****** Pistol: 0.274772
****** Rocket: 0.227687
****** Skateboard: 0.437576
****** Table: 0.464122
************ Test Loss: 0.996982
************ Class_mIoU: 0.366183
************ Instance_mIoU: 0.404800
[epoch 161] 	 train loss: 0.833104 	 lr: 0.00013
****** Airplane: 0.254932
****** Bag: 0.450501
****** Cap: 0.340042
****** Car: 0.238792
****** Chair: 0.416982
****** Earphone: 0.400181
****** Guitar: 0.309915
****** Knife: 0.318039
****** Lamp: 0.524993
****** Laptop: 0.574420
****** Motorbike: 0.170453
****** Mug: 0.486341
****** Pistol: 0.263155
****** Rocket: 0.227987
****** Skateboard: 0.380757
****** Table: 0.467951
************ Test Loss: 1.589103
************ Class_mIoU: 0.364090
************ Instance_mIoU: 0.402410
[epoch 162] 	 train loss: 0.834515 	 lr: 0.00013
****** Airplane: 0.268585
****** Bag: 0.448560
****** Cap: 0.391535
****** Car: 0.242704
****** Chair: 0.432937
****** Earphone: 0.367928
****** Guitar: 0.310403
****** Knife: 0.380092
****** Lamp: 0.532891
****** Laptop: 0.569732
****** Motorbike: 0.170501
****** Mug: 0.486283
****** Pistol: 0.271408
****** Rocket: 0.237075
****** Skateboard: 0.437327
****** Table: 0.469068
************ Test Loss: 0.915043
************ Class_mIoU: 0.376064
************ Instance_mIoU: 0.411693
[epoch 163] 	 train loss: 0.833118 	 lr: 0.00013
****** Airplane: 0.268239
****** Bag: 0.447370
****** Cap: 0.429406
****** Car: 0.238576
****** Chair: 0.436483
****** Earphone: 0.396592
****** Guitar: 0.322562
****** Knife: 0.297306
****** Lamp: 0.526320
****** Laptop: 0.523034
****** Motorbike: 0.169664
****** Mug: 0.486039
****** Pistol: 0.284315
****** Rocket: 0.261621
****** Skateboard: 0.437932
****** Table: 0.471462
************ Test Loss: 1.043514
************ Class_mIoU: 0.374808
************ Instance_mIoU: 0.409933
[epoch 164] 	 train loss: 0.831087 	 lr: 0.00013
****** Airplane: 0.252183
****** Bag: 0.447946
****** Cap: 0.366437
****** Car: 0.240593
****** Chair: 0.422705
****** Earphone: 0.378139
****** Guitar: 0.306670
****** Knife: 0.370728
****** Lamp: 0.530627
****** Laptop: 0.579443
****** Motorbike: 0.168922
****** Mug: 0.485968
****** Pistol: 0.303928
****** Rocket: 0.226902
****** Skateboard: 0.438896
****** Table: 0.465560
************ Test Loss: 0.883105
************ Class_mIoU: 0.374103
************ Instance_mIoU: 0.406068
[epoch 165] 	 train loss: 0.830686 	 lr: 0.00013
****** Airplane: 0.255966
****** Bag: 0.449267
****** Cap: 0.389033
****** Car: 0.240446
****** Chair: 0.430109
****** Earphone: 0.378358
****** Guitar: 0.285921
****** Knife: 0.330589
****** Lamp: 0.539097
****** Laptop: 0.504645
****** Motorbike: 0.169582
****** Mug: 0.486277
****** Pistol: 0.296426
****** Rocket: 0.221528
****** Skateboard: 0.437516
****** Table: 0.465517
************ Test Loss: 1.025414
************ Class_mIoU: 0.367517
************ Instance_mIoU: 0.404684
[epoch 166] 	 train loss: 0.834281 	 lr: 0.00013
****** Airplane: 0.262784
****** Bag: 0.447492
****** Cap: 0.374088
****** Car: 0.241337
****** Chair: 0.433800
****** Earphone: 0.361008
****** Guitar: 0.289035
****** Knife: 0.379535
****** Lamp: 0.530307
****** Laptop: 0.503706
****** Motorbike: 0.165696
****** Mug: 0.486335
****** Pistol: 0.290690
****** Rocket: 0.228279
****** Skateboard: 0.365633
****** Table: 0.473503
************ Test Loss: 1.061205
************ Class_mIoU: 0.364577
************ Instance_mIoU: 0.408382
[epoch 167] 	 train loss: 0.832490 	 lr: 0.00013
****** Airplane: 0.256111
****** Bag: 0.444911
****** Cap: 0.412853
****** Car: 0.241462
****** Chair: 0.430166
****** Earphone: 0.394259
****** Guitar: 0.279486
****** Knife: 0.386039
****** Lamp: 0.533272
****** Laptop: 0.565495
****** Motorbike: 0.162142
****** Mug: 0.486302
****** Pistol: 0.281076
****** Rocket: 0.231070
****** Skateboard: 0.406101
****** Table: 0.466166
************ Test Loss: 1.192677
************ Class_mIoU: 0.373557
************ Instance_mIoU: 0.406810
[epoch 168] 	 train loss: 0.832850 	 lr: 0.00013
****** Airplane: 0.262084
****** Bag: 0.448495
****** Cap: 0.423656
****** Car: 0.242492
****** Chair: 0.429170
****** Earphone: 0.360947
****** Guitar: 0.283503
****** Knife: 0.396170
****** Lamp: 0.536564
****** Laptop: 0.503901
****** Motorbike: 0.168044
****** Mug: 0.486392
****** Pistol: 0.328691
****** Rocket: 0.230992
****** Skateboard: 0.438883
****** Table: 0.473400
************ Test Loss: 1.071586
************ Class_mIoU: 0.375837
************ Instance_mIoU: 0.409604
[epoch 169] 	 train loss: 0.833440 	 lr: 0.00013
****** Airplane: 0.268345
****** Bag: 0.447109
****** Cap: 0.455645
****** Car: 0.239923
****** Chair: 0.437747
****** Earphone: 0.393908
****** Guitar: 0.318807
****** Knife: 0.359239
****** Lamp: 0.539875
****** Laptop: 0.528771
****** Motorbike: 0.169247
****** Mug: 0.485949
****** Pistol: 0.252060
****** Rocket: 0.229242
****** Skateboard: 0.438482
****** Table: 0.469626
************ Test Loss: 0.980041
************ Class_mIoU: 0.377123
************ Instance_mIoU: 0.412272
[epoch 170] 	 train loss: 0.834393 	 lr: 0.00013
****** Airplane: 0.255793
****** Bag: 0.447440
****** Cap: 0.407076
****** Car: 0.240826
****** Chair: 0.430648
****** Earphone: 0.423408
****** Guitar: 0.308547
****** Knife: 0.418215
****** Lamp: 0.530344
****** Laptop: 0.562468
****** Motorbike: 0.170931
****** Mug: 0.486399
****** Pistol: 0.279664
****** Rocket: 0.226509
****** Skateboard: 0.409549
****** Table: 0.474428
************ Test Loss: 1.403993
************ Class_mIoU: 0.379515
************ Instance_mIoU: 0.411704
[epoch 171] 	 train loss: 0.833988 	 lr: 0.00013
****** Airplane: 0.261309
****** Bag: 0.448643
****** Cap: 0.382886
****** Car: 0.239463
****** Chair: 0.420839
****** Earphone: 0.383919
****** Guitar: 0.260066
****** Knife: 0.383207
****** Lamp: 0.523068
****** Laptop: 0.509595
****** Motorbike: 0.170978
****** Mug: 0.485313
****** Pistol: 0.276700
****** Rocket: 0.228817
****** Skateboard: 0.441374
****** Table: 0.470980
************ Test Loss: 1.261490
************ Class_mIoU: 0.367947
************ Instance_mIoU: 0.402970
[epoch 172] 	 train loss: 0.833363 	 lr: 0.00013
****** Airplane: 0.255427
****** Bag: 0.448765
****** Cap: 0.379847
****** Car: 0.240730
****** Chair: 0.433048
****** Earphone: 0.378004
****** Guitar: 0.313877
****** Knife: 0.428440
****** Lamp: 0.529486
****** Laptop: 0.545724
****** Motorbike: 0.170666
****** Mug: 0.486238
****** Pistol: 0.277273
****** Rocket: 0.229202
****** Skateboard: 0.437090
****** Table: 0.468024
************ Test Loss: 1.010362
************ Class_mIoU: 0.376365
************ Instance_mIoU: 0.410310
[epoch 173] 	 train loss: 0.832572 	 lr: 0.00013
****** Airplane: 0.265564
****** Bag: 0.447771
****** Cap: 0.436364
****** Car: 0.240777
****** Chair: 0.436802
****** Earphone: 0.351004
****** Guitar: 0.327906
****** Knife: 0.373794
****** Lamp: 0.543198
****** Laptop: 0.597348
****** Motorbike: 0.171247
****** Mug: 0.485988
****** Pistol: 0.321676
****** Rocket: 0.203557
****** Skateboard: 0.421891
****** Table: 0.478002
************ Test Loss: 1.202358
************ Class_mIoU: 0.381431
************ Instance_mIoU: 0.417985
[epoch 174] 	 train loss: 0.832295 	 lr: 0.00013
****** Airplane: 0.258059
****** Bag: 0.448800
****** Cap: 0.400724
****** Car: 0.241915
****** Chair: 0.416893
****** Earphone: 0.338565
****** Guitar: 0.240055
****** Knife: 0.330137
****** Lamp: 0.505615
****** Laptop: 0.487080
****** Motorbike: 0.171502
****** Mug: 0.486996
****** Pistol: 0.278007
****** Rocket: 0.225065
****** Skateboard: 0.439034
****** Table: 0.463399
************ Test Loss: 1.161157
************ Class_mIoU: 0.358240
************ Instance_mIoU: 0.394404
[epoch 175] 	 train loss: 0.833184 	 lr: 0.00013
****** Airplane: 0.262570
****** Bag: 0.445853
****** Cap: 0.360640
****** Car: 0.242310
****** Chair: 0.429691
****** Earphone: 0.379870
****** Guitar: 0.264319
****** Knife: 0.394658
****** Lamp: 0.530757
****** Laptop: 0.524569
****** Motorbike: 0.165136
****** Mug: 0.485634
****** Pistol: 0.309528
****** Rocket: 0.227364
****** Skateboard: 0.433640
****** Table: 0.473345
************ Test Loss: 1.221025
************ Class_mIoU: 0.370618
************ Instance_mIoU: 0.408089
[epoch 176] 	 train loss: 0.834841 	 lr: 0.00013
****** Airplane: 0.247248
****** Bag: 0.416696
****** Cap: 0.420087
****** Car: 0.240807
****** Chair: 0.439077
****** Earphone: 0.383529
****** Guitar: 0.308652
****** Knife: 0.351981
****** Lamp: 0.525094
****** Laptop: 0.564523
****** Motorbike: 0.164871
****** Mug: 0.486810
****** Pistol: 0.285504
****** Rocket: 0.229228
****** Skateboard: 0.429381
****** Table: 0.472512
************ Test Loss: 1.151850
************ Class_mIoU: 0.372875
************ Instance_mIoU: 0.409805
[epoch 177] 	 train loss: 0.832097 	 lr: 0.00013
****** Airplane: 0.252809
****** Bag: 0.448347
****** Cap: 0.367445
****** Car: 0.242224
****** Chair: 0.430657
****** Earphone: 0.389947
****** Guitar: 0.272987
****** Knife: 0.369422
****** Lamp: 0.534051
****** Laptop: 0.518291
****** Motorbike: 0.169240
****** Mug: 0.486521
****** Pistol: 0.274107
****** Rocket: 0.226263
****** Skateboard: 0.436980
****** Table: 0.469952
************ Test Loss: 1.105451
************ Class_mIoU: 0.368078
************ Instance_mIoU: 0.405747
[epoch 178] 	 train loss: 0.834054 	 lr: 0.00013
****** Airplane: 0.265887
****** Bag: 0.446865
****** Cap: 0.432358
****** Car: 0.239952
****** Chair: 0.428027
****** Earphone: 0.391542
****** Guitar: 0.292911
****** Knife: 0.377889
****** Lamp: 0.531792
****** Laptop: 0.513479
****** Motorbike: 0.166263
****** Mug: 0.485570
****** Pistol: 0.332737
****** Rocket: 0.229172
****** Skateboard: 0.439434
****** Table: 0.471574
************ Test Loss: 1.024740
************ Class_mIoU: 0.377841
************ Instance_mIoU: 0.409102
[epoch 179] 	 train loss: 0.831561 	 lr: 0.00013
****** Airplane: 0.256872
****** Bag: 0.448138
****** Cap: 0.387732
****** Car: 0.239032
****** Chair: 0.417426
****** Earphone: 0.371462
****** Guitar: 0.265469
****** Knife: 0.384838
****** Lamp: 0.530894
****** Laptop: 0.517440
****** Motorbike: 0.164379
****** Mug: 0.485519
****** Pistol: 0.260077
****** Rocket: 0.228326
****** Skateboard: 0.416819
****** Table: 0.472487
************ Test Loss: 1.088293
************ Class_mIoU: 0.365432
************ Instance_mIoU: 0.402698
[epoch 180] 	 train loss: 0.833675 	 lr: 0.00013
****** Airplane: 0.267623
****** Bag: 0.449620
****** Cap: 0.379593
****** Car: 0.241094
****** Chair: 0.423316
****** Earphone: 0.340808
****** Guitar: 0.276492
****** Knife: 0.337067
****** Lamp: 0.528060
****** Laptop: 0.515751
****** Motorbike: 0.167756
****** Mug: 0.486559
****** Pistol: 0.288867
****** Rocket: 0.227580
****** Skateboard: 0.431406
****** Table: 0.469973
************ Test Loss: 1.155176
************ Class_mIoU: 0.364473
************ Instance_mIoU: 0.404233
