train_partseg.py:37: YAMLLoadWarning: calling yaml.load() without Loader=... is deprecated, as the default Loader is unsafe. Please read https://msg.pyyaml.org/load for full details.
  config = yaml.load(f)

**************************

[workers]: 4

[num_points]: 2048

[num_classes]: 50

[batch_size]: 28

[base_lr]: 0.001

[lr_clip]: 1e-05

[lr_decay]: 0.5

[decay_step]: 50

[epochs]: 500

[weight_decay]: 0

[bn_momentum]: 0.9

[bnm_clip]: 0.01

[bn_decay]: 0.5

[evaluate]: 1

[val_freq_epoch]: 10

[print_freq_iter]: 20

[input_channels]: 0

[relation_prior]: 1

[checkpoint]: 

[save_path]: seg

[data_root]: /media/disk3/pyy/Relation-Shape-CNN/shapenetcore_partanno_segmentation_benchmark_v0_normal

**************************

[epoch   1] 	 train loss: 1.911203 	 lr: 0.00100
****** Airplane: 0.101173
****** Bag: 0.030518
****** Cap: 0.238570
****** Car: 0.063314
****** Chair: 0.209162
****** Earphone: 0.348970
****** Guitar: 0.000000
****** Knife: 0.000000
****** Lamp: 0.322371
****** Laptop: 0.000000
****** Motorbike: 0.034312
****** Mug: 0.013158
****** Pistol: 0.007576
****** Rocket: 0.052341
****** Skateboard: 0.163501
****** Table: 0.231918
************ Test Loss: 1.646736
************ Class_mIoU: 0.113555
************ Instance_mIoU: 0.172872
[epoch   2] 	 train loss: 0.984892 	 lr: 0.00100
****** Airplane: 0.101906
****** Bag: 0.000000
****** Cap: 0.000000
****** Car: 0.063291
****** Chair: 0.209162
****** Earphone: 0.098912
****** Guitar: 0.000000
****** Knife: 0.000000
****** Lamp: 0.321678
****** Laptop: 0.000000
****** Motorbike: 0.113779
****** Mug: 0.013158
****** Pistol: 0.007576
****** Rocket: 0.000000
****** Skateboard: 0.161290
****** Table: 0.232704
************ Test Loss: 25.959529
************ Class_mIoU: 0.082716
************ Instance_mIoU: 0.172009
